:0: UserWarning: You do not have a working installation of the service_identity module: 'No module named 'service_identity''.  Please install it from <https://pypi.python.org/pypi/service_identity> and make sure all of its dependencies are satisfied.  Without the service_identity module, Twisted can perform only rudimentary TLS client hostname verification.  Many valid certificate/hostname mappings may be rejected.
/root/anaconda3/lib/python3.6/site-packages/tensorflow/python/framework/dtypes.py:526: FutureWarning: Passing (type, 1) or '1type' as a synonym of type is deprecated; in a future version of numpy, it will be understood as (type, (1,)) / '(1,)type'.
  _np_qint8 = np.dtype([("qint8", np.int8, 1)])
/root/anaconda3/lib/python3.6/site-packages/tensorflow/python/framework/dtypes.py:527: FutureWarning: Passing (type, 1) or '1type' as a synonym of type is deprecated; in a future version of numpy, it will be understood as (type, (1,)) / '(1,)type'.
  _np_quint8 = np.dtype([("quint8", np.uint8, 1)])
/root/anaconda3/lib/python3.6/site-packages/tensorflow/python/framework/dtypes.py:528: FutureWarning: Passing (type, 1) or '1type' as a synonym of type is deprecated; in a future version of numpy, it will be understood as (type, (1,)) / '(1,)type'.
  _np_qint16 = np.dtype([("qint16", np.int16, 1)])
/root/anaconda3/lib/python3.6/site-packages/tensorflow/python/framework/dtypes.py:529: FutureWarning: Passing (type, 1) or '1type' as a synonym of type is deprecated; in a future version of numpy, it will be understood as (type, (1,)) / '(1,)type'.
  _np_quint16 = np.dtype([("quint16", np.uint16, 1)])
/root/anaconda3/lib/python3.6/site-packages/tensorflow/python/framework/dtypes.py:530: FutureWarning: Passing (type, 1) or '1type' as a synonym of type is deprecated; in a future version of numpy, it will be understood as (type, (1,)) / '(1,)type'.
  _np_qint32 = np.dtype([("qint32", np.int32, 1)])
/root/anaconda3/lib/python3.6/site-packages/tensorflow/python/framework/dtypes.py:535: FutureWarning: Passing (type, 1) or '1type' as a synonym of type is deprecated; in a future version of numpy, it will be understood as (type, (1,)) / '(1,)type'.
  np_resource = np.dtype([("resource", np.ubyte, 1)])
/root/anaconda3/lib/python3.6/site-packages/h5py/__init__.py:36: FutureWarning: Conversion of the second argument of issubdtype from `float` to `np.floating` is deprecated. In future, it will be treated as `np.float64 == np.dtype(float).type`.
  from ._conv import register_converters as _register_converters
/root/anaconda3/lib/python3.6/runpy.py:125: RuntimeWarning: 'rasa_core.run' found in sys.modules after import of package 'rasa_core', but prior to execution of 'rasa_core.run'; this may result in unpredictable behaviour
  warn(RuntimeWarning(msg))
2019-12-25 14:50:07 INFO     root  - Rasa process starting
Traceback (most recent call last):
  File "/root/anaconda3/lib/python3.6/runpy.py", line 193, in _run_module_as_main
    "__main__", mod_spec)
  File "/root/anaconda3/lib/python3.6/runpy.py", line 85, in _run_code
    exec(code, run_globals)
  File "/root/anaconda3/lib/python3.6/site-packages/rasa_core/run.py", line 196, in <module>
    _endpoints.nlu)
  File "/root/anaconda3/lib/python3.6/site-packages/rasa_core/interpreter.py", line 34, in create
    return RasaNLUInterpreter(model_directory=obj)
  File "/root/anaconda3/lib/python3.6/site-packages/rasa_core/interpreter.py", line 234, in __init__
    self._load_interpreter()
  File "/root/anaconda3/lib/python3.6/site-packages/rasa_core/interpreter.py", line 257, in _load_interpreter
    self.interpreter = Interpreter.load(self.model_directory)
  File "/root/anaconda3/lib/python3.6/site-packages/rasa_nlu/model.py", line 304, in load
    skip_validation)
  File "/root/anaconda3/lib/python3.6/site-packages/rasa_nlu/model.py", line 325, in create
    components.validate_requirements(model_metadata.component_classes)
  File "/root/anaconda3/lib/python3.6/site-packages/rasa_nlu/components.py", line 46, in validate_requirements
    "Please install {}".format(", ".join(failed_imports)))
Exception: Not all required packages are installed. To use this pipeline, you need to install the missing dependencies. Please install sklearn_crfsuite
:0: UserWarning: You do not have a working installation of the service_identity module: 'No module named 'service_identity''.  Please install it from <https://pypi.python.org/pypi/service_identity> and make sure all of its dependencies are satisfied.  Without the service_identity module, Twisted can perform only rudimentary TLS client hostname verification.  Many valid certificate/hostname mappings may be rejected.
/root/anaconda3/lib/python3.6/site-packages/tensorflow/python/framework/dtypes.py:526: FutureWarning: Passing (type, 1) or '1type' as a synonym of type is deprecated; in a future version of numpy, it will be understood as (type, (1,)) / '(1,)type'.
  _np_qint8 = np.dtype([("qint8", np.int8, 1)])
/root/anaconda3/lib/python3.6/site-packages/tensorflow/python/framework/dtypes.py:527: FutureWarning: Passing (type, 1) or '1type' as a synonym of type is deprecated; in a future version of numpy, it will be understood as (type, (1,)) / '(1,)type'.
  _np_quint8 = np.dtype([("quint8", np.uint8, 1)])
/root/anaconda3/lib/python3.6/site-packages/tensorflow/python/framework/dtypes.py:528: FutureWarning: Passing (type, 1) or '1type' as a synonym of type is deprecated; in a future version of numpy, it will be understood as (type, (1,)) / '(1,)type'.
  _np_qint16 = np.dtype([("qint16", np.int16, 1)])
/root/anaconda3/lib/python3.6/site-packages/tensorflow/python/framework/dtypes.py:529: FutureWarning: Passing (type, 1) or '1type' as a synonym of type is deprecated; in a future version of numpy, it will be understood as (type, (1,)) / '(1,)type'.
  _np_quint16 = np.dtype([("quint16", np.uint16, 1)])
/root/anaconda3/lib/python3.6/site-packages/tensorflow/python/framework/dtypes.py:530: FutureWarning: Passing (type, 1) or '1type' as a synonym of type is deprecated; in a future version of numpy, it will be understood as (type, (1,)) / '(1,)type'.
  _np_qint32 = np.dtype([("qint32", np.int32, 1)])
/root/anaconda3/lib/python3.6/site-packages/tensorflow/python/framework/dtypes.py:535: FutureWarning: Passing (type, 1) or '1type' as a synonym of type is deprecated; in a future version of numpy, it will be understood as (type, (1,)) / '(1,)type'.
  np_resource = np.dtype([("resource", np.ubyte, 1)])
/root/anaconda3/lib/python3.6/site-packages/h5py/__init__.py:36: FutureWarning: Conversion of the second argument of issubdtype from `float` to `np.floating` is deprecated. In future, it will be treated as `np.float64 == np.dtype(float).type`.
  from ._conv import register_converters as _register_converters
/root/anaconda3/lib/python3.6/runpy.py:125: RuntimeWarning: 'rasa_core.run' found in sys.modules after import of package 'rasa_core', but prior to execution of 'rasa_core.run'; this may result in unpredictable behaviour
  warn(RuntimeWarning(msg))
2019-12-25 14:50:10 INFO     root  - Rasa process starting
Traceback (most recent call last):
  File "/root/anaconda3/lib/python3.6/runpy.py", line 193, in _run_module_as_main
    "__main__", mod_spec)
  File "/root/anaconda3/lib/python3.6/runpy.py", line 85, in _run_code
    exec(code, run_globals)
  File "/root/anaconda3/lib/python3.6/site-packages/rasa_core/run.py", line 196, in <module>
    _endpoints.nlu)
  File "/root/anaconda3/lib/python3.6/site-packages/rasa_core/interpreter.py", line 34, in create
    return RasaNLUInterpreter(model_directory=obj)
  File "/root/anaconda3/lib/python3.6/site-packages/rasa_core/interpreter.py", line 234, in __init__
    self._load_interpreter()
  File "/root/anaconda3/lib/python3.6/site-packages/rasa_core/interpreter.py", line 257, in _load_interpreter
    self.interpreter = Interpreter.load(self.model_directory)
  File "/root/anaconda3/lib/python3.6/site-packages/rasa_nlu/model.py", line 304, in load
    skip_validation)
  File "/root/anaconda3/lib/python3.6/site-packages/rasa_nlu/model.py", line 325, in create
    components.validate_requirements(model_metadata.component_classes)
  File "/root/anaconda3/lib/python3.6/site-packages/rasa_nlu/components.py", line 46, in validate_requirements
    "Please install {}".format(", ".join(failed_imports)))
Exception: Not all required packages are installed. To use this pipeline, you need to install the missing dependencies. Please install sklearn_crfsuite
:0: UserWarning: You do not have a working installation of the service_identity module: 'No module named 'service_identity''.  Please install it from <https://pypi.python.org/pypi/service_identity> and make sure all of its dependencies are satisfied.  Without the service_identity module, Twisted can perform only rudimentary TLS client hostname verification.  Many valid certificate/hostname mappings may be rejected.
/root/anaconda3/lib/python3.6/site-packages/tensorflow/python/framework/dtypes.py:526: FutureWarning: Passing (type, 1) or '1type' as a synonym of type is deprecated; in a future version of numpy, it will be understood as (type, (1,)) / '(1,)type'.
  _np_qint8 = np.dtype([("qint8", np.int8, 1)])
/root/anaconda3/lib/python3.6/site-packages/tensorflow/python/framework/dtypes.py:527: FutureWarning: Passing (type, 1) or '1type' as a synonym of type is deprecated; in a future version of numpy, it will be understood as (type, (1,)) / '(1,)type'.
  _np_quint8 = np.dtype([("quint8", np.uint8, 1)])
/root/anaconda3/lib/python3.6/site-packages/tensorflow/python/framework/dtypes.py:528: FutureWarning: Passing (type, 1) or '1type' as a synonym of type is deprecated; in a future version of numpy, it will be understood as (type, (1,)) / '(1,)type'.
  _np_qint16 = np.dtype([("qint16", np.int16, 1)])
/root/anaconda3/lib/python3.6/site-packages/tensorflow/python/framework/dtypes.py:529: FutureWarning: Passing (type, 1) or '1type' as a synonym of type is deprecated; in a future version of numpy, it will be understood as (type, (1,)) / '(1,)type'.
  _np_quint16 = np.dtype([("quint16", np.uint16, 1)])
/root/anaconda3/lib/python3.6/site-packages/tensorflow/python/framework/dtypes.py:530: FutureWarning: Passing (type, 1) or '1type' as a synonym of type is deprecated; in a future version of numpy, it will be understood as (type, (1,)) / '(1,)type'.
  _np_qint32 = np.dtype([("qint32", np.int32, 1)])
/root/anaconda3/lib/python3.6/site-packages/tensorflow/python/framework/dtypes.py:535: FutureWarning: Passing (type, 1) or '1type' as a synonym of type is deprecated; in a future version of numpy, it will be understood as (type, (1,)) / '(1,)type'.
  np_resource = np.dtype([("resource", np.ubyte, 1)])
/root/anaconda3/lib/python3.6/site-packages/h5py/__init__.py:36: FutureWarning: Conversion of the second argument of issubdtype from `float` to `np.floating` is deprecated. In future, it will be treated as `np.float64 == np.dtype(float).type`.
  from ._conv import register_converters as _register_converters
/root/anaconda3/lib/python3.6/runpy.py:125: RuntimeWarning: 'rasa_core.run' found in sys.modules after import of package 'rasa_core', but prior to execution of 'rasa_core.run'; this may result in unpredictable behaviour
  warn(RuntimeWarning(msg))
2019-12-25 14:50:14 INFO     root  - Rasa process starting
Traceback (most recent call last):
  File "/root/anaconda3/lib/python3.6/runpy.py", line 193, in _run_module_as_main
    "__main__", mod_spec)
  File "/root/anaconda3/lib/python3.6/runpy.py", line 85, in _run_code
    exec(code, run_globals)
  File "/root/anaconda3/lib/python3.6/site-packages/rasa_core/run.py", line 196, in <module>
    _endpoints.nlu)
  File "/root/anaconda3/lib/python3.6/site-packages/rasa_core/interpreter.py", line 34, in create
    return RasaNLUInterpreter(model_directory=obj)
  File "/root/anaconda3/lib/python3.6/site-packages/rasa_core/interpreter.py", line 234, in __init__
    self._load_interpreter()
  File "/root/anaconda3/lib/python3.6/site-packages/rasa_core/interpreter.py", line 257, in _load_interpreter
    self.interpreter = Interpreter.load(self.model_directory)
  File "/root/anaconda3/lib/python3.6/site-packages/rasa_nlu/model.py", line 304, in load
    skip_validation)
  File "/root/anaconda3/lib/python3.6/site-packages/rasa_nlu/model.py", line 325, in create
    components.validate_requirements(model_metadata.component_classes)
  File "/root/anaconda3/lib/python3.6/site-packages/rasa_nlu/components.py", line 46, in validate_requirements
    "Please install {}".format(", ".join(failed_imports)))
Exception: Not all required packages are installed. To use this pipeline, you need to install the missing dependencies. Please install sklearn_crfsuite
:0: UserWarning: You do not have a working installation of the service_identity module: 'No module named 'service_identity''.  Please install it from <https://pypi.python.org/pypi/service_identity> and make sure all of its dependencies are satisfied.  Without the service_identity module, Twisted can perform only rudimentary TLS client hostname verification.  Many valid certificate/hostname mappings may be rejected.
/root/anaconda3/lib/python3.6/site-packages/tensorflow/python/framework/dtypes.py:526: FutureWarning: Passing (type, 1) or '1type' as a synonym of type is deprecated; in a future version of numpy, it will be understood as (type, (1,)) / '(1,)type'.
  _np_qint8 = np.dtype([("qint8", np.int8, 1)])
/root/anaconda3/lib/python3.6/site-packages/tensorflow/python/framework/dtypes.py:527: FutureWarning: Passing (type, 1) or '1type' as a synonym of type is deprecated; in a future version of numpy, it will be understood as (type, (1,)) / '(1,)type'.
  _np_quint8 = np.dtype([("quint8", np.uint8, 1)])
/root/anaconda3/lib/python3.6/site-packages/tensorflow/python/framework/dtypes.py:528: FutureWarning: Passing (type, 1) or '1type' as a synonym of type is deprecated; in a future version of numpy, it will be understood as (type, (1,)) / '(1,)type'.
  _np_qint16 = np.dtype([("qint16", np.int16, 1)])
/root/anaconda3/lib/python3.6/site-packages/tensorflow/python/framework/dtypes.py:529: FutureWarning: Passing (type, 1) or '1type' as a synonym of type is deprecated; in a future version of numpy, it will be understood as (type, (1,)) / '(1,)type'.
  _np_quint16 = np.dtype([("quint16", np.uint16, 1)])
/root/anaconda3/lib/python3.6/site-packages/tensorflow/python/framework/dtypes.py:530: FutureWarning: Passing (type, 1) or '1type' as a synonym of type is deprecated; in a future version of numpy, it will be understood as (type, (1,)) / '(1,)type'.
  _np_qint32 = np.dtype([("qint32", np.int32, 1)])
/root/anaconda3/lib/python3.6/site-packages/tensorflow/python/framework/dtypes.py:535: FutureWarning: Passing (type, 1) or '1type' as a synonym of type is deprecated; in a future version of numpy, it will be understood as (type, (1,)) / '(1,)type'.
  np_resource = np.dtype([("resource", np.ubyte, 1)])
/root/anaconda3/lib/python3.6/site-packages/h5py/__init__.py:36: FutureWarning: Conversion of the second argument of issubdtype from `float` to `np.floating` is deprecated. In future, it will be treated as `np.float64 == np.dtype(float).type`.
  from ._conv import register_converters as _register_converters
/root/anaconda3/lib/python3.6/runpy.py:125: RuntimeWarning: 'rasa_core.run' found in sys.modules after import of package 'rasa_core', but prior to execution of 'rasa_core.run'; this may result in unpredictable behaviour
  warn(RuntimeWarning(msg))
2019-12-25 14:50:17 INFO     root  - Rasa process starting
Traceback (most recent call last):
  File "/root/anaconda3/lib/python3.6/runpy.py", line 193, in _run_module_as_main
    "__main__", mod_spec)
  File "/root/anaconda3/lib/python3.6/runpy.py", line 85, in _run_code
    exec(code, run_globals)
  File "/root/anaconda3/lib/python3.6/site-packages/rasa_core/run.py", line 196, in <module>
    _endpoints.nlu)
  File "/root/anaconda3/lib/python3.6/site-packages/rasa_core/interpreter.py", line 34, in create
    return RasaNLUInterpreter(model_directory=obj)
  File "/root/anaconda3/lib/python3.6/site-packages/rasa_core/interpreter.py", line 234, in __init__
    self._load_interpreter()
  File "/root/anaconda3/lib/python3.6/site-packages/rasa_core/interpreter.py", line 257, in _load_interpreter
    self.interpreter = Interpreter.load(self.model_directory)
  File "/root/anaconda3/lib/python3.6/site-packages/rasa_nlu/model.py", line 304, in load
    skip_validation)
  File "/root/anaconda3/lib/python3.6/site-packages/rasa_nlu/model.py", line 325, in create
    components.validate_requirements(model_metadata.component_classes)
  File "/root/anaconda3/lib/python3.6/site-packages/rasa_nlu/components.py", line 46, in validate_requirements
    "Please install {}".format(", ".join(failed_imports)))
Exception: Not all required packages are installed. To use this pipeline, you need to install the missing dependencies. Please install sklearn_crfsuite
:0: UserWarning: You do not have a working installation of the service_identity module: 'No module named 'service_identity''.  Please install it from <https://pypi.python.org/pypi/service_identity> and make sure all of its dependencies are satisfied.  Without the service_identity module, Twisted can perform only rudimentary TLS client hostname verification.  Many valid certificate/hostname mappings may be rejected.
/root/anaconda3/lib/python3.6/site-packages/tensorflow/python/framework/dtypes.py:526: FutureWarning: Passing (type, 1) or '1type' as a synonym of type is deprecated; in a future version of numpy, it will be understood as (type, (1,)) / '(1,)type'.
  _np_qint8 = np.dtype([("qint8", np.int8, 1)])
/root/anaconda3/lib/python3.6/site-packages/tensorflow/python/framework/dtypes.py:527: FutureWarning: Passing (type, 1) or '1type' as a synonym of type is deprecated; in a future version of numpy, it will be understood as (type, (1,)) / '(1,)type'.
  _np_quint8 = np.dtype([("quint8", np.uint8, 1)])
/root/anaconda3/lib/python3.6/site-packages/tensorflow/python/framework/dtypes.py:528: FutureWarning: Passing (type, 1) or '1type' as a synonym of type is deprecated; in a future version of numpy, it will be understood as (type, (1,)) / '(1,)type'.
  _np_qint16 = np.dtype([("qint16", np.int16, 1)])
/root/anaconda3/lib/python3.6/site-packages/tensorflow/python/framework/dtypes.py:529: FutureWarning: Passing (type, 1) or '1type' as a synonym of type is deprecated; in a future version of numpy, it will be understood as (type, (1,)) / '(1,)type'.
  _np_quint16 = np.dtype([("quint16", np.uint16, 1)])
/root/anaconda3/lib/python3.6/site-packages/tensorflow/python/framework/dtypes.py:530: FutureWarning: Passing (type, 1) or '1type' as a synonym of type is deprecated; in a future version of numpy, it will be understood as (type, (1,)) / '(1,)type'.
  _np_qint32 = np.dtype([("qint32", np.int32, 1)])
/root/anaconda3/lib/python3.6/site-packages/tensorflow/python/framework/dtypes.py:535: FutureWarning: Passing (type, 1) or '1type' as a synonym of type is deprecated; in a future version of numpy, it will be understood as (type, (1,)) / '(1,)type'.
  np_resource = np.dtype([("resource", np.ubyte, 1)])
/root/anaconda3/lib/python3.6/site-packages/h5py/__init__.py:36: FutureWarning: Conversion of the second argument of issubdtype from `float` to `np.floating` is deprecated. In future, it will be treated as `np.float64 == np.dtype(float).type`.
  from ._conv import register_converters as _register_converters
/root/anaconda3/lib/python3.6/runpy.py:125: RuntimeWarning: 'rasa_core.run' found in sys.modules after import of package 'rasa_core', but prior to execution of 'rasa_core.run'; this may result in unpredictable behaviour
  warn(RuntimeWarning(msg))
2019-12-25 14:50:21 INFO     root  - Rasa process starting
Traceback (most recent call last):
  File "/root/anaconda3/lib/python3.6/runpy.py", line 193, in _run_module_as_main
    "__main__", mod_spec)
  File "/root/anaconda3/lib/python3.6/runpy.py", line 85, in _run_code
    exec(code, run_globals)
  File "/root/anaconda3/lib/python3.6/site-packages/rasa_core/run.py", line 196, in <module>
    _endpoints.nlu)
  File "/root/anaconda3/lib/python3.6/site-packages/rasa_core/interpreter.py", line 34, in create
    return RasaNLUInterpreter(model_directory=obj)
  File "/root/anaconda3/lib/python3.6/site-packages/rasa_core/interpreter.py", line 234, in __init__
    self._load_interpreter()
  File "/root/anaconda3/lib/python3.6/site-packages/rasa_core/interpreter.py", line 257, in _load_interpreter
    self.interpreter = Interpreter.load(self.model_directory)
  File "/root/anaconda3/lib/python3.6/site-packages/rasa_nlu/model.py", line 304, in load
    skip_validation)
  File "/root/anaconda3/lib/python3.6/site-packages/rasa_nlu/model.py", line 325, in create
    components.validate_requirements(model_metadata.component_classes)
  File "/root/anaconda3/lib/python3.6/site-packages/rasa_nlu/components.py", line 46, in validate_requirements
    "Please install {}".format(", ".join(failed_imports)))
Exception: Not all required packages are installed. To use this pipeline, you need to install the missing dependencies. Please install sklearn_crfsuite
:0: UserWarning: You do not have a working installation of the service_identity module: 'No module named 'service_identity''.  Please install it from <https://pypi.python.org/pypi/service_identity> and make sure all of its dependencies are satisfied.  Without the service_identity module, Twisted can perform only rudimentary TLS client hostname verification.  Many valid certificate/hostname mappings may be rejected.
/root/anaconda3/lib/python3.6/site-packages/tensorflow/python/framework/dtypes.py:526: FutureWarning: Passing (type, 1) or '1type' as a synonym of type is deprecated; in a future version of numpy, it will be understood as (type, (1,)) / '(1,)type'.
  _np_qint8 = np.dtype([("qint8", np.int8, 1)])
/root/anaconda3/lib/python3.6/site-packages/tensorflow/python/framework/dtypes.py:527: FutureWarning: Passing (type, 1) or '1type' as a synonym of type is deprecated; in a future version of numpy, it will be understood as (type, (1,)) / '(1,)type'.
  _np_quint8 = np.dtype([("quint8", np.uint8, 1)])
/root/anaconda3/lib/python3.6/site-packages/tensorflow/python/framework/dtypes.py:528: FutureWarning: Passing (type, 1) or '1type' as a synonym of type is deprecated; in a future version of numpy, it will be understood as (type, (1,)) / '(1,)type'.
  _np_qint16 = np.dtype([("qint16", np.int16, 1)])
/root/anaconda3/lib/python3.6/site-packages/tensorflow/python/framework/dtypes.py:529: FutureWarning: Passing (type, 1) or '1type' as a synonym of type is deprecated; in a future version of numpy, it will be understood as (type, (1,)) / '(1,)type'.
  _np_quint16 = np.dtype([("quint16", np.uint16, 1)])
/root/anaconda3/lib/python3.6/site-packages/tensorflow/python/framework/dtypes.py:530: FutureWarning: Passing (type, 1) or '1type' as a synonym of type is deprecated; in a future version of numpy, it will be understood as (type, (1,)) / '(1,)type'.
  _np_qint32 = np.dtype([("qint32", np.int32, 1)])
/root/anaconda3/lib/python3.6/site-packages/tensorflow/python/framework/dtypes.py:535: FutureWarning: Passing (type, 1) or '1type' as a synonym of type is deprecated; in a future version of numpy, it will be understood as (type, (1,)) / '(1,)type'.
  np_resource = np.dtype([("resource", np.ubyte, 1)])
/root/anaconda3/lib/python3.6/site-packages/h5py/__init__.py:36: FutureWarning: Conversion of the second argument of issubdtype from `float` to `np.floating` is deprecated. In future, it will be treated as `np.float64 == np.dtype(float).type`.
  from ._conv import register_converters as _register_converters
/root/anaconda3/lib/python3.6/runpy.py:125: RuntimeWarning: 'rasa_core.run' found in sys.modules after import of package 'rasa_core', but prior to execution of 'rasa_core.run'; this may result in unpredictable behaviour
  warn(RuntimeWarning(msg))
2019-12-25 14:50:24 INFO     root  - Rasa process starting
Traceback (most recent call last):
  File "/root/anaconda3/lib/python3.6/runpy.py", line 193, in _run_module_as_main
    "__main__", mod_spec)
  File "/root/anaconda3/lib/python3.6/runpy.py", line 85, in _run_code
    exec(code, run_globals)
  File "/root/anaconda3/lib/python3.6/site-packages/rasa_core/run.py", line 196, in <module>
    _endpoints.nlu)
  File "/root/anaconda3/lib/python3.6/site-packages/rasa_core/interpreter.py", line 34, in create
    return RasaNLUInterpreter(model_directory=obj)
  File "/root/anaconda3/lib/python3.6/site-packages/rasa_core/interpreter.py", line 234, in __init__
    self._load_interpreter()
  File "/root/anaconda3/lib/python3.6/site-packages/rasa_core/interpreter.py", line 257, in _load_interpreter
    self.interpreter = Interpreter.load(self.model_directory)
  File "/root/anaconda3/lib/python3.6/site-packages/rasa_nlu/model.py", line 304, in load
    skip_validation)
  File "/root/anaconda3/lib/python3.6/site-packages/rasa_nlu/model.py", line 325, in create
    components.validate_requirements(model_metadata.component_classes)
  File "/root/anaconda3/lib/python3.6/site-packages/rasa_nlu/components.py", line 46, in validate_requirements
    "Please install {}".format(", ".join(failed_imports)))
Exception: Not all required packages are installed. To use this pipeline, you need to install the missing dependencies. Please install sklearn_crfsuite
:0: UserWarning: You do not have a working installation of the service_identity module: 'No module named 'service_identity''.  Please install it from <https://pypi.python.org/pypi/service_identity> and make sure all of its dependencies are satisfied.  Without the service_identity module, Twisted can perform only rudimentary TLS client hostname verification.  Many valid certificate/hostname mappings may be rejected.
/root/anaconda3/lib/python3.6/site-packages/tensorflow/python/framework/dtypes.py:526: FutureWarning: Passing (type, 1) or '1type' as a synonym of type is deprecated; in a future version of numpy, it will be understood as (type, (1,)) / '(1,)type'.
  _np_qint8 = np.dtype([("qint8", np.int8, 1)])
/root/anaconda3/lib/python3.6/site-packages/tensorflow/python/framework/dtypes.py:527: FutureWarning: Passing (type, 1) or '1type' as a synonym of type is deprecated; in a future version of numpy, it will be understood as (type, (1,)) / '(1,)type'.
  _np_quint8 = np.dtype([("quint8", np.uint8, 1)])
/root/anaconda3/lib/python3.6/site-packages/tensorflow/python/framework/dtypes.py:528: FutureWarning: Passing (type, 1) or '1type' as a synonym of type is deprecated; in a future version of numpy, it will be understood as (type, (1,)) / '(1,)type'.
  _np_qint16 = np.dtype([("qint16", np.int16, 1)])
/root/anaconda3/lib/python3.6/site-packages/tensorflow/python/framework/dtypes.py:529: FutureWarning: Passing (type, 1) or '1type' as a synonym of type is deprecated; in a future version of numpy, it will be understood as (type, (1,)) / '(1,)type'.
  _np_quint16 = np.dtype([("quint16", np.uint16, 1)])
/root/anaconda3/lib/python3.6/site-packages/tensorflow/python/framework/dtypes.py:530: FutureWarning: Passing (type, 1) or '1type' as a synonym of type is deprecated; in a future version of numpy, it will be understood as (type, (1,)) / '(1,)type'.
  _np_qint32 = np.dtype([("qint32", np.int32, 1)])
/root/anaconda3/lib/python3.6/site-packages/tensorflow/python/framework/dtypes.py:535: FutureWarning: Passing (type, 1) or '1type' as a synonym of type is deprecated; in a future version of numpy, it will be understood as (type, (1,)) / '(1,)type'.
  np_resource = np.dtype([("resource", np.ubyte, 1)])
/root/anaconda3/lib/python3.6/site-packages/h5py/__init__.py:36: FutureWarning: Conversion of the second argument of issubdtype from `float` to `np.floating` is deprecated. In future, it will be treated as `np.float64 == np.dtype(float).type`.
  from ._conv import register_converters as _register_converters
/root/anaconda3/lib/python3.6/runpy.py:125: RuntimeWarning: 'rasa_core.run' found in sys.modules after import of package 'rasa_core', but prior to execution of 'rasa_core.run'; this may result in unpredictable behaviour
  warn(RuntimeWarning(msg))
2019-12-25 14:50:28 INFO     root  - Rasa process starting
Traceback (most recent call last):
  File "/root/anaconda3/lib/python3.6/runpy.py", line 193, in _run_module_as_main
    "__main__", mod_spec)
  File "/root/anaconda3/lib/python3.6/runpy.py", line 85, in _run_code
    exec(code, run_globals)
  File "/root/anaconda3/lib/python3.6/site-packages/rasa_core/run.py", line 196, in <module>
    _endpoints.nlu)
  File "/root/anaconda3/lib/python3.6/site-packages/rasa_core/interpreter.py", line 34, in create
    return RasaNLUInterpreter(model_directory=obj)
  File "/root/anaconda3/lib/python3.6/site-packages/rasa_core/interpreter.py", line 234, in __init__
    self._load_interpreter()
  File "/root/anaconda3/lib/python3.6/site-packages/rasa_core/interpreter.py", line 257, in _load_interpreter
    self.interpreter = Interpreter.load(self.model_directory)
  File "/root/anaconda3/lib/python3.6/site-packages/rasa_nlu/model.py", line 304, in load
    skip_validation)
  File "/root/anaconda3/lib/python3.6/site-packages/rasa_nlu/model.py", line 325, in create
    components.validate_requirements(model_metadata.component_classes)
  File "/root/anaconda3/lib/python3.6/site-packages/rasa_nlu/components.py", line 46, in validate_requirements
    "Please install {}".format(", ".join(failed_imports)))
Exception: Not all required packages are installed. To use this pipeline, you need to install the missing dependencies. Please install sklearn_crfsuite
:0: UserWarning: You do not have a working installation of the service_identity module: 'No module named 'service_identity''.  Please install it from <https://pypi.python.org/pypi/service_identity> and make sure all of its dependencies are satisfied.  Without the service_identity module, Twisted can perform only rudimentary TLS client hostname verification.  Many valid certificate/hostname mappings may be rejected.
/root/anaconda3/lib/python3.6/site-packages/tensorflow/python/framework/dtypes.py:526: FutureWarning: Passing (type, 1) or '1type' as a synonym of type is deprecated; in a future version of numpy, it will be understood as (type, (1,)) / '(1,)type'.
  _np_qint8 = np.dtype([("qint8", np.int8, 1)])
/root/anaconda3/lib/python3.6/site-packages/tensorflow/python/framework/dtypes.py:527: FutureWarning: Passing (type, 1) or '1type' as a synonym of type is deprecated; in a future version of numpy, it will be understood as (type, (1,)) / '(1,)type'.
  _np_quint8 = np.dtype([("quint8", np.uint8, 1)])
/root/anaconda3/lib/python3.6/site-packages/tensorflow/python/framework/dtypes.py:528: FutureWarning: Passing (type, 1) or '1type' as a synonym of type is deprecated; in a future version of numpy, it will be understood as (type, (1,)) / '(1,)type'.
  _np_qint16 = np.dtype([("qint16", np.int16, 1)])
/root/anaconda3/lib/python3.6/site-packages/tensorflow/python/framework/dtypes.py:529: FutureWarning: Passing (type, 1) or '1type' as a synonym of type is deprecated; in a future version of numpy, it will be understood as (type, (1,)) / '(1,)type'.
  _np_quint16 = np.dtype([("quint16", np.uint16, 1)])
/root/anaconda3/lib/python3.6/site-packages/tensorflow/python/framework/dtypes.py:530: FutureWarning: Passing (type, 1) or '1type' as a synonym of type is deprecated; in a future version of numpy, it will be understood as (type, (1,)) / '(1,)type'.
  _np_qint32 = np.dtype([("qint32", np.int32, 1)])
/root/anaconda3/lib/python3.6/site-packages/tensorflow/python/framework/dtypes.py:535: FutureWarning: Passing (type, 1) or '1type' as a synonym of type is deprecated; in a future version of numpy, it will be understood as (type, (1,)) / '(1,)type'.
  np_resource = np.dtype([("resource", np.ubyte, 1)])
/root/anaconda3/lib/python3.6/site-packages/h5py/__init__.py:36: FutureWarning: Conversion of the second argument of issubdtype from `float` to `np.floating` is deprecated. In future, it will be treated as `np.float64 == np.dtype(float).type`.
  from ._conv import register_converters as _register_converters
/root/anaconda3/lib/python3.6/runpy.py:125: RuntimeWarning: 'rasa_core.run' found in sys.modules after import of package 'rasa_core', but prior to execution of 'rasa_core.run'; this may result in unpredictable behaviour
  warn(RuntimeWarning(msg))
2019-12-25 14:50:31 INFO     root  - Rasa process starting
Traceback (most recent call last):
  File "/root/anaconda3/lib/python3.6/runpy.py", line 193, in _run_module_as_main
    "__main__", mod_spec)
  File "/root/anaconda3/lib/python3.6/runpy.py", line 85, in _run_code
    exec(code, run_globals)
  File "/root/anaconda3/lib/python3.6/site-packages/rasa_core/run.py", line 196, in <module>
    _endpoints.nlu)
  File "/root/anaconda3/lib/python3.6/site-packages/rasa_core/interpreter.py", line 34, in create
    return RasaNLUInterpreter(model_directory=obj)
  File "/root/anaconda3/lib/python3.6/site-packages/rasa_core/interpreter.py", line 234, in __init__
    self._load_interpreter()
  File "/root/anaconda3/lib/python3.6/site-packages/rasa_core/interpreter.py", line 257, in _load_interpreter
    self.interpreter = Interpreter.load(self.model_directory)
  File "/root/anaconda3/lib/python3.6/site-packages/rasa_nlu/model.py", line 304, in load
    skip_validation)
  File "/root/anaconda3/lib/python3.6/site-packages/rasa_nlu/model.py", line 325, in create
    components.validate_requirements(model_metadata.component_classes)
  File "/root/anaconda3/lib/python3.6/site-packages/rasa_nlu/components.py", line 46, in validate_requirements
    "Please install {}".format(", ".join(failed_imports)))
Exception: Not all required packages are installed. To use this pipeline, you need to install the missing dependencies. Please install sklearn_crfsuite
:0: UserWarning: You do not have a working installation of the service_identity module: 'No module named 'service_identity''.  Please install it from <https://pypi.python.org/pypi/service_identity> and make sure all of its dependencies are satisfied.  Without the service_identity module, Twisted can perform only rudimentary TLS client hostname verification.  Many valid certificate/hostname mappings may be rejected.
/root/anaconda3/lib/python3.6/site-packages/tensorflow/python/framework/dtypes.py:526: FutureWarning: Passing (type, 1) or '1type' as a synonym of type is deprecated; in a future version of numpy, it will be understood as (type, (1,)) / '(1,)type'.
  _np_qint8 = np.dtype([("qint8", np.int8, 1)])
/root/anaconda3/lib/python3.6/site-packages/tensorflow/python/framework/dtypes.py:527: FutureWarning: Passing (type, 1) or '1type' as a synonym of type is deprecated; in a future version of numpy, it will be understood as (type, (1,)) / '(1,)type'.
  _np_quint8 = np.dtype([("quint8", np.uint8, 1)])
/root/anaconda3/lib/python3.6/site-packages/tensorflow/python/framework/dtypes.py:528: FutureWarning: Passing (type, 1) or '1type' as a synonym of type is deprecated; in a future version of numpy, it will be understood as (type, (1,)) / '(1,)type'.
  _np_qint16 = np.dtype([("qint16", np.int16, 1)])
/root/anaconda3/lib/python3.6/site-packages/tensorflow/python/framework/dtypes.py:529: FutureWarning: Passing (type, 1) or '1type' as a synonym of type is deprecated; in a future version of numpy, it will be understood as (type, (1,)) / '(1,)type'.
  _np_quint16 = np.dtype([("quint16", np.uint16, 1)])
/root/anaconda3/lib/python3.6/site-packages/tensorflow/python/framework/dtypes.py:530: FutureWarning: Passing (type, 1) or '1type' as a synonym of type is deprecated; in a future version of numpy, it will be understood as (type, (1,)) / '(1,)type'.
  _np_qint32 = np.dtype([("qint32", np.int32, 1)])
/root/anaconda3/lib/python3.6/site-packages/tensorflow/python/framework/dtypes.py:535: FutureWarning: Passing (type, 1) or '1type' as a synonym of type is deprecated; in a future version of numpy, it will be understood as (type, (1,)) / '(1,)type'.
  np_resource = np.dtype([("resource", np.ubyte, 1)])
/root/anaconda3/lib/python3.6/site-packages/h5py/__init__.py:36: FutureWarning: Conversion of the second argument of issubdtype from `float` to `np.floating` is deprecated. In future, it will be treated as `np.float64 == np.dtype(float).type`.
  from ._conv import register_converters as _register_converters
/root/anaconda3/lib/python3.6/runpy.py:125: RuntimeWarning: 'rasa_core.run' found in sys.modules after import of package 'rasa_core', but prior to execution of 'rasa_core.run'; this may result in unpredictable behaviour
  warn(RuntimeWarning(msg))
2019-12-25 14:50:34 INFO     root  - Rasa process starting
Traceback (most recent call last):
  File "/root/anaconda3/lib/python3.6/runpy.py", line 193, in _run_module_as_main
    "__main__", mod_spec)
  File "/root/anaconda3/lib/python3.6/runpy.py", line 85, in _run_code
    exec(code, run_globals)
  File "/root/anaconda3/lib/python3.6/site-packages/rasa_core/run.py", line 196, in <module>
    _endpoints.nlu)
  File "/root/anaconda3/lib/python3.6/site-packages/rasa_core/interpreter.py", line 34, in create
    return RasaNLUInterpreter(model_directory=obj)
  File "/root/anaconda3/lib/python3.6/site-packages/rasa_core/interpreter.py", line 234, in __init__
    self._load_interpreter()
  File "/root/anaconda3/lib/python3.6/site-packages/rasa_core/interpreter.py", line 257, in _load_interpreter
    self.interpreter = Interpreter.load(self.model_directory)
  File "/root/anaconda3/lib/python3.6/site-packages/rasa_nlu/model.py", line 304, in load
    skip_validation)
  File "/root/anaconda3/lib/python3.6/site-packages/rasa_nlu/model.py", line 325, in create
    components.validate_requirements(model_metadata.component_classes)
  File "/root/anaconda3/lib/python3.6/site-packages/rasa_nlu/components.py", line 46, in validate_requirements
    "Please install {}".format(", ".join(failed_imports)))
Exception: Not all required packages are installed. To use this pipeline, you need to install the missing dependencies. Please install sklearn_crfsuite
:0: UserWarning: You do not have a working installation of the service_identity module: 'No module named 'service_identity''.  Please install it from <https://pypi.python.org/pypi/service_identity> and make sure all of its dependencies are satisfied.  Without the service_identity module, Twisted can perform only rudimentary TLS client hostname verification.  Many valid certificate/hostname mappings may be rejected.
/root/anaconda3/lib/python3.6/site-packages/tensorflow/python/framework/dtypes.py:526: FutureWarning: Passing (type, 1) or '1type' as a synonym of type is deprecated; in a future version of numpy, it will be understood as (type, (1,)) / '(1,)type'.
  _np_qint8 = np.dtype([("qint8", np.int8, 1)])
/root/anaconda3/lib/python3.6/site-packages/tensorflow/python/framework/dtypes.py:527: FutureWarning: Passing (type, 1) or '1type' as a synonym of type is deprecated; in a future version of numpy, it will be understood as (type, (1,)) / '(1,)type'.
  _np_quint8 = np.dtype([("quint8", np.uint8, 1)])
/root/anaconda3/lib/python3.6/site-packages/tensorflow/python/framework/dtypes.py:528: FutureWarning: Passing (type, 1) or '1type' as a synonym of type is deprecated; in a future version of numpy, it will be understood as (type, (1,)) / '(1,)type'.
  _np_qint16 = np.dtype([("qint16", np.int16, 1)])
/root/anaconda3/lib/python3.6/site-packages/tensorflow/python/framework/dtypes.py:529: FutureWarning: Passing (type, 1) or '1type' as a synonym of type is deprecated; in a future version of numpy, it will be understood as (type, (1,)) / '(1,)type'.
  _np_quint16 = np.dtype([("quint16", np.uint16, 1)])
/root/anaconda3/lib/python3.6/site-packages/tensorflow/python/framework/dtypes.py:530: FutureWarning: Passing (type, 1) or '1type' as a synonym of type is deprecated; in a future version of numpy, it will be understood as (type, (1,)) / '(1,)type'.
  _np_qint32 = np.dtype([("qint32", np.int32, 1)])
/root/anaconda3/lib/python3.6/site-packages/tensorflow/python/framework/dtypes.py:535: FutureWarning: Passing (type, 1) or '1type' as a synonym of type is deprecated; in a future version of numpy, it will be understood as (type, (1,)) / '(1,)type'.
  np_resource = np.dtype([("resource", np.ubyte, 1)])
/root/anaconda3/lib/python3.6/site-packages/h5py/__init__.py:36: FutureWarning: Conversion of the second argument of issubdtype from `float` to `np.floating` is deprecated. In future, it will be treated as `np.float64 == np.dtype(float).type`.
  from ._conv import register_converters as _register_converters
/root/anaconda3/lib/python3.6/runpy.py:125: RuntimeWarning: 'rasa_core.run' found in sys.modules after import of package 'rasa_core', but prior to execution of 'rasa_core.run'; this may result in unpredictable behaviour
  warn(RuntimeWarning(msg))
2019-12-25 14:50:38 INFO     root  - Rasa process starting
Traceback (most recent call last):
  File "/root/anaconda3/lib/python3.6/runpy.py", line 193, in _run_module_as_main
    "__main__", mod_spec)
  File "/root/anaconda3/lib/python3.6/runpy.py", line 85, in _run_code
    exec(code, run_globals)
  File "/root/anaconda3/lib/python3.6/site-packages/rasa_core/run.py", line 196, in <module>
    _endpoints.nlu)
  File "/root/anaconda3/lib/python3.6/site-packages/rasa_core/interpreter.py", line 34, in create
    return RasaNLUInterpreter(model_directory=obj)
  File "/root/anaconda3/lib/python3.6/site-packages/rasa_core/interpreter.py", line 234, in __init__
    self._load_interpreter()
  File "/root/anaconda3/lib/python3.6/site-packages/rasa_core/interpreter.py", line 257, in _load_interpreter
    self.interpreter = Interpreter.load(self.model_directory)
  File "/root/anaconda3/lib/python3.6/site-packages/rasa_nlu/model.py", line 304, in load
    skip_validation)
  File "/root/anaconda3/lib/python3.6/site-packages/rasa_nlu/model.py", line 325, in create
    components.validate_requirements(model_metadata.component_classes)
  File "/root/anaconda3/lib/python3.6/site-packages/rasa_nlu/components.py", line 46, in validate_requirements
    "Please install {}".format(", ".join(failed_imports)))
Exception: Not all required packages are installed. To use this pipeline, you need to install the missing dependencies. Please install sklearn_crfsuite
:0: UserWarning: You do not have a working installation of the service_identity module: 'No module named 'service_identity''.  Please install it from <https://pypi.python.org/pypi/service_identity> and make sure all of its dependencies are satisfied.  Without the service_identity module, Twisted can perform only rudimentary TLS client hostname verification.  Many valid certificate/hostname mappings may be rejected.
/root/anaconda3/lib/python3.6/site-packages/tensorflow/python/framework/dtypes.py:526: FutureWarning: Passing (type, 1) or '1type' as a synonym of type is deprecated; in a future version of numpy, it will be understood as (type, (1,)) / '(1,)type'.
  _np_qint8 = np.dtype([("qint8", np.int8, 1)])
/root/anaconda3/lib/python3.6/site-packages/tensorflow/python/framework/dtypes.py:527: FutureWarning: Passing (type, 1) or '1type' as a synonym of type is deprecated; in a future version of numpy, it will be understood as (type, (1,)) / '(1,)type'.
  _np_quint8 = np.dtype([("quint8", np.uint8, 1)])
/root/anaconda3/lib/python3.6/site-packages/tensorflow/python/framework/dtypes.py:528: FutureWarning: Passing (type, 1) or '1type' as a synonym of type is deprecated; in a future version of numpy, it will be understood as (type, (1,)) / '(1,)type'.
  _np_qint16 = np.dtype([("qint16", np.int16, 1)])
/root/anaconda3/lib/python3.6/site-packages/tensorflow/python/framework/dtypes.py:529: FutureWarning: Passing (type, 1) or '1type' as a synonym of type is deprecated; in a future version of numpy, it will be understood as (type, (1,)) / '(1,)type'.
  _np_quint16 = np.dtype([("quint16", np.uint16, 1)])
/root/anaconda3/lib/python3.6/site-packages/tensorflow/python/framework/dtypes.py:530: FutureWarning: Passing (type, 1) or '1type' as a synonym of type is deprecated; in a future version of numpy, it will be understood as (type, (1,)) / '(1,)type'.
  _np_qint32 = np.dtype([("qint32", np.int32, 1)])
/root/anaconda3/lib/python3.6/site-packages/tensorflow/python/framework/dtypes.py:535: FutureWarning: Passing (type, 1) or '1type' as a synonym of type is deprecated; in a future version of numpy, it will be understood as (type, (1,)) / '(1,)type'.
  np_resource = np.dtype([("resource", np.ubyte, 1)])
/root/anaconda3/lib/python3.6/site-packages/h5py/__init__.py:36: FutureWarning: Conversion of the second argument of issubdtype from `float` to `np.floating` is deprecated. In future, it will be treated as `np.float64 == np.dtype(float).type`.
  from ._conv import register_converters as _register_converters
/root/anaconda3/lib/python3.6/runpy.py:125: RuntimeWarning: 'rasa_core.run' found in sys.modules after import of package 'rasa_core', but prior to execution of 'rasa_core.run'; this may result in unpredictable behaviour
  warn(RuntimeWarning(msg))
2019-12-25 14:50:41 INFO     root  - Rasa process starting
Traceback (most recent call last):
  File "/root/anaconda3/lib/python3.6/runpy.py", line 193, in _run_module_as_main
    "__main__", mod_spec)
  File "/root/anaconda3/lib/python3.6/runpy.py", line 85, in _run_code
    exec(code, run_globals)
  File "/root/anaconda3/lib/python3.6/site-packages/rasa_core/run.py", line 196, in <module>
    _endpoints.nlu)
  File "/root/anaconda3/lib/python3.6/site-packages/rasa_core/interpreter.py", line 34, in create
    return RasaNLUInterpreter(model_directory=obj)
  File "/root/anaconda3/lib/python3.6/site-packages/rasa_core/interpreter.py", line 234, in __init__
    self._load_interpreter()
  File "/root/anaconda3/lib/python3.6/site-packages/rasa_core/interpreter.py", line 257, in _load_interpreter
    self.interpreter = Interpreter.load(self.model_directory)
  File "/root/anaconda3/lib/python3.6/site-packages/rasa_nlu/model.py", line 304, in load
    skip_validation)
  File "/root/anaconda3/lib/python3.6/site-packages/rasa_nlu/model.py", line 325, in create
    components.validate_requirements(model_metadata.component_classes)
  File "/root/anaconda3/lib/python3.6/site-packages/rasa_nlu/components.py", line 46, in validate_requirements
    "Please install {}".format(", ".join(failed_imports)))
Exception: Not all required packages are installed. To use this pipeline, you need to install the missing dependencies. Please install sklearn_crfsuite
:0: UserWarning: You do not have a working installation of the service_identity module: 'No module named 'service_identity''.  Please install it from <https://pypi.python.org/pypi/service_identity> and make sure all of its dependencies are satisfied.  Without the service_identity module, Twisted can perform only rudimentary TLS client hostname verification.  Many valid certificate/hostname mappings may be rejected.
/root/anaconda3/lib/python3.6/site-packages/tensorflow/python/framework/dtypes.py:526: FutureWarning: Passing (type, 1) or '1type' as a synonym of type is deprecated; in a future version of numpy, it will be understood as (type, (1,)) / '(1,)type'.
  _np_qint8 = np.dtype([("qint8", np.int8, 1)])
/root/anaconda3/lib/python3.6/site-packages/tensorflow/python/framework/dtypes.py:527: FutureWarning: Passing (type, 1) or '1type' as a synonym of type is deprecated; in a future version of numpy, it will be understood as (type, (1,)) / '(1,)type'.
  _np_quint8 = np.dtype([("quint8", np.uint8, 1)])
/root/anaconda3/lib/python3.6/site-packages/tensorflow/python/framework/dtypes.py:528: FutureWarning: Passing (type, 1) or '1type' as a synonym of type is deprecated; in a future version of numpy, it will be understood as (type, (1,)) / '(1,)type'.
  _np_qint16 = np.dtype([("qint16", np.int16, 1)])
/root/anaconda3/lib/python3.6/site-packages/tensorflow/python/framework/dtypes.py:529: FutureWarning: Passing (type, 1) or '1type' as a synonym of type is deprecated; in a future version of numpy, it will be understood as (type, (1,)) / '(1,)type'.
  _np_quint16 = np.dtype([("quint16", np.uint16, 1)])
/root/anaconda3/lib/python3.6/site-packages/tensorflow/python/framework/dtypes.py:530: FutureWarning: Passing (type, 1) or '1type' as a synonym of type is deprecated; in a future version of numpy, it will be understood as (type, (1,)) / '(1,)type'.
  _np_qint32 = np.dtype([("qint32", np.int32, 1)])
/root/anaconda3/lib/python3.6/site-packages/tensorflow/python/framework/dtypes.py:535: FutureWarning: Passing (type, 1) or '1type' as a synonym of type is deprecated; in a future version of numpy, it will be understood as (type, (1,)) / '(1,)type'.
  np_resource = np.dtype([("resource", np.ubyte, 1)])
/root/anaconda3/lib/python3.6/site-packages/h5py/__init__.py:36: FutureWarning: Conversion of the second argument of issubdtype from `float` to `np.floating` is deprecated. In future, it will be treated as `np.float64 == np.dtype(float).type`.
  from ._conv import register_converters as _register_converters
/root/anaconda3/lib/python3.6/runpy.py:125: RuntimeWarning: 'rasa_core.run' found in sys.modules after import of package 'rasa_core', but prior to execution of 'rasa_core.run'; this may result in unpredictable behaviour
  warn(RuntimeWarning(msg))
2019-12-25 14:50:45 INFO     root  - Rasa process starting
Traceback (most recent call last):
  File "/root/anaconda3/lib/python3.6/runpy.py", line 193, in _run_module_as_main
    "__main__", mod_spec)
  File "/root/anaconda3/lib/python3.6/runpy.py", line 85, in _run_code
    exec(code, run_globals)
  File "/root/anaconda3/lib/python3.6/site-packages/rasa_core/run.py", line 196, in <module>
    _endpoints.nlu)
  File "/root/anaconda3/lib/python3.6/site-packages/rasa_core/interpreter.py", line 34, in create
    return RasaNLUInterpreter(model_directory=obj)
  File "/root/anaconda3/lib/python3.6/site-packages/rasa_core/interpreter.py", line 234, in __init__
    self._load_interpreter()
  File "/root/anaconda3/lib/python3.6/site-packages/rasa_core/interpreter.py", line 257, in _load_interpreter
    self.interpreter = Interpreter.load(self.model_directory)
  File "/root/anaconda3/lib/python3.6/site-packages/rasa_nlu/model.py", line 304, in load
    skip_validation)
  File "/root/anaconda3/lib/python3.6/site-packages/rasa_nlu/model.py", line 325, in create
    components.validate_requirements(model_metadata.component_classes)
  File "/root/anaconda3/lib/python3.6/site-packages/rasa_nlu/components.py", line 46, in validate_requirements
    "Please install {}".format(", ".join(failed_imports)))
Exception: Not all required packages are installed. To use this pipeline, you need to install the missing dependencies. Please install sklearn_crfsuite
:0: UserWarning: You do not have a working installation of the service_identity module: 'No module named 'service_identity''.  Please install it from <https://pypi.python.org/pypi/service_identity> and make sure all of its dependencies are satisfied.  Without the service_identity module, Twisted can perform only rudimentary TLS client hostname verification.  Many valid certificate/hostname mappings may be rejected.
/root/anaconda3/lib/python3.6/site-packages/tensorflow/python/framework/dtypes.py:526: FutureWarning: Passing (type, 1) or '1type' as a synonym of type is deprecated; in a future version of numpy, it will be understood as (type, (1,)) / '(1,)type'.
  _np_qint8 = np.dtype([("qint8", np.int8, 1)])
/root/anaconda3/lib/python3.6/site-packages/tensorflow/python/framework/dtypes.py:527: FutureWarning: Passing (type, 1) or '1type' as a synonym of type is deprecated; in a future version of numpy, it will be understood as (type, (1,)) / '(1,)type'.
  _np_quint8 = np.dtype([("quint8", np.uint8, 1)])
/root/anaconda3/lib/python3.6/site-packages/tensorflow/python/framework/dtypes.py:528: FutureWarning: Passing (type, 1) or '1type' as a synonym of type is deprecated; in a future version of numpy, it will be understood as (type, (1,)) / '(1,)type'.
  _np_qint16 = np.dtype([("qint16", np.int16, 1)])
/root/anaconda3/lib/python3.6/site-packages/tensorflow/python/framework/dtypes.py:529: FutureWarning: Passing (type, 1) or '1type' as a synonym of type is deprecated; in a future version of numpy, it will be understood as (type, (1,)) / '(1,)type'.
  _np_quint16 = np.dtype([("quint16", np.uint16, 1)])
/root/anaconda3/lib/python3.6/site-packages/tensorflow/python/framework/dtypes.py:530: FutureWarning: Passing (type, 1) or '1type' as a synonym of type is deprecated; in a future version of numpy, it will be understood as (type, (1,)) / '(1,)type'.
  _np_qint32 = np.dtype([("qint32", np.int32, 1)])
/root/anaconda3/lib/python3.6/site-packages/tensorflow/python/framework/dtypes.py:535: FutureWarning: Passing (type, 1) or '1type' as a synonym of type is deprecated; in a future version of numpy, it will be understood as (type, (1,)) / '(1,)type'.
  np_resource = np.dtype([("resource", np.ubyte, 1)])
/root/anaconda3/lib/python3.6/site-packages/h5py/__init__.py:36: FutureWarning: Conversion of the second argument of issubdtype from `float` to `np.floating` is deprecated. In future, it will be treated as `np.float64 == np.dtype(float).type`.
  from ._conv import register_converters as _register_converters
/root/anaconda3/lib/python3.6/runpy.py:125: RuntimeWarning: 'rasa_core.run' found in sys.modules after import of package 'rasa_core', but prior to execution of 'rasa_core.run'; this may result in unpredictable behaviour
  warn(RuntimeWarning(msg))
2019-12-25 14:50:48 INFO     root  - Rasa process starting
Traceback (most recent call last):
  File "/root/anaconda3/lib/python3.6/runpy.py", line 193, in _run_module_as_main
    "__main__", mod_spec)
  File "/root/anaconda3/lib/python3.6/runpy.py", line 85, in _run_code
    exec(code, run_globals)
  File "/root/anaconda3/lib/python3.6/site-packages/rasa_core/run.py", line 196, in <module>
    _endpoints.nlu)
  File "/root/anaconda3/lib/python3.6/site-packages/rasa_core/interpreter.py", line 34, in create
    return RasaNLUInterpreter(model_directory=obj)
  File "/root/anaconda3/lib/python3.6/site-packages/rasa_core/interpreter.py", line 234, in __init__
    self._load_interpreter()
  File "/root/anaconda3/lib/python3.6/site-packages/rasa_core/interpreter.py", line 257, in _load_interpreter
    self.interpreter = Interpreter.load(self.model_directory)
  File "/root/anaconda3/lib/python3.6/site-packages/rasa_nlu/model.py", line 304, in load
    skip_validation)
  File "/root/anaconda3/lib/python3.6/site-packages/rasa_nlu/model.py", line 325, in create
    components.validate_requirements(model_metadata.component_classes)
  File "/root/anaconda3/lib/python3.6/site-packages/rasa_nlu/components.py", line 46, in validate_requirements
    "Please install {}".format(", ".join(failed_imports)))
Exception: Not all required packages are installed. To use this pipeline, you need to install the missing dependencies. Please install sklearn_crfsuite
:0: UserWarning: You do not have a working installation of the service_identity module: 'No module named 'service_identity''.  Please install it from <https://pypi.python.org/pypi/service_identity> and make sure all of its dependencies are satisfied.  Without the service_identity module, Twisted can perform only rudimentary TLS client hostname verification.  Many valid certificate/hostname mappings may be rejected.
/root/anaconda3/lib/python3.6/site-packages/tensorflow/python/framework/dtypes.py:526: FutureWarning: Passing (type, 1) or '1type' as a synonym of type is deprecated; in a future version of numpy, it will be understood as (type, (1,)) / '(1,)type'.
  _np_qint8 = np.dtype([("qint8", np.int8, 1)])
/root/anaconda3/lib/python3.6/site-packages/tensorflow/python/framework/dtypes.py:527: FutureWarning: Passing (type, 1) or '1type' as a synonym of type is deprecated; in a future version of numpy, it will be understood as (type, (1,)) / '(1,)type'.
  _np_quint8 = np.dtype([("quint8", np.uint8, 1)])
/root/anaconda3/lib/python3.6/site-packages/tensorflow/python/framework/dtypes.py:528: FutureWarning: Passing (type, 1) or '1type' as a synonym of type is deprecated; in a future version of numpy, it will be understood as (type, (1,)) / '(1,)type'.
  _np_qint16 = np.dtype([("qint16", np.int16, 1)])
/root/anaconda3/lib/python3.6/site-packages/tensorflow/python/framework/dtypes.py:529: FutureWarning: Passing (type, 1) or '1type' as a synonym of type is deprecated; in a future version of numpy, it will be understood as (type, (1,)) / '(1,)type'.
  _np_quint16 = np.dtype([("quint16", np.uint16, 1)])
/root/anaconda3/lib/python3.6/site-packages/tensorflow/python/framework/dtypes.py:530: FutureWarning: Passing (type, 1) or '1type' as a synonym of type is deprecated; in a future version of numpy, it will be understood as (type, (1,)) / '(1,)type'.
  _np_qint32 = np.dtype([("qint32", np.int32, 1)])
/root/anaconda3/lib/python3.6/site-packages/tensorflow/python/framework/dtypes.py:535: FutureWarning: Passing (type, 1) or '1type' as a synonym of type is deprecated; in a future version of numpy, it will be understood as (type, (1,)) / '(1,)type'.
  np_resource = np.dtype([("resource", np.ubyte, 1)])
/root/anaconda3/lib/python3.6/site-packages/h5py/__init__.py:36: FutureWarning: Conversion of the second argument of issubdtype from `float` to `np.floating` is deprecated. In future, it will be treated as `np.float64 == np.dtype(float).type`.
  from ._conv import register_converters as _register_converters
/root/anaconda3/lib/python3.6/runpy.py:125: RuntimeWarning: 'rasa_core.run' found in sys.modules after import of package 'rasa_core', but prior to execution of 'rasa_core.run'; this may result in unpredictable behaviour
  warn(RuntimeWarning(msg))
2019-12-25 14:50:51 INFO     root  - Rasa process starting
Traceback (most recent call last):
  File "/root/anaconda3/lib/python3.6/runpy.py", line 193, in _run_module_as_main
    "__main__", mod_spec)
  File "/root/anaconda3/lib/python3.6/runpy.py", line 85, in _run_code
    exec(code, run_globals)
  File "/root/anaconda3/lib/python3.6/site-packages/rasa_core/run.py", line 196, in <module>
    _endpoints.nlu)
  File "/root/anaconda3/lib/python3.6/site-packages/rasa_core/interpreter.py", line 34, in create
    return RasaNLUInterpreter(model_directory=obj)
  File "/root/anaconda3/lib/python3.6/site-packages/rasa_core/interpreter.py", line 234, in __init__
    self._load_interpreter()
  File "/root/anaconda3/lib/python3.6/site-packages/rasa_core/interpreter.py", line 257, in _load_interpreter
    self.interpreter = Interpreter.load(self.model_directory)
  File "/root/anaconda3/lib/python3.6/site-packages/rasa_nlu/model.py", line 304, in load
    skip_validation)
  File "/root/anaconda3/lib/python3.6/site-packages/rasa_nlu/model.py", line 325, in create
    components.validate_requirements(model_metadata.component_classes)
  File "/root/anaconda3/lib/python3.6/site-packages/rasa_nlu/components.py", line 46, in validate_requirements
    "Please install {}".format(", ".join(failed_imports)))
Exception: Not all required packages are installed. To use this pipeline, you need to install the missing dependencies. Please install sklearn_crfsuite
:0: UserWarning: You do not have a working installation of the service_identity module: 'No module named 'service_identity''.  Please install it from <https://pypi.python.org/pypi/service_identity> and make sure all of its dependencies are satisfied.  Without the service_identity module, Twisted can perform only rudimentary TLS client hostname verification.  Many valid certificate/hostname mappings may be rejected.
/root/anaconda3/lib/python3.6/site-packages/tensorflow/python/framework/dtypes.py:526: FutureWarning: Passing (type, 1) or '1type' as a synonym of type is deprecated; in a future version of numpy, it will be understood as (type, (1,)) / '(1,)type'.
  _np_qint8 = np.dtype([("qint8", np.int8, 1)])
/root/anaconda3/lib/python3.6/site-packages/tensorflow/python/framework/dtypes.py:527: FutureWarning: Passing (type, 1) or '1type' as a synonym of type is deprecated; in a future version of numpy, it will be understood as (type, (1,)) / '(1,)type'.
  _np_quint8 = np.dtype([("quint8", np.uint8, 1)])
/root/anaconda3/lib/python3.6/site-packages/tensorflow/python/framework/dtypes.py:528: FutureWarning: Passing (type, 1) or '1type' as a synonym of type is deprecated; in a future version of numpy, it will be understood as (type, (1,)) / '(1,)type'.
  _np_qint16 = np.dtype([("qint16", np.int16, 1)])
/root/anaconda3/lib/python3.6/site-packages/tensorflow/python/framework/dtypes.py:529: FutureWarning: Passing (type, 1) or '1type' as a synonym of type is deprecated; in a future version of numpy, it will be understood as (type, (1,)) / '(1,)type'.
  _np_quint16 = np.dtype([("quint16", np.uint16, 1)])
/root/anaconda3/lib/python3.6/site-packages/tensorflow/python/framework/dtypes.py:530: FutureWarning: Passing (type, 1) or '1type' as a synonym of type is deprecated; in a future version of numpy, it will be understood as (type, (1,)) / '(1,)type'.
  _np_qint32 = np.dtype([("qint32", np.int32, 1)])
/root/anaconda3/lib/python3.6/site-packages/tensorflow/python/framework/dtypes.py:535: FutureWarning: Passing (type, 1) or '1type' as a synonym of type is deprecated; in a future version of numpy, it will be understood as (type, (1,)) / '(1,)type'.
  np_resource = np.dtype([("resource", np.ubyte, 1)])
/root/anaconda3/lib/python3.6/site-packages/h5py/__init__.py:36: FutureWarning: Conversion of the second argument of issubdtype from `float` to `np.floating` is deprecated. In future, it will be treated as `np.float64 == np.dtype(float).type`.
  from ._conv import register_converters as _register_converters
/root/anaconda3/lib/python3.6/runpy.py:125: RuntimeWarning: 'rasa_core.run' found in sys.modules after import of package 'rasa_core', but prior to execution of 'rasa_core.run'; this may result in unpredictable behaviour
  warn(RuntimeWarning(msg))
2019-12-25 14:50:54 INFO     root  - Rasa process starting
Traceback (most recent call last):
  File "/root/anaconda3/lib/python3.6/runpy.py", line 193, in _run_module_as_main
    "__main__", mod_spec)
  File "/root/anaconda3/lib/python3.6/runpy.py", line 85, in _run_code
    exec(code, run_globals)
  File "/root/anaconda3/lib/python3.6/site-packages/rasa_core/run.py", line 196, in <module>
    _endpoints.nlu)
  File "/root/anaconda3/lib/python3.6/site-packages/rasa_core/interpreter.py", line 34, in create
    return RasaNLUInterpreter(model_directory=obj)
  File "/root/anaconda3/lib/python3.6/site-packages/rasa_core/interpreter.py", line 234, in __init__
    self._load_interpreter()
  File "/root/anaconda3/lib/python3.6/site-packages/rasa_core/interpreter.py", line 257, in _load_interpreter
    self.interpreter = Interpreter.load(self.model_directory)
  File "/root/anaconda3/lib/python3.6/site-packages/rasa_nlu/model.py", line 304, in load
    skip_validation)
  File "/root/anaconda3/lib/python3.6/site-packages/rasa_nlu/model.py", line 325, in create
    components.validate_requirements(model_metadata.component_classes)
  File "/root/anaconda3/lib/python3.6/site-packages/rasa_nlu/components.py", line 46, in validate_requirements
    "Please install {}".format(", ".join(failed_imports)))
Exception: Not all required packages are installed. To use this pipeline, you need to install the missing dependencies. Please install sklearn_crfsuite
:0: UserWarning: You do not have a working installation of the service_identity module: 'No module named 'service_identity''.  Please install it from <https://pypi.python.org/pypi/service_identity> and make sure all of its dependencies are satisfied.  Without the service_identity module, Twisted can perform only rudimentary TLS client hostname verification.  Many valid certificate/hostname mappings may be rejected.
/root/anaconda3/lib/python3.6/site-packages/tensorflow/python/framework/dtypes.py:526: FutureWarning: Passing (type, 1) or '1type' as a synonym of type is deprecated; in a future version of numpy, it will be understood as (type, (1,)) / '(1,)type'.
  _np_qint8 = np.dtype([("qint8", np.int8, 1)])
/root/anaconda3/lib/python3.6/site-packages/tensorflow/python/framework/dtypes.py:527: FutureWarning: Passing (type, 1) or '1type' as a synonym of type is deprecated; in a future version of numpy, it will be understood as (type, (1,)) / '(1,)type'.
  _np_quint8 = np.dtype([("quint8", np.uint8, 1)])
/root/anaconda3/lib/python3.6/site-packages/tensorflow/python/framework/dtypes.py:528: FutureWarning: Passing (type, 1) or '1type' as a synonym of type is deprecated; in a future version of numpy, it will be understood as (type, (1,)) / '(1,)type'.
  _np_qint16 = np.dtype([("qint16", np.int16, 1)])
/root/anaconda3/lib/python3.6/site-packages/tensorflow/python/framework/dtypes.py:529: FutureWarning: Passing (type, 1) or '1type' as a synonym of type is deprecated; in a future version of numpy, it will be understood as (type, (1,)) / '(1,)type'.
  _np_quint16 = np.dtype([("quint16", np.uint16, 1)])
/root/anaconda3/lib/python3.6/site-packages/tensorflow/python/framework/dtypes.py:530: FutureWarning: Passing (type, 1) or '1type' as a synonym of type is deprecated; in a future version of numpy, it will be understood as (type, (1,)) / '(1,)type'.
  _np_qint32 = np.dtype([("qint32", np.int32, 1)])
/root/anaconda3/lib/python3.6/site-packages/tensorflow/python/framework/dtypes.py:535: FutureWarning: Passing (type, 1) or '1type' as a synonym of type is deprecated; in a future version of numpy, it will be understood as (type, (1,)) / '(1,)type'.
  np_resource = np.dtype([("resource", np.ubyte, 1)])
/root/anaconda3/lib/python3.6/site-packages/h5py/__init__.py:36: FutureWarning: Conversion of the second argument of issubdtype from `float` to `np.floating` is deprecated. In future, it will be treated as `np.float64 == np.dtype(float).type`.
  from ._conv import register_converters as _register_converters
/root/anaconda3/lib/python3.6/runpy.py:125: RuntimeWarning: 'rasa_core.run' found in sys.modules after import of package 'rasa_core', but prior to execution of 'rasa_core.run'; this may result in unpredictable behaviour
  warn(RuntimeWarning(msg))
2019-12-25 14:50:58 INFO     root  - Rasa process starting
Traceback (most recent call last):
  File "/root/anaconda3/lib/python3.6/runpy.py", line 193, in _run_module_as_main
    "__main__", mod_spec)
  File "/root/anaconda3/lib/python3.6/runpy.py", line 85, in _run_code
    exec(code, run_globals)
  File "/root/anaconda3/lib/python3.6/site-packages/rasa_core/run.py", line 196, in <module>
    _endpoints.nlu)
  File "/root/anaconda3/lib/python3.6/site-packages/rasa_core/interpreter.py", line 34, in create
    return RasaNLUInterpreter(model_directory=obj)
  File "/root/anaconda3/lib/python3.6/site-packages/rasa_core/interpreter.py", line 234, in __init__
    self._load_interpreter()
  File "/root/anaconda3/lib/python3.6/site-packages/rasa_core/interpreter.py", line 257, in _load_interpreter
    self.interpreter = Interpreter.load(self.model_directory)
  File "/root/anaconda3/lib/python3.6/site-packages/rasa_nlu/model.py", line 304, in load
    skip_validation)
  File "/root/anaconda3/lib/python3.6/site-packages/rasa_nlu/model.py", line 325, in create
    components.validate_requirements(model_metadata.component_classes)
  File "/root/anaconda3/lib/python3.6/site-packages/rasa_nlu/components.py", line 46, in validate_requirements
    "Please install {}".format(", ".join(failed_imports)))
Exception: Not all required packages are installed. To use this pipeline, you need to install the missing dependencies. Please install sklearn_crfsuite
:0: UserWarning: You do not have a working installation of the service_identity module: 'No module named 'service_identity''.  Please install it from <https://pypi.python.org/pypi/service_identity> and make sure all of its dependencies are satisfied.  Without the service_identity module, Twisted can perform only rudimentary TLS client hostname verification.  Many valid certificate/hostname mappings may be rejected.
/root/anaconda3/lib/python3.6/site-packages/tensorflow/python/framework/dtypes.py:526: FutureWarning: Passing (type, 1) or '1type' as a synonym of type is deprecated; in a future version of numpy, it will be understood as (type, (1,)) / '(1,)type'.
  _np_qint8 = np.dtype([("qint8", np.int8, 1)])
/root/anaconda3/lib/python3.6/site-packages/tensorflow/python/framework/dtypes.py:527: FutureWarning: Passing (type, 1) or '1type' as a synonym of type is deprecated; in a future version of numpy, it will be understood as (type, (1,)) / '(1,)type'.
  _np_quint8 = np.dtype([("quint8", np.uint8, 1)])
/root/anaconda3/lib/python3.6/site-packages/tensorflow/python/framework/dtypes.py:528: FutureWarning: Passing (type, 1) or '1type' as a synonym of type is deprecated; in a future version of numpy, it will be understood as (type, (1,)) / '(1,)type'.
  _np_qint16 = np.dtype([("qint16", np.int16, 1)])
/root/anaconda3/lib/python3.6/site-packages/tensorflow/python/framework/dtypes.py:529: FutureWarning: Passing (type, 1) or '1type' as a synonym of type is deprecated; in a future version of numpy, it will be understood as (type, (1,)) / '(1,)type'.
  _np_quint16 = np.dtype([("quint16", np.uint16, 1)])
/root/anaconda3/lib/python3.6/site-packages/tensorflow/python/framework/dtypes.py:530: FutureWarning: Passing (type, 1) or '1type' as a synonym of type is deprecated; in a future version of numpy, it will be understood as (type, (1,)) / '(1,)type'.
  _np_qint32 = np.dtype([("qint32", np.int32, 1)])
/root/anaconda3/lib/python3.6/site-packages/tensorflow/python/framework/dtypes.py:535: FutureWarning: Passing (type, 1) or '1type' as a synonym of type is deprecated; in a future version of numpy, it will be understood as (type, (1,)) / '(1,)type'.
  np_resource = np.dtype([("resource", np.ubyte, 1)])
/root/anaconda3/lib/python3.6/site-packages/h5py/__init__.py:36: FutureWarning: Conversion of the second argument of issubdtype from `float` to `np.floating` is deprecated. In future, it will be treated as `np.float64 == np.dtype(float).type`.
  from ._conv import register_converters as _register_converters
/root/anaconda3/lib/python3.6/runpy.py:125: RuntimeWarning: 'rasa_core.run' found in sys.modules after import of package 'rasa_core', but prior to execution of 'rasa_core.run'; this may result in unpredictable behaviour
  warn(RuntimeWarning(msg))
2019-12-25 14:51:01 INFO     root  - Rasa process starting
Traceback (most recent call last):
  File "/root/anaconda3/lib/python3.6/runpy.py", line 193, in _run_module_as_main
    "__main__", mod_spec)
  File "/root/anaconda3/lib/python3.6/runpy.py", line 85, in _run_code
    exec(code, run_globals)
  File "/root/anaconda3/lib/python3.6/site-packages/rasa_core/run.py", line 196, in <module>
    _endpoints.nlu)
  File "/root/anaconda3/lib/python3.6/site-packages/rasa_core/interpreter.py", line 34, in create
    return RasaNLUInterpreter(model_directory=obj)
  File "/root/anaconda3/lib/python3.6/site-packages/rasa_core/interpreter.py", line 234, in __init__
    self._load_interpreter()
  File "/root/anaconda3/lib/python3.6/site-packages/rasa_core/interpreter.py", line 257, in _load_interpreter
    self.interpreter = Interpreter.load(self.model_directory)
  File "/root/anaconda3/lib/python3.6/site-packages/rasa_nlu/model.py", line 304, in load
    skip_validation)
  File "/root/anaconda3/lib/python3.6/site-packages/rasa_nlu/model.py", line 325, in create
    components.validate_requirements(model_metadata.component_classes)
  File "/root/anaconda3/lib/python3.6/site-packages/rasa_nlu/components.py", line 46, in validate_requirements
    "Please install {}".format(", ".join(failed_imports)))
Exception: Not all required packages are installed. To use this pipeline, you need to install the missing dependencies. Please install sklearn_crfsuite
:0: UserWarning: You do not have a working installation of the service_identity module: 'No module named 'service_identity''.  Please install it from <https://pypi.python.org/pypi/service_identity> and make sure all of its dependencies are satisfied.  Without the service_identity module, Twisted can perform only rudimentary TLS client hostname verification.  Many valid certificate/hostname mappings may be rejected.
/root/anaconda3/lib/python3.6/site-packages/tensorflow/python/framework/dtypes.py:526: FutureWarning: Passing (type, 1) or '1type' as a synonym of type is deprecated; in a future version of numpy, it will be understood as (type, (1,)) / '(1,)type'.
  _np_qint8 = np.dtype([("qint8", np.int8, 1)])
/root/anaconda3/lib/python3.6/site-packages/tensorflow/python/framework/dtypes.py:527: FutureWarning: Passing (type, 1) or '1type' as a synonym of type is deprecated; in a future version of numpy, it will be understood as (type, (1,)) / '(1,)type'.
  _np_quint8 = np.dtype([("quint8", np.uint8, 1)])
/root/anaconda3/lib/python3.6/site-packages/tensorflow/python/framework/dtypes.py:528: FutureWarning: Passing (type, 1) or '1type' as a synonym of type is deprecated; in a future version of numpy, it will be understood as (type, (1,)) / '(1,)type'.
  _np_qint16 = np.dtype([("qint16", np.int16, 1)])
/root/anaconda3/lib/python3.6/site-packages/tensorflow/python/framework/dtypes.py:529: FutureWarning: Passing (type, 1) or '1type' as a synonym of type is deprecated; in a future version of numpy, it will be understood as (type, (1,)) / '(1,)type'.
  _np_quint16 = np.dtype([("quint16", np.uint16, 1)])
/root/anaconda3/lib/python3.6/site-packages/tensorflow/python/framework/dtypes.py:530: FutureWarning: Passing (type, 1) or '1type' as a synonym of type is deprecated; in a future version of numpy, it will be understood as (type, (1,)) / '(1,)type'.
  _np_qint32 = np.dtype([("qint32", np.int32, 1)])
/root/anaconda3/lib/python3.6/site-packages/tensorflow/python/framework/dtypes.py:535: FutureWarning: Passing (type, 1) or '1type' as a synonym of type is deprecated; in a future version of numpy, it will be understood as (type, (1,)) / '(1,)type'.
  np_resource = np.dtype([("resource", np.ubyte, 1)])
/root/anaconda3/lib/python3.6/site-packages/h5py/__init__.py:36: FutureWarning: Conversion of the second argument of issubdtype from `float` to `np.floating` is deprecated. In future, it will be treated as `np.float64 == np.dtype(float).type`.
  from ._conv import register_converters as _register_converters
/root/anaconda3/lib/python3.6/runpy.py:125: RuntimeWarning: 'rasa_core.run' found in sys.modules after import of package 'rasa_core', but prior to execution of 'rasa_core.run'; this may result in unpredictable behaviour
  warn(RuntimeWarning(msg))
2019-12-25 14:51:04 INFO     root  - Rasa process starting
Traceback (most recent call last):
  File "/root/anaconda3/lib/python3.6/runpy.py", line 193, in _run_module_as_main
    "__main__", mod_spec)
  File "/root/anaconda3/lib/python3.6/runpy.py", line 85, in _run_code
    exec(code, run_globals)
  File "/root/anaconda3/lib/python3.6/site-packages/rasa_core/run.py", line 196, in <module>
    _endpoints.nlu)
  File "/root/anaconda3/lib/python3.6/site-packages/rasa_core/interpreter.py", line 34, in create
    return RasaNLUInterpreter(model_directory=obj)
  File "/root/anaconda3/lib/python3.6/site-packages/rasa_core/interpreter.py", line 234, in __init__
    self._load_interpreter()
  File "/root/anaconda3/lib/python3.6/site-packages/rasa_core/interpreter.py", line 257, in _load_interpreter
    self.interpreter = Interpreter.load(self.model_directory)
  File "/root/anaconda3/lib/python3.6/site-packages/rasa_nlu/model.py", line 304, in load
    skip_validation)
  File "/root/anaconda3/lib/python3.6/site-packages/rasa_nlu/model.py", line 325, in create
    components.validate_requirements(model_metadata.component_classes)
  File "/root/anaconda3/lib/python3.6/site-packages/rasa_nlu/components.py", line 46, in validate_requirements
    "Please install {}".format(", ".join(failed_imports)))
Exception: Not all required packages are installed. To use this pipeline, you need to install the missing dependencies. Please install sklearn_crfsuite
:0: UserWarning: You do not have a working installation of the service_identity module: 'No module named 'service_identity''.  Please install it from <https://pypi.python.org/pypi/service_identity> and make sure all of its dependencies are satisfied.  Without the service_identity module, Twisted can perform only rudimentary TLS client hostname verification.  Many valid certificate/hostname mappings may be rejected.
/root/anaconda3/lib/python3.6/site-packages/tensorflow/python/framework/dtypes.py:526: FutureWarning: Passing (type, 1) or '1type' as a synonym of type is deprecated; in a future version of numpy, it will be understood as (type, (1,)) / '(1,)type'.
  _np_qint8 = np.dtype([("qint8", np.int8, 1)])
/root/anaconda3/lib/python3.6/site-packages/tensorflow/python/framework/dtypes.py:527: FutureWarning: Passing (type, 1) or '1type' as a synonym of type is deprecated; in a future version of numpy, it will be understood as (type, (1,)) / '(1,)type'.
  _np_quint8 = np.dtype([("quint8", np.uint8, 1)])
/root/anaconda3/lib/python3.6/site-packages/tensorflow/python/framework/dtypes.py:528: FutureWarning: Passing (type, 1) or '1type' as a synonym of type is deprecated; in a future version of numpy, it will be understood as (type, (1,)) / '(1,)type'.
  _np_qint16 = np.dtype([("qint16", np.int16, 1)])
/root/anaconda3/lib/python3.6/site-packages/tensorflow/python/framework/dtypes.py:529: FutureWarning: Passing (type, 1) or '1type' as a synonym of type is deprecated; in a future version of numpy, it will be understood as (type, (1,)) / '(1,)type'.
  _np_quint16 = np.dtype([("quint16", np.uint16, 1)])
/root/anaconda3/lib/python3.6/site-packages/tensorflow/python/framework/dtypes.py:530: FutureWarning: Passing (type, 1) or '1type' as a synonym of type is deprecated; in a future version of numpy, it will be understood as (type, (1,)) / '(1,)type'.
  _np_qint32 = np.dtype([("qint32", np.int32, 1)])
/root/anaconda3/lib/python3.6/site-packages/tensorflow/python/framework/dtypes.py:535: FutureWarning: Passing (type, 1) or '1type' as a synonym of type is deprecated; in a future version of numpy, it will be understood as (type, (1,)) / '(1,)type'.
  np_resource = np.dtype([("resource", np.ubyte, 1)])
/root/anaconda3/lib/python3.6/site-packages/h5py/__init__.py:36: FutureWarning: Conversion of the second argument of issubdtype from `float` to `np.floating` is deprecated. In future, it will be treated as `np.float64 == np.dtype(float).type`.
  from ._conv import register_converters as _register_converters
/root/anaconda3/lib/python3.6/runpy.py:125: RuntimeWarning: 'rasa_core.run' found in sys.modules after import of package 'rasa_core', but prior to execution of 'rasa_core.run'; this may result in unpredictable behaviour
  warn(RuntimeWarning(msg))
2019-12-25 14:51:07 INFO     root  - Rasa process starting
Traceback (most recent call last):
  File "/root/anaconda3/lib/python3.6/runpy.py", line 193, in _run_module_as_main
    "__main__", mod_spec)
  File "/root/anaconda3/lib/python3.6/runpy.py", line 85, in _run_code
    exec(code, run_globals)
  File "/root/anaconda3/lib/python3.6/site-packages/rasa_core/run.py", line 196, in <module>
    _endpoints.nlu)
  File "/root/anaconda3/lib/python3.6/site-packages/rasa_core/interpreter.py", line 34, in create
    return RasaNLUInterpreter(model_directory=obj)
  File "/root/anaconda3/lib/python3.6/site-packages/rasa_core/interpreter.py", line 234, in __init__
    self._load_interpreter()
  File "/root/anaconda3/lib/python3.6/site-packages/rasa_core/interpreter.py", line 257, in _load_interpreter
    self.interpreter = Interpreter.load(self.model_directory)
  File "/root/anaconda3/lib/python3.6/site-packages/rasa_nlu/model.py", line 304, in load
    skip_validation)
  File "/root/anaconda3/lib/python3.6/site-packages/rasa_nlu/model.py", line 325, in create
    components.validate_requirements(model_metadata.component_classes)
  File "/root/anaconda3/lib/python3.6/site-packages/rasa_nlu/components.py", line 46, in validate_requirements
    "Please install {}".format(", ".join(failed_imports)))
Exception: Not all required packages are installed. To use this pipeline, you need to install the missing dependencies. Please install sklearn_crfsuite
:0: UserWarning: You do not have a working installation of the service_identity module: 'No module named 'service_identity''.  Please install it from <https://pypi.python.org/pypi/service_identity> and make sure all of its dependencies are satisfied.  Without the service_identity module, Twisted can perform only rudimentary TLS client hostname verification.  Many valid certificate/hostname mappings may be rejected.
/root/anaconda3/lib/python3.6/site-packages/tensorflow/python/framework/dtypes.py:526: FutureWarning: Passing (type, 1) or '1type' as a synonym of type is deprecated; in a future version of numpy, it will be understood as (type, (1,)) / '(1,)type'.
  _np_qint8 = np.dtype([("qint8", np.int8, 1)])
/root/anaconda3/lib/python3.6/site-packages/tensorflow/python/framework/dtypes.py:527: FutureWarning: Passing (type, 1) or '1type' as a synonym of type is deprecated; in a future version of numpy, it will be understood as (type, (1,)) / '(1,)type'.
  _np_quint8 = np.dtype([("quint8", np.uint8, 1)])
/root/anaconda3/lib/python3.6/site-packages/tensorflow/python/framework/dtypes.py:528: FutureWarning: Passing (type, 1) or '1type' as a synonym of type is deprecated; in a future version of numpy, it will be understood as (type, (1,)) / '(1,)type'.
  _np_qint16 = np.dtype([("qint16", np.int16, 1)])
/root/anaconda3/lib/python3.6/site-packages/tensorflow/python/framework/dtypes.py:529: FutureWarning: Passing (type, 1) or '1type' as a synonym of type is deprecated; in a future version of numpy, it will be understood as (type, (1,)) / '(1,)type'.
  _np_quint16 = np.dtype([("quint16", np.uint16, 1)])
/root/anaconda3/lib/python3.6/site-packages/tensorflow/python/framework/dtypes.py:530: FutureWarning: Passing (type, 1) or '1type' as a synonym of type is deprecated; in a future version of numpy, it will be understood as (type, (1,)) / '(1,)type'.
  _np_qint32 = np.dtype([("qint32", np.int32, 1)])
/root/anaconda3/lib/python3.6/site-packages/tensorflow/python/framework/dtypes.py:535: FutureWarning: Passing (type, 1) or '1type' as a synonym of type is deprecated; in a future version of numpy, it will be understood as (type, (1,)) / '(1,)type'.
  np_resource = np.dtype([("resource", np.ubyte, 1)])
/root/anaconda3/lib/python3.6/site-packages/h5py/__init__.py:36: FutureWarning: Conversion of the second argument of issubdtype from `float` to `np.floating` is deprecated. In future, it will be treated as `np.float64 == np.dtype(float).type`.
  from ._conv import register_converters as _register_converters
/root/anaconda3/lib/python3.6/runpy.py:125: RuntimeWarning: 'rasa_core.run' found in sys.modules after import of package 'rasa_core', but prior to execution of 'rasa_core.run'; this may result in unpredictable behaviour
  warn(RuntimeWarning(msg))
2019-12-25 14:51:11 INFO     root  - Rasa process starting
Traceback (most recent call last):
  File "/root/anaconda3/lib/python3.6/runpy.py", line 193, in _run_module_as_main
    "__main__", mod_spec)
  File "/root/anaconda3/lib/python3.6/runpy.py", line 85, in _run_code
    exec(code, run_globals)
  File "/root/anaconda3/lib/python3.6/site-packages/rasa_core/run.py", line 196, in <module>
    _endpoints.nlu)
  File "/root/anaconda3/lib/python3.6/site-packages/rasa_core/interpreter.py", line 34, in create
    return RasaNLUInterpreter(model_directory=obj)
  File "/root/anaconda3/lib/python3.6/site-packages/rasa_core/interpreter.py", line 234, in __init__
    self._load_interpreter()
  File "/root/anaconda3/lib/python3.6/site-packages/rasa_core/interpreter.py", line 257, in _load_interpreter
    self.interpreter = Interpreter.load(self.model_directory)
  File "/root/anaconda3/lib/python3.6/site-packages/rasa_nlu/model.py", line 304, in load
    skip_validation)
  File "/root/anaconda3/lib/python3.6/site-packages/rasa_nlu/model.py", line 325, in create
    components.validate_requirements(model_metadata.component_classes)
  File "/root/anaconda3/lib/python3.6/site-packages/rasa_nlu/components.py", line 46, in validate_requirements
    "Please install {}".format(", ".join(failed_imports)))
Exception: Not all required packages are installed. To use this pipeline, you need to install the missing dependencies. Please install sklearn_crfsuite
:0: UserWarning: You do not have a working installation of the service_identity module: 'No module named 'service_identity''.  Please install it from <https://pypi.python.org/pypi/service_identity> and make sure all of its dependencies are satisfied.  Without the service_identity module, Twisted can perform only rudimentary TLS client hostname verification.  Many valid certificate/hostname mappings may be rejected.
/root/anaconda3/lib/python3.6/site-packages/tensorflow/python/framework/dtypes.py:526: FutureWarning: Passing (type, 1) or '1type' as a synonym of type is deprecated; in a future version of numpy, it will be understood as (type, (1,)) / '(1,)type'.
  _np_qint8 = np.dtype([("qint8", np.int8, 1)])
/root/anaconda3/lib/python3.6/site-packages/tensorflow/python/framework/dtypes.py:527: FutureWarning: Passing (type, 1) or '1type' as a synonym of type is deprecated; in a future version of numpy, it will be understood as (type, (1,)) / '(1,)type'.
  _np_quint8 = np.dtype([("quint8", np.uint8, 1)])
/root/anaconda3/lib/python3.6/site-packages/tensorflow/python/framework/dtypes.py:528: FutureWarning: Passing (type, 1) or '1type' as a synonym of type is deprecated; in a future version of numpy, it will be understood as (type, (1,)) / '(1,)type'.
  _np_qint16 = np.dtype([("qint16", np.int16, 1)])
/root/anaconda3/lib/python3.6/site-packages/tensorflow/python/framework/dtypes.py:529: FutureWarning: Passing (type, 1) or '1type' as a synonym of type is deprecated; in a future version of numpy, it will be understood as (type, (1,)) / '(1,)type'.
  _np_quint16 = np.dtype([("quint16", np.uint16, 1)])
/root/anaconda3/lib/python3.6/site-packages/tensorflow/python/framework/dtypes.py:530: FutureWarning: Passing (type, 1) or '1type' as a synonym of type is deprecated; in a future version of numpy, it will be understood as (type, (1,)) / '(1,)type'.
  _np_qint32 = np.dtype([("qint32", np.int32, 1)])
/root/anaconda3/lib/python3.6/site-packages/tensorflow/python/framework/dtypes.py:535: FutureWarning: Passing (type, 1) or '1type' as a synonym of type is deprecated; in a future version of numpy, it will be understood as (type, (1,)) / '(1,)type'.
  np_resource = np.dtype([("resource", np.ubyte, 1)])
/root/anaconda3/lib/python3.6/site-packages/h5py/__init__.py:36: FutureWarning: Conversion of the second argument of issubdtype from `float` to `np.floating` is deprecated. In future, it will be treated as `np.float64 == np.dtype(float).type`.
  from ._conv import register_converters as _register_converters
/root/anaconda3/lib/python3.6/runpy.py:125: RuntimeWarning: 'rasa_core.run' found in sys.modules after import of package 'rasa_core', but prior to execution of 'rasa_core.run'; this may result in unpredictable behaviour
  warn(RuntimeWarning(msg))
2019-12-25 14:51:14 INFO     root  - Rasa process starting
Traceback (most recent call last):
  File "/root/anaconda3/lib/python3.6/runpy.py", line 193, in _run_module_as_main
    "__main__", mod_spec)
  File "/root/anaconda3/lib/python3.6/runpy.py", line 85, in _run_code
    exec(code, run_globals)
  File "/root/anaconda3/lib/python3.6/site-packages/rasa_core/run.py", line 196, in <module>
    _endpoints.nlu)
  File "/root/anaconda3/lib/python3.6/site-packages/rasa_core/interpreter.py", line 34, in create
    return RasaNLUInterpreter(model_directory=obj)
  File "/root/anaconda3/lib/python3.6/site-packages/rasa_core/interpreter.py", line 234, in __init__
    self._load_interpreter()
  File "/root/anaconda3/lib/python3.6/site-packages/rasa_core/interpreter.py", line 257, in _load_interpreter
    self.interpreter = Interpreter.load(self.model_directory)
  File "/root/anaconda3/lib/python3.6/site-packages/rasa_nlu/model.py", line 304, in load
    skip_validation)
  File "/root/anaconda3/lib/python3.6/site-packages/rasa_nlu/model.py", line 325, in create
    components.validate_requirements(model_metadata.component_classes)
  File "/root/anaconda3/lib/python3.6/site-packages/rasa_nlu/components.py", line 46, in validate_requirements
    "Please install {}".format(", ".join(failed_imports)))
Exception: Not all required packages are installed. To use this pipeline, you need to install the missing dependencies. Please install sklearn_crfsuite
:0: UserWarning: You do not have a working installation of the service_identity module: 'No module named 'service_identity''.  Please install it from <https://pypi.python.org/pypi/service_identity> and make sure all of its dependencies are satisfied.  Without the service_identity module, Twisted can perform only rudimentary TLS client hostname verification.  Many valid certificate/hostname mappings may be rejected.
/root/anaconda3/lib/python3.6/site-packages/tensorflow/python/framework/dtypes.py:526: FutureWarning: Passing (type, 1) or '1type' as a synonym of type is deprecated; in a future version of numpy, it will be understood as (type, (1,)) / '(1,)type'.
  _np_qint8 = np.dtype([("qint8", np.int8, 1)])
/root/anaconda3/lib/python3.6/site-packages/tensorflow/python/framework/dtypes.py:527: FutureWarning: Passing (type, 1) or '1type' as a synonym of type is deprecated; in a future version of numpy, it will be understood as (type, (1,)) / '(1,)type'.
  _np_quint8 = np.dtype([("quint8", np.uint8, 1)])
/root/anaconda3/lib/python3.6/site-packages/tensorflow/python/framework/dtypes.py:528: FutureWarning: Passing (type, 1) or '1type' as a synonym of type is deprecated; in a future version of numpy, it will be understood as (type, (1,)) / '(1,)type'.
  _np_qint16 = np.dtype([("qint16", np.int16, 1)])
/root/anaconda3/lib/python3.6/site-packages/tensorflow/python/framework/dtypes.py:529: FutureWarning: Passing (type, 1) or '1type' as a synonym of type is deprecated; in a future version of numpy, it will be understood as (type, (1,)) / '(1,)type'.
  _np_quint16 = np.dtype([("quint16", np.uint16, 1)])
/root/anaconda3/lib/python3.6/site-packages/tensorflow/python/framework/dtypes.py:530: FutureWarning: Passing (type, 1) or '1type' as a synonym of type is deprecated; in a future version of numpy, it will be understood as (type, (1,)) / '(1,)type'.
  _np_qint32 = np.dtype([("qint32", np.int32, 1)])
/root/anaconda3/lib/python3.6/site-packages/tensorflow/python/framework/dtypes.py:535: FutureWarning: Passing (type, 1) or '1type' as a synonym of type is deprecated; in a future version of numpy, it will be understood as (type, (1,)) / '(1,)type'.
  np_resource = np.dtype([("resource", np.ubyte, 1)])
/root/anaconda3/lib/python3.6/site-packages/h5py/__init__.py:36: FutureWarning: Conversion of the second argument of issubdtype from `float` to `np.floating` is deprecated. In future, it will be treated as `np.float64 == np.dtype(float).type`.
  from ._conv import register_converters as _register_converters
/root/anaconda3/lib/python3.6/runpy.py:125: RuntimeWarning: 'rasa_core.run' found in sys.modules after import of package 'rasa_core', but prior to execution of 'rasa_core.run'; this may result in unpredictable behaviour
  warn(RuntimeWarning(msg))
2019-12-25 14:51:17 INFO     root  - Rasa process starting
Traceback (most recent call last):
  File "/root/anaconda3/lib/python3.6/runpy.py", line 193, in _run_module_as_main
    "__main__", mod_spec)
  File "/root/anaconda3/lib/python3.6/runpy.py", line 85, in _run_code
    exec(code, run_globals)
  File "/root/anaconda3/lib/python3.6/site-packages/rasa_core/run.py", line 196, in <module>
    _endpoints.nlu)
  File "/root/anaconda3/lib/python3.6/site-packages/rasa_core/interpreter.py", line 34, in create
    return RasaNLUInterpreter(model_directory=obj)
  File "/root/anaconda3/lib/python3.6/site-packages/rasa_core/interpreter.py", line 234, in __init__
    self._load_interpreter()
  File "/root/anaconda3/lib/python3.6/site-packages/rasa_core/interpreter.py", line 257, in _load_interpreter
    self.interpreter = Interpreter.load(self.model_directory)
  File "/root/anaconda3/lib/python3.6/site-packages/rasa_nlu/model.py", line 304, in load
    skip_validation)
  File "/root/anaconda3/lib/python3.6/site-packages/rasa_nlu/model.py", line 325, in create
    components.validate_requirements(model_metadata.component_classes)
  File "/root/anaconda3/lib/python3.6/site-packages/rasa_nlu/components.py", line 46, in validate_requirements
    "Please install {}".format(", ".join(failed_imports)))
Exception: Not all required packages are installed. To use this pipeline, you need to install the missing dependencies. Please install sklearn_crfsuite
:0: UserWarning: You do not have a working installation of the service_identity module: 'No module named 'service_identity''.  Please install it from <https://pypi.python.org/pypi/service_identity> and make sure all of its dependencies are satisfied.  Without the service_identity module, Twisted can perform only rudimentary TLS client hostname verification.  Many valid certificate/hostname mappings may be rejected.
/root/anaconda3/lib/python3.6/site-packages/tensorflow/python/framework/dtypes.py:526: FutureWarning: Passing (type, 1) or '1type' as a synonym of type is deprecated; in a future version of numpy, it will be understood as (type, (1,)) / '(1,)type'.
  _np_qint8 = np.dtype([("qint8", np.int8, 1)])
/root/anaconda3/lib/python3.6/site-packages/tensorflow/python/framework/dtypes.py:527: FutureWarning: Passing (type, 1) or '1type' as a synonym of type is deprecated; in a future version of numpy, it will be understood as (type, (1,)) / '(1,)type'.
  _np_quint8 = np.dtype([("quint8", np.uint8, 1)])
/root/anaconda3/lib/python3.6/site-packages/tensorflow/python/framework/dtypes.py:528: FutureWarning: Passing (type, 1) or '1type' as a synonym of type is deprecated; in a future version of numpy, it will be understood as (type, (1,)) / '(1,)type'.
  _np_qint16 = np.dtype([("qint16", np.int16, 1)])
/root/anaconda3/lib/python3.6/site-packages/tensorflow/python/framework/dtypes.py:529: FutureWarning: Passing (type, 1) or '1type' as a synonym of type is deprecated; in a future version of numpy, it will be understood as (type, (1,)) / '(1,)type'.
  _np_quint16 = np.dtype([("quint16", np.uint16, 1)])
/root/anaconda3/lib/python3.6/site-packages/tensorflow/python/framework/dtypes.py:530: FutureWarning: Passing (type, 1) or '1type' as a synonym of type is deprecated; in a future version of numpy, it will be understood as (type, (1,)) / '(1,)type'.
  _np_qint32 = np.dtype([("qint32", np.int32, 1)])
/root/anaconda3/lib/python3.6/site-packages/tensorflow/python/framework/dtypes.py:535: FutureWarning: Passing (type, 1) or '1type' as a synonym of type is deprecated; in a future version of numpy, it will be understood as (type, (1,)) / '(1,)type'.
  np_resource = np.dtype([("resource", np.ubyte, 1)])
/root/anaconda3/lib/python3.6/site-packages/h5py/__init__.py:36: FutureWarning: Conversion of the second argument of issubdtype from `float` to `np.floating` is deprecated. In future, it will be treated as `np.float64 == np.dtype(float).type`.
  from ._conv import register_converters as _register_converters
/root/anaconda3/lib/python3.6/runpy.py:125: RuntimeWarning: 'rasa_core.run' found in sys.modules after import of package 'rasa_core', but prior to execution of 'rasa_core.run'; this may result in unpredictable behaviour
  warn(RuntimeWarning(msg))
2019-12-25 14:51:21 INFO     root  - Rasa process starting
Traceback (most recent call last):
  File "/root/anaconda3/lib/python3.6/runpy.py", line 193, in _run_module_as_main
    "__main__", mod_spec)
  File "/root/anaconda3/lib/python3.6/runpy.py", line 85, in _run_code
    exec(code, run_globals)
  File "/root/anaconda3/lib/python3.6/site-packages/rasa_core/run.py", line 196, in <module>
    _endpoints.nlu)
  File "/root/anaconda3/lib/python3.6/site-packages/rasa_core/interpreter.py", line 34, in create
    return RasaNLUInterpreter(model_directory=obj)
  File "/root/anaconda3/lib/python3.6/site-packages/rasa_core/interpreter.py", line 234, in __init__
    self._load_interpreter()
  File "/root/anaconda3/lib/python3.6/site-packages/rasa_core/interpreter.py", line 257, in _load_interpreter
    self.interpreter = Interpreter.load(self.model_directory)
  File "/root/anaconda3/lib/python3.6/site-packages/rasa_nlu/model.py", line 304, in load
    skip_validation)
  File "/root/anaconda3/lib/python3.6/site-packages/rasa_nlu/model.py", line 325, in create
    components.validate_requirements(model_metadata.component_classes)
  File "/root/anaconda3/lib/python3.6/site-packages/rasa_nlu/components.py", line 46, in validate_requirements
    "Please install {}".format(", ".join(failed_imports)))
Exception: Not all required packages are installed. To use this pipeline, you need to install the missing dependencies. Please install sklearn_crfsuite
:0: UserWarning: You do not have a working installation of the service_identity module: 'No module named 'service_identity''.  Please install it from <https://pypi.python.org/pypi/service_identity> and make sure all of its dependencies are satisfied.  Without the service_identity module, Twisted can perform only rudimentary TLS client hostname verification.  Many valid certificate/hostname mappings may be rejected.
/root/anaconda3/lib/python3.6/site-packages/tensorflow/python/framework/dtypes.py:526: FutureWarning: Passing (type, 1) or '1type' as a synonym of type is deprecated; in a future version of numpy, it will be understood as (type, (1,)) / '(1,)type'.
  _np_qint8 = np.dtype([("qint8", np.int8, 1)])
/root/anaconda3/lib/python3.6/site-packages/tensorflow/python/framework/dtypes.py:527: FutureWarning: Passing (type, 1) or '1type' as a synonym of type is deprecated; in a future version of numpy, it will be understood as (type, (1,)) / '(1,)type'.
  _np_quint8 = np.dtype([("quint8", np.uint8, 1)])
/root/anaconda3/lib/python3.6/site-packages/tensorflow/python/framework/dtypes.py:528: FutureWarning: Passing (type, 1) or '1type' as a synonym of type is deprecated; in a future version of numpy, it will be understood as (type, (1,)) / '(1,)type'.
  _np_qint16 = np.dtype([("qint16", np.int16, 1)])
/root/anaconda3/lib/python3.6/site-packages/tensorflow/python/framework/dtypes.py:529: FutureWarning: Passing (type, 1) or '1type' as a synonym of type is deprecated; in a future version of numpy, it will be understood as (type, (1,)) / '(1,)type'.
  _np_quint16 = np.dtype([("quint16", np.uint16, 1)])
/root/anaconda3/lib/python3.6/site-packages/tensorflow/python/framework/dtypes.py:530: FutureWarning: Passing (type, 1) or '1type' as a synonym of type is deprecated; in a future version of numpy, it will be understood as (type, (1,)) / '(1,)type'.
  _np_qint32 = np.dtype([("qint32", np.int32, 1)])
/root/anaconda3/lib/python3.6/site-packages/tensorflow/python/framework/dtypes.py:535: FutureWarning: Passing (type, 1) or '1type' as a synonym of type is deprecated; in a future version of numpy, it will be understood as (type, (1,)) / '(1,)type'.
  np_resource = np.dtype([("resource", np.ubyte, 1)])
/root/anaconda3/lib/python3.6/site-packages/h5py/__init__.py:36: FutureWarning: Conversion of the second argument of issubdtype from `float` to `np.floating` is deprecated. In future, it will be treated as `np.float64 == np.dtype(float).type`.
  from ._conv import register_converters as _register_converters
/root/anaconda3/lib/python3.6/runpy.py:125: RuntimeWarning: 'rasa_core.run' found in sys.modules after import of package 'rasa_core', but prior to execution of 'rasa_core.run'; this may result in unpredictable behaviour
  warn(RuntimeWarning(msg))
2019-12-25 14:51:24 INFO     root  - Rasa process starting
Traceback (most recent call last):
  File "/root/anaconda3/lib/python3.6/runpy.py", line 193, in _run_module_as_main
    "__main__", mod_spec)
  File "/root/anaconda3/lib/python3.6/runpy.py", line 85, in _run_code
    exec(code, run_globals)
  File "/root/anaconda3/lib/python3.6/site-packages/rasa_core/run.py", line 196, in <module>
    _endpoints.nlu)
  File "/root/anaconda3/lib/python3.6/site-packages/rasa_core/interpreter.py", line 34, in create
    return RasaNLUInterpreter(model_directory=obj)
  File "/root/anaconda3/lib/python3.6/site-packages/rasa_core/interpreter.py", line 234, in __init__
    self._load_interpreter()
  File "/root/anaconda3/lib/python3.6/site-packages/rasa_core/interpreter.py", line 257, in _load_interpreter
    self.interpreter = Interpreter.load(self.model_directory)
  File "/root/anaconda3/lib/python3.6/site-packages/rasa_nlu/model.py", line 304, in load
    skip_validation)
  File "/root/anaconda3/lib/python3.6/site-packages/rasa_nlu/model.py", line 325, in create
    components.validate_requirements(model_metadata.component_classes)
  File "/root/anaconda3/lib/python3.6/site-packages/rasa_nlu/components.py", line 46, in validate_requirements
    "Please install {}".format(", ".join(failed_imports)))
Exception: Not all required packages are installed. To use this pipeline, you need to install the missing dependencies. Please install sklearn_crfsuite
:0: UserWarning: You do not have a working installation of the service_identity module: 'No module named 'service_identity''.  Please install it from <https://pypi.python.org/pypi/service_identity> and make sure all of its dependencies are satisfied.  Without the service_identity module, Twisted can perform only rudimentary TLS client hostname verification.  Many valid certificate/hostname mappings may be rejected.
/root/anaconda3/lib/python3.6/site-packages/tensorflow/python/framework/dtypes.py:526: FutureWarning: Passing (type, 1) or '1type' as a synonym of type is deprecated; in a future version of numpy, it will be understood as (type, (1,)) / '(1,)type'.
  _np_qint8 = np.dtype([("qint8", np.int8, 1)])
/root/anaconda3/lib/python3.6/site-packages/tensorflow/python/framework/dtypes.py:527: FutureWarning: Passing (type, 1) or '1type' as a synonym of type is deprecated; in a future version of numpy, it will be understood as (type, (1,)) / '(1,)type'.
  _np_quint8 = np.dtype([("quint8", np.uint8, 1)])
/root/anaconda3/lib/python3.6/site-packages/tensorflow/python/framework/dtypes.py:528: FutureWarning: Passing (type, 1) or '1type' as a synonym of type is deprecated; in a future version of numpy, it will be understood as (type, (1,)) / '(1,)type'.
  _np_qint16 = np.dtype([("qint16", np.int16, 1)])
/root/anaconda3/lib/python3.6/site-packages/tensorflow/python/framework/dtypes.py:529: FutureWarning: Passing (type, 1) or '1type' as a synonym of type is deprecated; in a future version of numpy, it will be understood as (type, (1,)) / '(1,)type'.
  _np_quint16 = np.dtype([("quint16", np.uint16, 1)])
/root/anaconda3/lib/python3.6/site-packages/tensorflow/python/framework/dtypes.py:530: FutureWarning: Passing (type, 1) or '1type' as a synonym of type is deprecated; in a future version of numpy, it will be understood as (type, (1,)) / '(1,)type'.
  _np_qint32 = np.dtype([("qint32", np.int32, 1)])
/root/anaconda3/lib/python3.6/site-packages/tensorflow/python/framework/dtypes.py:535: FutureWarning: Passing (type, 1) or '1type' as a synonym of type is deprecated; in a future version of numpy, it will be understood as (type, (1,)) / '(1,)type'.
  np_resource = np.dtype([("resource", np.ubyte, 1)])
/root/anaconda3/lib/python3.6/site-packages/h5py/__init__.py:36: FutureWarning: Conversion of the second argument of issubdtype from `float` to `np.floating` is deprecated. In future, it will be treated as `np.float64 == np.dtype(float).type`.
  from ._conv import register_converters as _register_converters
/root/anaconda3/lib/python3.6/runpy.py:125: RuntimeWarning: 'rasa_core.run' found in sys.modules after import of package 'rasa_core', but prior to execution of 'rasa_core.run'; this may result in unpredictable behaviour
  warn(RuntimeWarning(msg))
2019-12-25 14:51:27 INFO     root  - Rasa process starting
Traceback (most recent call last):
  File "/root/anaconda3/lib/python3.6/runpy.py", line 193, in _run_module_as_main
    "__main__", mod_spec)
  File "/root/anaconda3/lib/python3.6/runpy.py", line 85, in _run_code
    exec(code, run_globals)
  File "/root/anaconda3/lib/python3.6/site-packages/rasa_core/run.py", line 196, in <module>
    _endpoints.nlu)
  File "/root/anaconda3/lib/python3.6/site-packages/rasa_core/interpreter.py", line 34, in create
    return RasaNLUInterpreter(model_directory=obj)
  File "/root/anaconda3/lib/python3.6/site-packages/rasa_core/interpreter.py", line 234, in __init__
    self._load_interpreter()
  File "/root/anaconda3/lib/python3.6/site-packages/rasa_core/interpreter.py", line 257, in _load_interpreter
    self.interpreter = Interpreter.load(self.model_directory)
  File "/root/anaconda3/lib/python3.6/site-packages/rasa_nlu/model.py", line 304, in load
    skip_validation)
  File "/root/anaconda3/lib/python3.6/site-packages/rasa_nlu/model.py", line 325, in create
    components.validate_requirements(model_metadata.component_classes)
  File "/root/anaconda3/lib/python3.6/site-packages/rasa_nlu/components.py", line 46, in validate_requirements
    "Please install {}".format(", ".join(failed_imports)))
Exception: Not all required packages are installed. To use this pipeline, you need to install the missing dependencies. Please install sklearn_crfsuite
:0: UserWarning: You do not have a working installation of the service_identity module: 'No module named 'service_identity''.  Please install it from <https://pypi.python.org/pypi/service_identity> and make sure all of its dependencies are satisfied.  Without the service_identity module, Twisted can perform only rudimentary TLS client hostname verification.  Many valid certificate/hostname mappings may be rejected.
/root/anaconda3/lib/python3.6/site-packages/tensorflow/python/framework/dtypes.py:526: FutureWarning: Passing (type, 1) or '1type' as a synonym of type is deprecated; in a future version of numpy, it will be understood as (type, (1,)) / '(1,)type'.
  _np_qint8 = np.dtype([("qint8", np.int8, 1)])
/root/anaconda3/lib/python3.6/site-packages/tensorflow/python/framework/dtypes.py:527: FutureWarning: Passing (type, 1) or '1type' as a synonym of type is deprecated; in a future version of numpy, it will be understood as (type, (1,)) / '(1,)type'.
  _np_quint8 = np.dtype([("quint8", np.uint8, 1)])
/root/anaconda3/lib/python3.6/site-packages/tensorflow/python/framework/dtypes.py:528: FutureWarning: Passing (type, 1) or '1type' as a synonym of type is deprecated; in a future version of numpy, it will be understood as (type, (1,)) / '(1,)type'.
  _np_qint16 = np.dtype([("qint16", np.int16, 1)])
/root/anaconda3/lib/python3.6/site-packages/tensorflow/python/framework/dtypes.py:529: FutureWarning: Passing (type, 1) or '1type' as a synonym of type is deprecated; in a future version of numpy, it will be understood as (type, (1,)) / '(1,)type'.
  _np_quint16 = np.dtype([("quint16", np.uint16, 1)])
/root/anaconda3/lib/python3.6/site-packages/tensorflow/python/framework/dtypes.py:530: FutureWarning: Passing (type, 1) or '1type' as a synonym of type is deprecated; in a future version of numpy, it will be understood as (type, (1,)) / '(1,)type'.
  _np_qint32 = np.dtype([("qint32", np.int32, 1)])
/root/anaconda3/lib/python3.6/site-packages/tensorflow/python/framework/dtypes.py:535: FutureWarning: Passing (type, 1) or '1type' as a synonym of type is deprecated; in a future version of numpy, it will be understood as (type, (1,)) / '(1,)type'.
  np_resource = np.dtype([("resource", np.ubyte, 1)])
/root/anaconda3/lib/python3.6/site-packages/h5py/__init__.py:36: FutureWarning: Conversion of the second argument of issubdtype from `float` to `np.floating` is deprecated. In future, it will be treated as `np.float64 == np.dtype(float).type`.
  from ._conv import register_converters as _register_converters
/root/anaconda3/lib/python3.6/runpy.py:125: RuntimeWarning: 'rasa_core.run' found in sys.modules after import of package 'rasa_core', but prior to execution of 'rasa_core.run'; this may result in unpredictable behaviour
  warn(RuntimeWarning(msg))
2019-12-25 14:51:31 INFO     root  - Rasa process starting
Traceback (most recent call last):
  File "/root/anaconda3/lib/python3.6/runpy.py", line 193, in _run_module_as_main
    "__main__", mod_spec)
  File "/root/anaconda3/lib/python3.6/runpy.py", line 85, in _run_code
    exec(code, run_globals)
  File "/root/anaconda3/lib/python3.6/site-packages/rasa_core/run.py", line 196, in <module>
    _endpoints.nlu)
  File "/root/anaconda3/lib/python3.6/site-packages/rasa_core/interpreter.py", line 34, in create
    return RasaNLUInterpreter(model_directory=obj)
  File "/root/anaconda3/lib/python3.6/site-packages/rasa_core/interpreter.py", line 234, in __init__
    self._load_interpreter()
  File "/root/anaconda3/lib/python3.6/site-packages/rasa_core/interpreter.py", line 257, in _load_interpreter
    self.interpreter = Interpreter.load(self.model_directory)
  File "/root/anaconda3/lib/python3.6/site-packages/rasa_nlu/model.py", line 304, in load
    skip_validation)
  File "/root/anaconda3/lib/python3.6/site-packages/rasa_nlu/model.py", line 325, in create
    components.validate_requirements(model_metadata.component_classes)
  File "/root/anaconda3/lib/python3.6/site-packages/rasa_nlu/components.py", line 46, in validate_requirements
    "Please install {}".format(", ".join(failed_imports)))
Exception: Not all required packages are installed. To use this pipeline, you need to install the missing dependencies. Please install sklearn_crfsuite
:0: UserWarning: You do not have a working installation of the service_identity module: 'No module named 'service_identity''.  Please install it from <https://pypi.python.org/pypi/service_identity> and make sure all of its dependencies are satisfied.  Without the service_identity module, Twisted can perform only rudimentary TLS client hostname verification.  Many valid certificate/hostname mappings may be rejected.
/root/anaconda3/lib/python3.6/site-packages/tensorflow/python/framework/dtypes.py:526: FutureWarning: Passing (type, 1) or '1type' as a synonym of type is deprecated; in a future version of numpy, it will be understood as (type, (1,)) / '(1,)type'.
  _np_qint8 = np.dtype([("qint8", np.int8, 1)])
/root/anaconda3/lib/python3.6/site-packages/tensorflow/python/framework/dtypes.py:527: FutureWarning: Passing (type, 1) or '1type' as a synonym of type is deprecated; in a future version of numpy, it will be understood as (type, (1,)) / '(1,)type'.
  _np_quint8 = np.dtype([("quint8", np.uint8, 1)])
/root/anaconda3/lib/python3.6/site-packages/tensorflow/python/framework/dtypes.py:528: FutureWarning: Passing (type, 1) or '1type' as a synonym of type is deprecated; in a future version of numpy, it will be understood as (type, (1,)) / '(1,)type'.
  _np_qint16 = np.dtype([("qint16", np.int16, 1)])
/root/anaconda3/lib/python3.6/site-packages/tensorflow/python/framework/dtypes.py:529: FutureWarning: Passing (type, 1) or '1type' as a synonym of type is deprecated; in a future version of numpy, it will be understood as (type, (1,)) / '(1,)type'.
  _np_quint16 = np.dtype([("quint16", np.uint16, 1)])
/root/anaconda3/lib/python3.6/site-packages/tensorflow/python/framework/dtypes.py:530: FutureWarning: Passing (type, 1) or '1type' as a synonym of type is deprecated; in a future version of numpy, it will be understood as (type, (1,)) / '(1,)type'.
  _np_qint32 = np.dtype([("qint32", np.int32, 1)])
/root/anaconda3/lib/python3.6/site-packages/tensorflow/python/framework/dtypes.py:535: FutureWarning: Passing (type, 1) or '1type' as a synonym of type is deprecated; in a future version of numpy, it will be understood as (type, (1,)) / '(1,)type'.
  np_resource = np.dtype([("resource", np.ubyte, 1)])
/root/anaconda3/lib/python3.6/site-packages/h5py/__init__.py:36: FutureWarning: Conversion of the second argument of issubdtype from `float` to `np.floating` is deprecated. In future, it will be treated as `np.float64 == np.dtype(float).type`.
  from ._conv import register_converters as _register_converters
/root/anaconda3/lib/python3.6/runpy.py:125: RuntimeWarning: 'rasa_core.run' found in sys.modules after import of package 'rasa_core', but prior to execution of 'rasa_core.run'; this may result in unpredictable behaviour
  warn(RuntimeWarning(msg))
2019-12-25 14:51:34 INFO     root  - Rasa process starting
Traceback (most recent call last):
  File "/root/anaconda3/lib/python3.6/runpy.py", line 193, in _run_module_as_main
    "__main__", mod_spec)
  File "/root/anaconda3/lib/python3.6/runpy.py", line 85, in _run_code
    exec(code, run_globals)
  File "/root/anaconda3/lib/python3.6/site-packages/rasa_core/run.py", line 196, in <module>
    _endpoints.nlu)
  File "/root/anaconda3/lib/python3.6/site-packages/rasa_core/interpreter.py", line 34, in create
    return RasaNLUInterpreter(model_directory=obj)
  File "/root/anaconda3/lib/python3.6/site-packages/rasa_core/interpreter.py", line 234, in __init__
    self._load_interpreter()
  File "/root/anaconda3/lib/python3.6/site-packages/rasa_core/interpreter.py", line 257, in _load_interpreter
    self.interpreter = Interpreter.load(self.model_directory)
  File "/root/anaconda3/lib/python3.6/site-packages/rasa_nlu/model.py", line 304, in load
    skip_validation)
  File "/root/anaconda3/lib/python3.6/site-packages/rasa_nlu/model.py", line 325, in create
    components.validate_requirements(model_metadata.component_classes)
  File "/root/anaconda3/lib/python3.6/site-packages/rasa_nlu/components.py", line 46, in validate_requirements
    "Please install {}".format(", ".join(failed_imports)))
Exception: Not all required packages are installed. To use this pipeline, you need to install the missing dependencies. Please install sklearn_crfsuite
:0: UserWarning: You do not have a working installation of the service_identity module: 'No module named 'service_identity''.  Please install it from <https://pypi.python.org/pypi/service_identity> and make sure all of its dependencies are satisfied.  Without the service_identity module, Twisted can perform only rudimentary TLS client hostname verification.  Many valid certificate/hostname mappings may be rejected.
/root/anaconda3/lib/python3.6/site-packages/tensorflow/python/framework/dtypes.py:526: FutureWarning: Passing (type, 1) or '1type' as a synonym of type is deprecated; in a future version of numpy, it will be understood as (type, (1,)) / '(1,)type'.
  _np_qint8 = np.dtype([("qint8", np.int8, 1)])
/root/anaconda3/lib/python3.6/site-packages/tensorflow/python/framework/dtypes.py:527: FutureWarning: Passing (type, 1) or '1type' as a synonym of type is deprecated; in a future version of numpy, it will be understood as (type, (1,)) / '(1,)type'.
  _np_quint8 = np.dtype([("quint8", np.uint8, 1)])
/root/anaconda3/lib/python3.6/site-packages/tensorflow/python/framework/dtypes.py:528: FutureWarning: Passing (type, 1) or '1type' as a synonym of type is deprecated; in a future version of numpy, it will be understood as (type, (1,)) / '(1,)type'.
  _np_qint16 = np.dtype([("qint16", np.int16, 1)])
/root/anaconda3/lib/python3.6/site-packages/tensorflow/python/framework/dtypes.py:529: FutureWarning: Passing (type, 1) or '1type' as a synonym of type is deprecated; in a future version of numpy, it will be understood as (type, (1,)) / '(1,)type'.
  _np_quint16 = np.dtype([("quint16", np.uint16, 1)])
/root/anaconda3/lib/python3.6/site-packages/tensorflow/python/framework/dtypes.py:530: FutureWarning: Passing (type, 1) or '1type' as a synonym of type is deprecated; in a future version of numpy, it will be understood as (type, (1,)) / '(1,)type'.
  _np_qint32 = np.dtype([("qint32", np.int32, 1)])
/root/anaconda3/lib/python3.6/site-packages/tensorflow/python/framework/dtypes.py:535: FutureWarning: Passing (type, 1) or '1type' as a synonym of type is deprecated; in a future version of numpy, it will be understood as (type, (1,)) / '(1,)type'.
  np_resource = np.dtype([("resource", np.ubyte, 1)])
/root/anaconda3/lib/python3.6/site-packages/h5py/__init__.py:36: FutureWarning: Conversion of the second argument of issubdtype from `float` to `np.floating` is deprecated. In future, it will be treated as `np.float64 == np.dtype(float).type`.
  from ._conv import register_converters as _register_converters
/root/anaconda3/lib/python3.6/runpy.py:125: RuntimeWarning: 'rasa_core.run' found in sys.modules after import of package 'rasa_core', but prior to execution of 'rasa_core.run'; this may result in unpredictable behaviour
  warn(RuntimeWarning(msg))
2019-12-25 14:51:37 INFO     root  - Rasa process starting
Traceback (most recent call last):
  File "/root/anaconda3/lib/python3.6/runpy.py", line 193, in _run_module_as_main
    "__main__", mod_spec)
  File "/root/anaconda3/lib/python3.6/runpy.py", line 85, in _run_code
    exec(code, run_globals)
  File "/root/anaconda3/lib/python3.6/site-packages/rasa_core/run.py", line 196, in <module>
    _endpoints.nlu)
  File "/root/anaconda3/lib/python3.6/site-packages/rasa_core/interpreter.py", line 34, in create
    return RasaNLUInterpreter(model_directory=obj)
  File "/root/anaconda3/lib/python3.6/site-packages/rasa_core/interpreter.py", line 234, in __init__
    self._load_interpreter()
  File "/root/anaconda3/lib/python3.6/site-packages/rasa_core/interpreter.py", line 257, in _load_interpreter
    self.interpreter = Interpreter.load(self.model_directory)
  File "/root/anaconda3/lib/python3.6/site-packages/rasa_nlu/model.py", line 304, in load
    skip_validation)
  File "/root/anaconda3/lib/python3.6/site-packages/rasa_nlu/model.py", line 325, in create
    components.validate_requirements(model_metadata.component_classes)
  File "/root/anaconda3/lib/python3.6/site-packages/rasa_nlu/components.py", line 46, in validate_requirements
    "Please install {}".format(", ".join(failed_imports)))
Exception: Not all required packages are installed. To use this pipeline, you need to install the missing dependencies. Please install sklearn_crfsuite
:0: UserWarning: You do not have a working installation of the service_identity module: 'No module named 'service_identity''.  Please install it from <https://pypi.python.org/pypi/service_identity> and make sure all of its dependencies are satisfied.  Without the service_identity module, Twisted can perform only rudimentary TLS client hostname verification.  Many valid certificate/hostname mappings may be rejected.
/root/anaconda3/lib/python3.6/site-packages/tensorflow/python/framework/dtypes.py:526: FutureWarning: Passing (type, 1) or '1type' as a synonym of type is deprecated; in a future version of numpy, it will be understood as (type, (1,)) / '(1,)type'.
  _np_qint8 = np.dtype([("qint8", np.int8, 1)])
/root/anaconda3/lib/python3.6/site-packages/tensorflow/python/framework/dtypes.py:527: FutureWarning: Passing (type, 1) or '1type' as a synonym of type is deprecated; in a future version of numpy, it will be understood as (type, (1,)) / '(1,)type'.
  _np_quint8 = np.dtype([("quint8", np.uint8, 1)])
/root/anaconda3/lib/python3.6/site-packages/tensorflow/python/framework/dtypes.py:528: FutureWarning: Passing (type, 1) or '1type' as a synonym of type is deprecated; in a future version of numpy, it will be understood as (type, (1,)) / '(1,)type'.
  _np_qint16 = np.dtype([("qint16", np.int16, 1)])
/root/anaconda3/lib/python3.6/site-packages/tensorflow/python/framework/dtypes.py:529: FutureWarning: Passing (type, 1) or '1type' as a synonym of type is deprecated; in a future version of numpy, it will be understood as (type, (1,)) / '(1,)type'.
  _np_quint16 = np.dtype([("quint16", np.uint16, 1)])
/root/anaconda3/lib/python3.6/site-packages/tensorflow/python/framework/dtypes.py:530: FutureWarning: Passing (type, 1) or '1type' as a synonym of type is deprecated; in a future version of numpy, it will be understood as (type, (1,)) / '(1,)type'.
  _np_qint32 = np.dtype([("qint32", np.int32, 1)])
/root/anaconda3/lib/python3.6/site-packages/tensorflow/python/framework/dtypes.py:535: FutureWarning: Passing (type, 1) or '1type' as a synonym of type is deprecated; in a future version of numpy, it will be understood as (type, (1,)) / '(1,)type'.
  np_resource = np.dtype([("resource", np.ubyte, 1)])
/root/anaconda3/lib/python3.6/site-packages/h5py/__init__.py:36: FutureWarning: Conversion of the second argument of issubdtype from `float` to `np.floating` is deprecated. In future, it will be treated as `np.float64 == np.dtype(float).type`.
  from ._conv import register_converters as _register_converters
/root/anaconda3/lib/python3.6/runpy.py:125: RuntimeWarning: 'rasa_core.run' found in sys.modules after import of package 'rasa_core', but prior to execution of 'rasa_core.run'; this may result in unpredictable behaviour
  warn(RuntimeWarning(msg))
2019-12-25 14:51:40 INFO     root  - Rasa process starting
Traceback (most recent call last):
  File "/root/anaconda3/lib/python3.6/runpy.py", line 193, in _run_module_as_main
    "__main__", mod_spec)
  File "/root/anaconda3/lib/python3.6/runpy.py", line 85, in _run_code
    exec(code, run_globals)
  File "/root/anaconda3/lib/python3.6/site-packages/rasa_core/run.py", line 196, in <module>
    _endpoints.nlu)
  File "/root/anaconda3/lib/python3.6/site-packages/rasa_core/interpreter.py", line 34, in create
    return RasaNLUInterpreter(model_directory=obj)
  File "/root/anaconda3/lib/python3.6/site-packages/rasa_core/interpreter.py", line 234, in __init__
    self._load_interpreter()
  File "/root/anaconda3/lib/python3.6/site-packages/rasa_core/interpreter.py", line 257, in _load_interpreter
    self.interpreter = Interpreter.load(self.model_directory)
  File "/root/anaconda3/lib/python3.6/site-packages/rasa_nlu/model.py", line 304, in load
    skip_validation)
  File "/root/anaconda3/lib/python3.6/site-packages/rasa_nlu/model.py", line 325, in create
    components.validate_requirements(model_metadata.component_classes)
  File "/root/anaconda3/lib/python3.6/site-packages/rasa_nlu/components.py", line 46, in validate_requirements
    "Please install {}".format(", ".join(failed_imports)))
Exception: Not all required packages are installed. To use this pipeline, you need to install the missing dependencies. Please install sklearn_crfsuite
:0: UserWarning: You do not have a working installation of the service_identity module: 'No module named 'service_identity''.  Please install it from <https://pypi.python.org/pypi/service_identity> and make sure all of its dependencies are satisfied.  Without the service_identity module, Twisted can perform only rudimentary TLS client hostname verification.  Many valid certificate/hostname mappings may be rejected.
/root/anaconda3/lib/python3.6/site-packages/tensorflow/python/framework/dtypes.py:526: FutureWarning: Passing (type, 1) or '1type' as a synonym of type is deprecated; in a future version of numpy, it will be understood as (type, (1,)) / '(1,)type'.
  _np_qint8 = np.dtype([("qint8", np.int8, 1)])
/root/anaconda3/lib/python3.6/site-packages/tensorflow/python/framework/dtypes.py:527: FutureWarning: Passing (type, 1) or '1type' as a synonym of type is deprecated; in a future version of numpy, it will be understood as (type, (1,)) / '(1,)type'.
  _np_quint8 = np.dtype([("quint8", np.uint8, 1)])
/root/anaconda3/lib/python3.6/site-packages/tensorflow/python/framework/dtypes.py:528: FutureWarning: Passing (type, 1) or '1type' as a synonym of type is deprecated; in a future version of numpy, it will be understood as (type, (1,)) / '(1,)type'.
  _np_qint16 = np.dtype([("qint16", np.int16, 1)])
/root/anaconda3/lib/python3.6/site-packages/tensorflow/python/framework/dtypes.py:529: FutureWarning: Passing (type, 1) or '1type' as a synonym of type is deprecated; in a future version of numpy, it will be understood as (type, (1,)) / '(1,)type'.
  _np_quint16 = np.dtype([("quint16", np.uint16, 1)])
/root/anaconda3/lib/python3.6/site-packages/tensorflow/python/framework/dtypes.py:530: FutureWarning: Passing (type, 1) or '1type' as a synonym of type is deprecated; in a future version of numpy, it will be understood as (type, (1,)) / '(1,)type'.
  _np_qint32 = np.dtype([("qint32", np.int32, 1)])
/root/anaconda3/lib/python3.6/site-packages/tensorflow/python/framework/dtypes.py:535: FutureWarning: Passing (type, 1) or '1type' as a synonym of type is deprecated; in a future version of numpy, it will be understood as (type, (1,)) / '(1,)type'.
  np_resource = np.dtype([("resource", np.ubyte, 1)])
/root/anaconda3/lib/python3.6/site-packages/h5py/__init__.py:36: FutureWarning: Conversion of the second argument of issubdtype from `float` to `np.floating` is deprecated. In future, it will be treated as `np.float64 == np.dtype(float).type`.
  from ._conv import register_converters as _register_converters
/root/anaconda3/lib/python3.6/runpy.py:125: RuntimeWarning: 'rasa_core.run' found in sys.modules after import of package 'rasa_core', but prior to execution of 'rasa_core.run'; this may result in unpredictable behaviour
  warn(RuntimeWarning(msg))
2019-12-25 14:51:44 INFO     root  - Rasa process starting
Traceback (most recent call last):
  File "/root/anaconda3/lib/python3.6/runpy.py", line 193, in _run_module_as_main
    "__main__", mod_spec)
  File "/root/anaconda3/lib/python3.6/runpy.py", line 85, in _run_code
    exec(code, run_globals)
  File "/root/anaconda3/lib/python3.6/site-packages/rasa_core/run.py", line 196, in <module>
    _endpoints.nlu)
  File "/root/anaconda3/lib/python3.6/site-packages/rasa_core/interpreter.py", line 34, in create
    return RasaNLUInterpreter(model_directory=obj)
  File "/root/anaconda3/lib/python3.6/site-packages/rasa_core/interpreter.py", line 234, in __init__
    self._load_interpreter()
  File "/root/anaconda3/lib/python3.6/site-packages/rasa_core/interpreter.py", line 257, in _load_interpreter
    self.interpreter = Interpreter.load(self.model_directory)
  File "/root/anaconda3/lib/python3.6/site-packages/rasa_nlu/model.py", line 304, in load
    skip_validation)
  File "/root/anaconda3/lib/python3.6/site-packages/rasa_nlu/model.py", line 325, in create
    components.validate_requirements(model_metadata.component_classes)
  File "/root/anaconda3/lib/python3.6/site-packages/rasa_nlu/components.py", line 46, in validate_requirements
    "Please install {}".format(", ".join(failed_imports)))
Exception: Not all required packages are installed. To use this pipeline, you need to install the missing dependencies. Please install sklearn_crfsuite
:0: UserWarning: You do not have a working installation of the service_identity module: 'No module named 'service_identity''.  Please install it from <https://pypi.python.org/pypi/service_identity> and make sure all of its dependencies are satisfied.  Without the service_identity module, Twisted can perform only rudimentary TLS client hostname verification.  Many valid certificate/hostname mappings may be rejected.
/root/anaconda3/lib/python3.6/site-packages/tensorflow/python/framework/dtypes.py:526: FutureWarning: Passing (type, 1) or '1type' as a synonym of type is deprecated; in a future version of numpy, it will be understood as (type, (1,)) / '(1,)type'.
  _np_qint8 = np.dtype([("qint8", np.int8, 1)])
/root/anaconda3/lib/python3.6/site-packages/tensorflow/python/framework/dtypes.py:527: FutureWarning: Passing (type, 1) or '1type' as a synonym of type is deprecated; in a future version of numpy, it will be understood as (type, (1,)) / '(1,)type'.
  _np_quint8 = np.dtype([("quint8", np.uint8, 1)])
/root/anaconda3/lib/python3.6/site-packages/tensorflow/python/framework/dtypes.py:528: FutureWarning: Passing (type, 1) or '1type' as a synonym of type is deprecated; in a future version of numpy, it will be understood as (type, (1,)) / '(1,)type'.
  _np_qint16 = np.dtype([("qint16", np.int16, 1)])
/root/anaconda3/lib/python3.6/site-packages/tensorflow/python/framework/dtypes.py:529: FutureWarning: Passing (type, 1) or '1type' as a synonym of type is deprecated; in a future version of numpy, it will be understood as (type, (1,)) / '(1,)type'.
  _np_quint16 = np.dtype([("quint16", np.uint16, 1)])
/root/anaconda3/lib/python3.6/site-packages/tensorflow/python/framework/dtypes.py:530: FutureWarning: Passing (type, 1) or '1type' as a synonym of type is deprecated; in a future version of numpy, it will be understood as (type, (1,)) / '(1,)type'.
  _np_qint32 = np.dtype([("qint32", np.int32, 1)])
/root/anaconda3/lib/python3.6/site-packages/tensorflow/python/framework/dtypes.py:535: FutureWarning: Passing (type, 1) or '1type' as a synonym of type is deprecated; in a future version of numpy, it will be understood as (type, (1,)) / '(1,)type'.
  np_resource = np.dtype([("resource", np.ubyte, 1)])
/root/anaconda3/lib/python3.6/site-packages/h5py/__init__.py:36: FutureWarning: Conversion of the second argument of issubdtype from `float` to `np.floating` is deprecated. In future, it will be treated as `np.float64 == np.dtype(float).type`.
  from ._conv import register_converters as _register_converters
/root/anaconda3/lib/python3.6/runpy.py:125: RuntimeWarning: 'rasa_core.run' found in sys.modules after import of package 'rasa_core', but prior to execution of 'rasa_core.run'; this may result in unpredictable behaviour
  warn(RuntimeWarning(msg))
2019-12-25 14:51:47 INFO     root  - Rasa process starting
Traceback (most recent call last):
  File "/root/anaconda3/lib/python3.6/runpy.py", line 193, in _run_module_as_main
    "__main__", mod_spec)
  File "/root/anaconda3/lib/python3.6/runpy.py", line 85, in _run_code
    exec(code, run_globals)
  File "/root/anaconda3/lib/python3.6/site-packages/rasa_core/run.py", line 196, in <module>
    _endpoints.nlu)
  File "/root/anaconda3/lib/python3.6/site-packages/rasa_core/interpreter.py", line 34, in create
    return RasaNLUInterpreter(model_directory=obj)
  File "/root/anaconda3/lib/python3.6/site-packages/rasa_core/interpreter.py", line 234, in __init__
    self._load_interpreter()
  File "/root/anaconda3/lib/python3.6/site-packages/rasa_core/interpreter.py", line 257, in _load_interpreter
    self.interpreter = Interpreter.load(self.model_directory)
  File "/root/anaconda3/lib/python3.6/site-packages/rasa_nlu/model.py", line 304, in load
    skip_validation)
  File "/root/anaconda3/lib/python3.6/site-packages/rasa_nlu/model.py", line 325, in create
    components.validate_requirements(model_metadata.component_classes)
  File "/root/anaconda3/lib/python3.6/site-packages/rasa_nlu/components.py", line 46, in validate_requirements
    "Please install {}".format(", ".join(failed_imports)))
Exception: Not all required packages are installed. To use this pipeline, you need to install the missing dependencies. Please install sklearn_crfsuite
:0: UserWarning: You do not have a working installation of the service_identity module: 'No module named 'service_identity''.  Please install it from <https://pypi.python.org/pypi/service_identity> and make sure all of its dependencies are satisfied.  Without the service_identity module, Twisted can perform only rudimentary TLS client hostname verification.  Many valid certificate/hostname mappings may be rejected.
/root/anaconda3/lib/python3.6/site-packages/tensorflow/python/framework/dtypes.py:526: FutureWarning: Passing (type, 1) or '1type' as a synonym of type is deprecated; in a future version of numpy, it will be understood as (type, (1,)) / '(1,)type'.
  _np_qint8 = np.dtype([("qint8", np.int8, 1)])
/root/anaconda3/lib/python3.6/site-packages/tensorflow/python/framework/dtypes.py:527: FutureWarning: Passing (type, 1) or '1type' as a synonym of type is deprecated; in a future version of numpy, it will be understood as (type, (1,)) / '(1,)type'.
  _np_quint8 = np.dtype([("quint8", np.uint8, 1)])
/root/anaconda3/lib/python3.6/site-packages/tensorflow/python/framework/dtypes.py:528: FutureWarning: Passing (type, 1) or '1type' as a synonym of type is deprecated; in a future version of numpy, it will be understood as (type, (1,)) / '(1,)type'.
  _np_qint16 = np.dtype([("qint16", np.int16, 1)])
/root/anaconda3/lib/python3.6/site-packages/tensorflow/python/framework/dtypes.py:529: FutureWarning: Passing (type, 1) or '1type' as a synonym of type is deprecated; in a future version of numpy, it will be understood as (type, (1,)) / '(1,)type'.
  _np_quint16 = np.dtype([("quint16", np.uint16, 1)])
/root/anaconda3/lib/python3.6/site-packages/tensorflow/python/framework/dtypes.py:530: FutureWarning: Passing (type, 1) or '1type' as a synonym of type is deprecated; in a future version of numpy, it will be understood as (type, (1,)) / '(1,)type'.
  _np_qint32 = np.dtype([("qint32", np.int32, 1)])
/root/anaconda3/lib/python3.6/site-packages/tensorflow/python/framework/dtypes.py:535: FutureWarning: Passing (type, 1) or '1type' as a synonym of type is deprecated; in a future version of numpy, it will be understood as (type, (1,)) / '(1,)type'.
  np_resource = np.dtype([("resource", np.ubyte, 1)])
/root/anaconda3/lib/python3.6/site-packages/h5py/__init__.py:36: FutureWarning: Conversion of the second argument of issubdtype from `float` to `np.floating` is deprecated. In future, it will be treated as `np.float64 == np.dtype(float).type`.
  from ._conv import register_converters as _register_converters
/root/anaconda3/lib/python3.6/runpy.py:125: RuntimeWarning: 'rasa_core.run' found in sys.modules after import of package 'rasa_core', but prior to execution of 'rasa_core.run'; this may result in unpredictable behaviour
  warn(RuntimeWarning(msg))
2019-12-25 14:51:51 INFO     root  - Rasa process starting
Traceback (most recent call last):
  File "/root/anaconda3/lib/python3.6/runpy.py", line 193, in _run_module_as_main
    "__main__", mod_spec)
  File "/root/anaconda3/lib/python3.6/runpy.py", line 85, in _run_code
    exec(code, run_globals)
  File "/root/anaconda3/lib/python3.6/site-packages/rasa_core/run.py", line 196, in <module>
    _endpoints.nlu)
  File "/root/anaconda3/lib/python3.6/site-packages/rasa_core/interpreter.py", line 34, in create
    return RasaNLUInterpreter(model_directory=obj)
  File "/root/anaconda3/lib/python3.6/site-packages/rasa_core/interpreter.py", line 234, in __init__
    self._load_interpreter()
  File "/root/anaconda3/lib/python3.6/site-packages/rasa_core/interpreter.py", line 257, in _load_interpreter
    self.interpreter = Interpreter.load(self.model_directory)
  File "/root/anaconda3/lib/python3.6/site-packages/rasa_nlu/model.py", line 304, in load
    skip_validation)
  File "/root/anaconda3/lib/python3.6/site-packages/rasa_nlu/model.py", line 325, in create
    components.validate_requirements(model_metadata.component_classes)
  File "/root/anaconda3/lib/python3.6/site-packages/rasa_nlu/components.py", line 46, in validate_requirements
    "Please install {}".format(", ".join(failed_imports)))
Exception: Not all required packages are installed. To use this pipeline, you need to install the missing dependencies. Please install sklearn_crfsuite
:0: UserWarning: You do not have a working installation of the service_identity module: 'No module named 'service_identity''.  Please install it from <https://pypi.python.org/pypi/service_identity> and make sure all of its dependencies are satisfied.  Without the service_identity module, Twisted can perform only rudimentary TLS client hostname verification.  Many valid certificate/hostname mappings may be rejected.
/root/anaconda3/lib/python3.6/site-packages/tensorflow/python/framework/dtypes.py:526: FutureWarning: Passing (type, 1) or '1type' as a synonym of type is deprecated; in a future version of numpy, it will be understood as (type, (1,)) / '(1,)type'.
  _np_qint8 = np.dtype([("qint8", np.int8, 1)])
/root/anaconda3/lib/python3.6/site-packages/tensorflow/python/framework/dtypes.py:527: FutureWarning: Passing (type, 1) or '1type' as a synonym of type is deprecated; in a future version of numpy, it will be understood as (type, (1,)) / '(1,)type'.
  _np_quint8 = np.dtype([("quint8", np.uint8, 1)])
/root/anaconda3/lib/python3.6/site-packages/tensorflow/python/framework/dtypes.py:528: FutureWarning: Passing (type, 1) or '1type' as a synonym of type is deprecated; in a future version of numpy, it will be understood as (type, (1,)) / '(1,)type'.
  _np_qint16 = np.dtype([("qint16", np.int16, 1)])
/root/anaconda3/lib/python3.6/site-packages/tensorflow/python/framework/dtypes.py:529: FutureWarning: Passing (type, 1) or '1type' as a synonym of type is deprecated; in a future version of numpy, it will be understood as (type, (1,)) / '(1,)type'.
  _np_quint16 = np.dtype([("quint16", np.uint16, 1)])
/root/anaconda3/lib/python3.6/site-packages/tensorflow/python/framework/dtypes.py:530: FutureWarning: Passing (type, 1) or '1type' as a synonym of type is deprecated; in a future version of numpy, it will be understood as (type, (1,)) / '(1,)type'.
  _np_qint32 = np.dtype([("qint32", np.int32, 1)])
/root/anaconda3/lib/python3.6/site-packages/tensorflow/python/framework/dtypes.py:535: FutureWarning: Passing (type, 1) or '1type' as a synonym of type is deprecated; in a future version of numpy, it will be understood as (type, (1,)) / '(1,)type'.
  np_resource = np.dtype([("resource", np.ubyte, 1)])
/root/anaconda3/lib/python3.6/site-packages/h5py/__init__.py:36: FutureWarning: Conversion of the second argument of issubdtype from `float` to `np.floating` is deprecated. In future, it will be treated as `np.float64 == np.dtype(float).type`.
  from ._conv import register_converters as _register_converters
/root/anaconda3/lib/python3.6/runpy.py:125: RuntimeWarning: 'rasa_core.run' found in sys.modules after import of package 'rasa_core', but prior to execution of 'rasa_core.run'; this may result in unpredictable behaviour
  warn(RuntimeWarning(msg))
2019-12-25 14:51:54 INFO     root  - Rasa process starting
Traceback (most recent call last):
  File "/root/anaconda3/lib/python3.6/runpy.py", line 193, in _run_module_as_main
    "__main__", mod_spec)
  File "/root/anaconda3/lib/python3.6/runpy.py", line 85, in _run_code
    exec(code, run_globals)
  File "/root/anaconda3/lib/python3.6/site-packages/rasa_core/run.py", line 196, in <module>
    _endpoints.nlu)
  File "/root/anaconda3/lib/python3.6/site-packages/rasa_core/interpreter.py", line 34, in create
    return RasaNLUInterpreter(model_directory=obj)
  File "/root/anaconda3/lib/python3.6/site-packages/rasa_core/interpreter.py", line 234, in __init__
    self._load_interpreter()
  File "/root/anaconda3/lib/python3.6/site-packages/rasa_core/interpreter.py", line 257, in _load_interpreter
    self.interpreter = Interpreter.load(self.model_directory)
  File "/root/anaconda3/lib/python3.6/site-packages/rasa_nlu/model.py", line 304, in load
    skip_validation)
  File "/root/anaconda3/lib/python3.6/site-packages/rasa_nlu/model.py", line 325, in create
    components.validate_requirements(model_metadata.component_classes)
  File "/root/anaconda3/lib/python3.6/site-packages/rasa_nlu/components.py", line 46, in validate_requirements
    "Please install {}".format(", ".join(failed_imports)))
Exception: Not all required packages are installed. To use this pipeline, you need to install the missing dependencies. Please install sklearn_crfsuite
:0: UserWarning: You do not have a working installation of the service_identity module: 'No module named 'service_identity''.  Please install it from <https://pypi.python.org/pypi/service_identity> and make sure all of its dependencies are satisfied.  Without the service_identity module, Twisted can perform only rudimentary TLS client hostname verification.  Many valid certificate/hostname mappings may be rejected.
/root/anaconda3/lib/python3.6/site-packages/tensorflow/python/framework/dtypes.py:526: FutureWarning: Passing (type, 1) or '1type' as a synonym of type is deprecated; in a future version of numpy, it will be understood as (type, (1,)) / '(1,)type'.
  _np_qint8 = np.dtype([("qint8", np.int8, 1)])
/root/anaconda3/lib/python3.6/site-packages/tensorflow/python/framework/dtypes.py:527: FutureWarning: Passing (type, 1) or '1type' as a synonym of type is deprecated; in a future version of numpy, it will be understood as (type, (1,)) / '(1,)type'.
  _np_quint8 = np.dtype([("quint8", np.uint8, 1)])
/root/anaconda3/lib/python3.6/site-packages/tensorflow/python/framework/dtypes.py:528: FutureWarning: Passing (type, 1) or '1type' as a synonym of type is deprecated; in a future version of numpy, it will be understood as (type, (1,)) / '(1,)type'.
  _np_qint16 = np.dtype([("qint16", np.int16, 1)])
/root/anaconda3/lib/python3.6/site-packages/tensorflow/python/framework/dtypes.py:529: FutureWarning: Passing (type, 1) or '1type' as a synonym of type is deprecated; in a future version of numpy, it will be understood as (type, (1,)) / '(1,)type'.
  _np_quint16 = np.dtype([("quint16", np.uint16, 1)])
/root/anaconda3/lib/python3.6/site-packages/tensorflow/python/framework/dtypes.py:530: FutureWarning: Passing (type, 1) or '1type' as a synonym of type is deprecated; in a future version of numpy, it will be understood as (type, (1,)) / '(1,)type'.
  _np_qint32 = np.dtype([("qint32", np.int32, 1)])
/root/anaconda3/lib/python3.6/site-packages/tensorflow/python/framework/dtypes.py:535: FutureWarning: Passing (type, 1) or '1type' as a synonym of type is deprecated; in a future version of numpy, it will be understood as (type, (1,)) / '(1,)type'.
  np_resource = np.dtype([("resource", np.ubyte, 1)])
/root/anaconda3/lib/python3.6/site-packages/h5py/__init__.py:36: FutureWarning: Conversion of the second argument of issubdtype from `float` to `np.floating` is deprecated. In future, it will be treated as `np.float64 == np.dtype(float).type`.
  from ._conv import register_converters as _register_converters
/root/anaconda3/lib/python3.6/runpy.py:125: RuntimeWarning: 'rasa_core.run' found in sys.modules after import of package 'rasa_core', but prior to execution of 'rasa_core.run'; this may result in unpredictable behaviour
  warn(RuntimeWarning(msg))
2019-12-25 14:51:58 INFO     root  - Rasa process starting
Traceback (most recent call last):
  File "/root/anaconda3/lib/python3.6/runpy.py", line 193, in _run_module_as_main
    "__main__", mod_spec)
  File "/root/anaconda3/lib/python3.6/runpy.py", line 85, in _run_code
    exec(code, run_globals)
  File "/root/anaconda3/lib/python3.6/site-packages/rasa_core/run.py", line 196, in <module>
    _endpoints.nlu)
  File "/root/anaconda3/lib/python3.6/site-packages/rasa_core/interpreter.py", line 34, in create
    return RasaNLUInterpreter(model_directory=obj)
  File "/root/anaconda3/lib/python3.6/site-packages/rasa_core/interpreter.py", line 234, in __init__
    self._load_interpreter()
  File "/root/anaconda3/lib/python3.6/site-packages/rasa_core/interpreter.py", line 257, in _load_interpreter
    self.interpreter = Interpreter.load(self.model_directory)
  File "/root/anaconda3/lib/python3.6/site-packages/rasa_nlu/model.py", line 304, in load
    skip_validation)
  File "/root/anaconda3/lib/python3.6/site-packages/rasa_nlu/model.py", line 325, in create
    components.validate_requirements(model_metadata.component_classes)
  File "/root/anaconda3/lib/python3.6/site-packages/rasa_nlu/components.py", line 46, in validate_requirements
    "Please install {}".format(", ".join(failed_imports)))
Exception: Not all required packages are installed. To use this pipeline, you need to install the missing dependencies. Please install sklearn_crfsuite
:0: UserWarning: You do not have a working installation of the service_identity module: 'No module named 'service_identity''.  Please install it from <https://pypi.python.org/pypi/service_identity> and make sure all of its dependencies are satisfied.  Without the service_identity module, Twisted can perform only rudimentary TLS client hostname verification.  Many valid certificate/hostname mappings may be rejected.
/root/anaconda3/lib/python3.6/site-packages/tensorflow/python/framework/dtypes.py:526: FutureWarning: Passing (type, 1) or '1type' as a synonym of type is deprecated; in a future version of numpy, it will be understood as (type, (1,)) / '(1,)type'.
  _np_qint8 = np.dtype([("qint8", np.int8, 1)])
/root/anaconda3/lib/python3.6/site-packages/tensorflow/python/framework/dtypes.py:527: FutureWarning: Passing (type, 1) or '1type' as a synonym of type is deprecated; in a future version of numpy, it will be understood as (type, (1,)) / '(1,)type'.
  _np_quint8 = np.dtype([("quint8", np.uint8, 1)])
/root/anaconda3/lib/python3.6/site-packages/tensorflow/python/framework/dtypes.py:528: FutureWarning: Passing (type, 1) or '1type' as a synonym of type is deprecated; in a future version of numpy, it will be understood as (type, (1,)) / '(1,)type'.
  _np_qint16 = np.dtype([("qint16", np.int16, 1)])
/root/anaconda3/lib/python3.6/site-packages/tensorflow/python/framework/dtypes.py:529: FutureWarning: Passing (type, 1) or '1type' as a synonym of type is deprecated; in a future version of numpy, it will be understood as (type, (1,)) / '(1,)type'.
  _np_quint16 = np.dtype([("quint16", np.uint16, 1)])
/root/anaconda3/lib/python3.6/site-packages/tensorflow/python/framework/dtypes.py:530: FutureWarning: Passing (type, 1) or '1type' as a synonym of type is deprecated; in a future version of numpy, it will be understood as (type, (1,)) / '(1,)type'.
  _np_qint32 = np.dtype([("qint32", np.int32, 1)])
/root/anaconda3/lib/python3.6/site-packages/tensorflow/python/framework/dtypes.py:535: FutureWarning: Passing (type, 1) or '1type' as a synonym of type is deprecated; in a future version of numpy, it will be understood as (type, (1,)) / '(1,)type'.
  np_resource = np.dtype([("resource", np.ubyte, 1)])
/root/anaconda3/lib/python3.6/site-packages/h5py/__init__.py:36: FutureWarning: Conversion of the second argument of issubdtype from `float` to `np.floating` is deprecated. In future, it will be treated as `np.float64 == np.dtype(float).type`.
  from ._conv import register_converters as _register_converters
/root/anaconda3/lib/python3.6/runpy.py:125: RuntimeWarning: 'rasa_core.run' found in sys.modules after import of package 'rasa_core', but prior to execution of 'rasa_core.run'; this may result in unpredictable behaviour
  warn(RuntimeWarning(msg))
2019-12-25 14:52:02 INFO     root  - Rasa process starting
Traceback (most recent call last):
  File "/root/anaconda3/lib/python3.6/runpy.py", line 193, in _run_module_as_main
    "__main__", mod_spec)
  File "/root/anaconda3/lib/python3.6/runpy.py", line 85, in _run_code
    exec(code, run_globals)
  File "/root/anaconda3/lib/python3.6/site-packages/rasa_core/run.py", line 196, in <module>
    _endpoints.nlu)
  File "/root/anaconda3/lib/python3.6/site-packages/rasa_core/interpreter.py", line 34, in create
    return RasaNLUInterpreter(model_directory=obj)
  File "/root/anaconda3/lib/python3.6/site-packages/rasa_core/interpreter.py", line 234, in __init__
    self._load_interpreter()
  File "/root/anaconda3/lib/python3.6/site-packages/rasa_core/interpreter.py", line 257, in _load_interpreter
    self.interpreter = Interpreter.load(self.model_directory)
  File "/root/anaconda3/lib/python3.6/site-packages/rasa_nlu/model.py", line 304, in load
    skip_validation)
  File "/root/anaconda3/lib/python3.6/site-packages/rasa_nlu/model.py", line 325, in create
    components.validate_requirements(model_metadata.component_classes)
  File "/root/anaconda3/lib/python3.6/site-packages/rasa_nlu/components.py", line 46, in validate_requirements
    "Please install {}".format(", ".join(failed_imports)))
Exception: Not all required packages are installed. To use this pipeline, you need to install the missing dependencies. Please install sklearn_crfsuite
:0: UserWarning: You do not have a working installation of the service_identity module: 'No module named 'service_identity''.  Please install it from <https://pypi.python.org/pypi/service_identity> and make sure all of its dependencies are satisfied.  Without the service_identity module, Twisted can perform only rudimentary TLS client hostname verification.  Many valid certificate/hostname mappings may be rejected.
/root/anaconda3/lib/python3.6/site-packages/tensorflow/python/framework/dtypes.py:526: FutureWarning: Passing (type, 1) or '1type' as a synonym of type is deprecated; in a future version of numpy, it will be understood as (type, (1,)) / '(1,)type'.
  _np_qint8 = np.dtype([("qint8", np.int8, 1)])
/root/anaconda3/lib/python3.6/site-packages/tensorflow/python/framework/dtypes.py:527: FutureWarning: Passing (type, 1) or '1type' as a synonym of type is deprecated; in a future version of numpy, it will be understood as (type, (1,)) / '(1,)type'.
  _np_quint8 = np.dtype([("quint8", np.uint8, 1)])
/root/anaconda3/lib/python3.6/site-packages/tensorflow/python/framework/dtypes.py:528: FutureWarning: Passing (type, 1) or '1type' as a synonym of type is deprecated; in a future version of numpy, it will be understood as (type, (1,)) / '(1,)type'.
  _np_qint16 = np.dtype([("qint16", np.int16, 1)])
/root/anaconda3/lib/python3.6/site-packages/tensorflow/python/framework/dtypes.py:529: FutureWarning: Passing (type, 1) or '1type' as a synonym of type is deprecated; in a future version of numpy, it will be understood as (type, (1,)) / '(1,)type'.
  _np_quint16 = np.dtype([("quint16", np.uint16, 1)])
/root/anaconda3/lib/python3.6/site-packages/tensorflow/python/framework/dtypes.py:530: FutureWarning: Passing (type, 1) or '1type' as a synonym of type is deprecated; in a future version of numpy, it will be understood as (type, (1,)) / '(1,)type'.
  _np_qint32 = np.dtype([("qint32", np.int32, 1)])
/root/anaconda3/lib/python3.6/site-packages/tensorflow/python/framework/dtypes.py:535: FutureWarning: Passing (type, 1) or '1type' as a synonym of type is deprecated; in a future version of numpy, it will be understood as (type, (1,)) / '(1,)type'.
  np_resource = np.dtype([("resource", np.ubyte, 1)])
/root/anaconda3/lib/python3.6/site-packages/h5py/__init__.py:36: FutureWarning: Conversion of the second argument of issubdtype from `float` to `np.floating` is deprecated. In future, it will be treated as `np.float64 == np.dtype(float).type`.
  from ._conv import register_converters as _register_converters
/root/anaconda3/lib/python3.6/runpy.py:125: RuntimeWarning: 'rasa_core.run' found in sys.modules after import of package 'rasa_core', but prior to execution of 'rasa_core.run'; this may result in unpredictable behaviour
  warn(RuntimeWarning(msg))
2019-12-25 14:52:05 INFO     root  - Rasa process starting
Traceback (most recent call last):
  File "/root/anaconda3/lib/python3.6/runpy.py", line 193, in _run_module_as_main
    "__main__", mod_spec)
  File "/root/anaconda3/lib/python3.6/runpy.py", line 85, in _run_code
    exec(code, run_globals)
  File "/root/anaconda3/lib/python3.6/site-packages/rasa_core/run.py", line 196, in <module>
    _endpoints.nlu)
  File "/root/anaconda3/lib/python3.6/site-packages/rasa_core/interpreter.py", line 34, in create
    return RasaNLUInterpreter(model_directory=obj)
  File "/root/anaconda3/lib/python3.6/site-packages/rasa_core/interpreter.py", line 234, in __init__
    self._load_interpreter()
  File "/root/anaconda3/lib/python3.6/site-packages/rasa_core/interpreter.py", line 257, in _load_interpreter
    self.interpreter = Interpreter.load(self.model_directory)
  File "/root/anaconda3/lib/python3.6/site-packages/rasa_nlu/model.py", line 304, in load
    skip_validation)
  File "/root/anaconda3/lib/python3.6/site-packages/rasa_nlu/model.py", line 325, in create
    components.validate_requirements(model_metadata.component_classes)
  File "/root/anaconda3/lib/python3.6/site-packages/rasa_nlu/components.py", line 46, in validate_requirements
    "Please install {}".format(", ".join(failed_imports)))
Exception: Not all required packages are installed. To use this pipeline, you need to install the missing dependencies. Please install sklearn_crfsuite
:0: UserWarning: You do not have a working installation of the service_identity module: 'No module named 'service_identity''.  Please install it from <https://pypi.python.org/pypi/service_identity> and make sure all of its dependencies are satisfied.  Without the service_identity module, Twisted can perform only rudimentary TLS client hostname verification.  Many valid certificate/hostname mappings may be rejected.
/root/anaconda3/lib/python3.6/site-packages/tensorflow/python/framework/dtypes.py:526: FutureWarning: Passing (type, 1) or '1type' as a synonym of type is deprecated; in a future version of numpy, it will be understood as (type, (1,)) / '(1,)type'.
  _np_qint8 = np.dtype([("qint8", np.int8, 1)])
/root/anaconda3/lib/python3.6/site-packages/tensorflow/python/framework/dtypes.py:527: FutureWarning: Passing (type, 1) or '1type' as a synonym of type is deprecated; in a future version of numpy, it will be understood as (type, (1,)) / '(1,)type'.
  _np_quint8 = np.dtype([("quint8", np.uint8, 1)])
/root/anaconda3/lib/python3.6/site-packages/tensorflow/python/framework/dtypes.py:528: FutureWarning: Passing (type, 1) or '1type' as a synonym of type is deprecated; in a future version of numpy, it will be understood as (type, (1,)) / '(1,)type'.
  _np_qint16 = np.dtype([("qint16", np.int16, 1)])
/root/anaconda3/lib/python3.6/site-packages/tensorflow/python/framework/dtypes.py:529: FutureWarning: Passing (type, 1) or '1type' as a synonym of type is deprecated; in a future version of numpy, it will be understood as (type, (1,)) / '(1,)type'.
  _np_quint16 = np.dtype([("quint16", np.uint16, 1)])
/root/anaconda3/lib/python3.6/site-packages/tensorflow/python/framework/dtypes.py:530: FutureWarning: Passing (type, 1) or '1type' as a synonym of type is deprecated; in a future version of numpy, it will be understood as (type, (1,)) / '(1,)type'.
  _np_qint32 = np.dtype([("qint32", np.int32, 1)])
/root/anaconda3/lib/python3.6/site-packages/tensorflow/python/framework/dtypes.py:535: FutureWarning: Passing (type, 1) or '1type' as a synonym of type is deprecated; in a future version of numpy, it will be understood as (type, (1,)) / '(1,)type'.
  np_resource = np.dtype([("resource", np.ubyte, 1)])
/root/anaconda3/lib/python3.6/site-packages/h5py/__init__.py:36: FutureWarning: Conversion of the second argument of issubdtype from `float` to `np.floating` is deprecated. In future, it will be treated as `np.float64 == np.dtype(float).type`.
  from ._conv import register_converters as _register_converters
/root/anaconda3/lib/python3.6/runpy.py:125: RuntimeWarning: 'rasa_core.run' found in sys.modules after import of package 'rasa_core', but prior to execution of 'rasa_core.run'; this may result in unpredictable behaviour
  warn(RuntimeWarning(msg))
2019-12-25 14:52:09 INFO     root  - Rasa process starting
Traceback (most recent call last):
  File "/root/anaconda3/lib/python3.6/runpy.py", line 193, in _run_module_as_main
    "__main__", mod_spec)
  File "/root/anaconda3/lib/python3.6/runpy.py", line 85, in _run_code
    exec(code, run_globals)
  File "/root/anaconda3/lib/python3.6/site-packages/rasa_core/run.py", line 196, in <module>
    _endpoints.nlu)
  File "/root/anaconda3/lib/python3.6/site-packages/rasa_core/interpreter.py", line 34, in create
    return RasaNLUInterpreter(model_directory=obj)
  File "/root/anaconda3/lib/python3.6/site-packages/rasa_core/interpreter.py", line 234, in __init__
    self._load_interpreter()
  File "/root/anaconda3/lib/python3.6/site-packages/rasa_core/interpreter.py", line 257, in _load_interpreter
    self.interpreter = Interpreter.load(self.model_directory)
  File "/root/anaconda3/lib/python3.6/site-packages/rasa_nlu/model.py", line 304, in load
    skip_validation)
  File "/root/anaconda3/lib/python3.6/site-packages/rasa_nlu/model.py", line 325, in create
    components.validate_requirements(model_metadata.component_classes)
  File "/root/anaconda3/lib/python3.6/site-packages/rasa_nlu/components.py", line 46, in validate_requirements
    "Please install {}".format(", ".join(failed_imports)))
Exception: Not all required packages are installed. To use this pipeline, you need to install the missing dependencies. Please install sklearn_crfsuite
:0: UserWarning: You do not have a working installation of the service_identity module: 'No module named 'service_identity''.  Please install it from <https://pypi.python.org/pypi/service_identity> and make sure all of its dependencies are satisfied.  Without the service_identity module, Twisted can perform only rudimentary TLS client hostname verification.  Many valid certificate/hostname mappings may be rejected.
/root/anaconda3/lib/python3.6/site-packages/tensorflow/python/framework/dtypes.py:526: FutureWarning: Passing (type, 1) or '1type' as a synonym of type is deprecated; in a future version of numpy, it will be understood as (type, (1,)) / '(1,)type'.
  _np_qint8 = np.dtype([("qint8", np.int8, 1)])
/root/anaconda3/lib/python3.6/site-packages/tensorflow/python/framework/dtypes.py:527: FutureWarning: Passing (type, 1) or '1type' as a synonym of type is deprecated; in a future version of numpy, it will be understood as (type, (1,)) / '(1,)type'.
  _np_quint8 = np.dtype([("quint8", np.uint8, 1)])
/root/anaconda3/lib/python3.6/site-packages/tensorflow/python/framework/dtypes.py:528: FutureWarning: Passing (type, 1) or '1type' as a synonym of type is deprecated; in a future version of numpy, it will be understood as (type, (1,)) / '(1,)type'.
  _np_qint16 = np.dtype([("qint16", np.int16, 1)])
/root/anaconda3/lib/python3.6/site-packages/tensorflow/python/framework/dtypes.py:529: FutureWarning: Passing (type, 1) or '1type' as a synonym of type is deprecated; in a future version of numpy, it will be understood as (type, (1,)) / '(1,)type'.
  _np_quint16 = np.dtype([("quint16", np.uint16, 1)])
/root/anaconda3/lib/python3.6/site-packages/tensorflow/python/framework/dtypes.py:530: FutureWarning: Passing (type, 1) or '1type' as a synonym of type is deprecated; in a future version of numpy, it will be understood as (type, (1,)) / '(1,)type'.
  _np_qint32 = np.dtype([("qint32", np.int32, 1)])
/root/anaconda3/lib/python3.6/site-packages/tensorflow/python/framework/dtypes.py:535: FutureWarning: Passing (type, 1) or '1type' as a synonym of type is deprecated; in a future version of numpy, it will be understood as (type, (1,)) / '(1,)type'.
  np_resource = np.dtype([("resource", np.ubyte, 1)])
/root/anaconda3/lib/python3.6/site-packages/h5py/__init__.py:36: FutureWarning: Conversion of the second argument of issubdtype from `float` to `np.floating` is deprecated. In future, it will be treated as `np.float64 == np.dtype(float).type`.
  from ._conv import register_converters as _register_converters
/root/anaconda3/lib/python3.6/runpy.py:125: RuntimeWarning: 'rasa_core.run' found in sys.modules after import of package 'rasa_core', but prior to execution of 'rasa_core.run'; this may result in unpredictable behaviour
  warn(RuntimeWarning(msg))
2019-12-25 14:52:13 INFO     root  - Rasa process starting
Traceback (most recent call last):
  File "/root/anaconda3/lib/python3.6/runpy.py", line 193, in _run_module_as_main
    "__main__", mod_spec)
  File "/root/anaconda3/lib/python3.6/runpy.py", line 85, in _run_code
    exec(code, run_globals)
  File "/root/anaconda3/lib/python3.6/site-packages/rasa_core/run.py", line 196, in <module>
    _endpoints.nlu)
  File "/root/anaconda3/lib/python3.6/site-packages/rasa_core/interpreter.py", line 34, in create
    return RasaNLUInterpreter(model_directory=obj)
  File "/root/anaconda3/lib/python3.6/site-packages/rasa_core/interpreter.py", line 234, in __init__
    self._load_interpreter()
  File "/root/anaconda3/lib/python3.6/site-packages/rasa_core/interpreter.py", line 257, in _load_interpreter
    self.interpreter = Interpreter.load(self.model_directory)
  File "/root/anaconda3/lib/python3.6/site-packages/rasa_nlu/model.py", line 304, in load
    skip_validation)
  File "/root/anaconda3/lib/python3.6/site-packages/rasa_nlu/model.py", line 325, in create
    components.validate_requirements(model_metadata.component_classes)
  File "/root/anaconda3/lib/python3.6/site-packages/rasa_nlu/components.py", line 46, in validate_requirements
    "Please install {}".format(", ".join(failed_imports)))
Exception: Not all required packages are installed. To use this pipeline, you need to install the missing dependencies. Please install sklearn_crfsuite
:0: UserWarning: You do not have a working installation of the service_identity module: 'No module named 'service_identity''.  Please install it from <https://pypi.python.org/pypi/service_identity> and make sure all of its dependencies are satisfied.  Without the service_identity module, Twisted can perform only rudimentary TLS client hostname verification.  Many valid certificate/hostname mappings may be rejected.
/root/anaconda3/lib/python3.6/site-packages/tensorflow/python/framework/dtypes.py:526: FutureWarning: Passing (type, 1) or '1type' as a synonym of type is deprecated; in a future version of numpy, it will be understood as (type, (1,)) / '(1,)type'.
  _np_qint8 = np.dtype([("qint8", np.int8, 1)])
/root/anaconda3/lib/python3.6/site-packages/tensorflow/python/framework/dtypes.py:527: FutureWarning: Passing (type, 1) or '1type' as a synonym of type is deprecated; in a future version of numpy, it will be understood as (type, (1,)) / '(1,)type'.
  _np_quint8 = np.dtype([("quint8", np.uint8, 1)])
/root/anaconda3/lib/python3.6/site-packages/tensorflow/python/framework/dtypes.py:528: FutureWarning: Passing (type, 1) or '1type' as a synonym of type is deprecated; in a future version of numpy, it will be understood as (type, (1,)) / '(1,)type'.
  _np_qint16 = np.dtype([("qint16", np.int16, 1)])
/root/anaconda3/lib/python3.6/site-packages/tensorflow/python/framework/dtypes.py:529: FutureWarning: Passing (type, 1) or '1type' as a synonym of type is deprecated; in a future version of numpy, it will be understood as (type, (1,)) / '(1,)type'.
  _np_quint16 = np.dtype([("quint16", np.uint16, 1)])
/root/anaconda3/lib/python3.6/site-packages/tensorflow/python/framework/dtypes.py:530: FutureWarning: Passing (type, 1) or '1type' as a synonym of type is deprecated; in a future version of numpy, it will be understood as (type, (1,)) / '(1,)type'.
  _np_qint32 = np.dtype([("qint32", np.int32, 1)])
/root/anaconda3/lib/python3.6/site-packages/tensorflow/python/framework/dtypes.py:535: FutureWarning: Passing (type, 1) or '1type' as a synonym of type is deprecated; in a future version of numpy, it will be understood as (type, (1,)) / '(1,)type'.
  np_resource = np.dtype([("resource", np.ubyte, 1)])
/root/anaconda3/lib/python3.6/site-packages/h5py/__init__.py:36: FutureWarning: Conversion of the second argument of issubdtype from `float` to `np.floating` is deprecated. In future, it will be treated as `np.float64 == np.dtype(float).type`.
  from ._conv import register_converters as _register_converters
/root/anaconda3/lib/python3.6/runpy.py:125: RuntimeWarning: 'rasa_core.run' found in sys.modules after import of package 'rasa_core', but prior to execution of 'rasa_core.run'; this may result in unpredictable behaviour
  warn(RuntimeWarning(msg))
2019-12-25 14:52:16 INFO     root  - Rasa process starting
Traceback (most recent call last):
  File "/root/anaconda3/lib/python3.6/runpy.py", line 193, in _run_module_as_main
    "__main__", mod_spec)
  File "/root/anaconda3/lib/python3.6/runpy.py", line 85, in _run_code
    exec(code, run_globals)
  File "/root/anaconda3/lib/python3.6/site-packages/rasa_core/run.py", line 196, in <module>
    _endpoints.nlu)
  File "/root/anaconda3/lib/python3.6/site-packages/rasa_core/interpreter.py", line 34, in create
    return RasaNLUInterpreter(model_directory=obj)
  File "/root/anaconda3/lib/python3.6/site-packages/rasa_core/interpreter.py", line 234, in __init__
    self._load_interpreter()
  File "/root/anaconda3/lib/python3.6/site-packages/rasa_core/interpreter.py", line 257, in _load_interpreter
    self.interpreter = Interpreter.load(self.model_directory)
  File "/root/anaconda3/lib/python3.6/site-packages/rasa_nlu/model.py", line 304, in load
    skip_validation)
  File "/root/anaconda3/lib/python3.6/site-packages/rasa_nlu/model.py", line 325, in create
    components.validate_requirements(model_metadata.component_classes)
  File "/root/anaconda3/lib/python3.6/site-packages/rasa_nlu/components.py", line 46, in validate_requirements
    "Please install {}".format(", ".join(failed_imports)))
Exception: Not all required packages are installed. To use this pipeline, you need to install the missing dependencies. Please install sklearn_crfsuite
:0: UserWarning: You do not have a working installation of the service_identity module: 'No module named 'service_identity''.  Please install it from <https://pypi.python.org/pypi/service_identity> and make sure all of its dependencies are satisfied.  Without the service_identity module, Twisted can perform only rudimentary TLS client hostname verification.  Many valid certificate/hostname mappings may be rejected.
/root/anaconda3/lib/python3.6/site-packages/tensorflow/python/framework/dtypes.py:526: FutureWarning: Passing (type, 1) or '1type' as a synonym of type is deprecated; in a future version of numpy, it will be understood as (type, (1,)) / '(1,)type'.
  _np_qint8 = np.dtype([("qint8", np.int8, 1)])
/root/anaconda3/lib/python3.6/site-packages/tensorflow/python/framework/dtypes.py:527: FutureWarning: Passing (type, 1) or '1type' as a synonym of type is deprecated; in a future version of numpy, it will be understood as (type, (1,)) / '(1,)type'.
  _np_quint8 = np.dtype([("quint8", np.uint8, 1)])
/root/anaconda3/lib/python3.6/site-packages/tensorflow/python/framework/dtypes.py:528: FutureWarning: Passing (type, 1) or '1type' as a synonym of type is deprecated; in a future version of numpy, it will be understood as (type, (1,)) / '(1,)type'.
  _np_qint16 = np.dtype([("qint16", np.int16, 1)])
/root/anaconda3/lib/python3.6/site-packages/tensorflow/python/framework/dtypes.py:529: FutureWarning: Passing (type, 1) or '1type' as a synonym of type is deprecated; in a future version of numpy, it will be understood as (type, (1,)) / '(1,)type'.
  _np_quint16 = np.dtype([("quint16", np.uint16, 1)])
/root/anaconda3/lib/python3.6/site-packages/tensorflow/python/framework/dtypes.py:530: FutureWarning: Passing (type, 1) or '1type' as a synonym of type is deprecated; in a future version of numpy, it will be understood as (type, (1,)) / '(1,)type'.
  _np_qint32 = np.dtype([("qint32", np.int32, 1)])
/root/anaconda3/lib/python3.6/site-packages/tensorflow/python/framework/dtypes.py:535: FutureWarning: Passing (type, 1) or '1type' as a synonym of type is deprecated; in a future version of numpy, it will be understood as (type, (1,)) / '(1,)type'.
  np_resource = np.dtype([("resource", np.ubyte, 1)])
/root/anaconda3/lib/python3.6/site-packages/h5py/__init__.py:36: FutureWarning: Conversion of the second argument of issubdtype from `float` to `np.floating` is deprecated. In future, it will be treated as `np.float64 == np.dtype(float).type`.
  from ._conv import register_converters as _register_converters
/root/anaconda3/lib/python3.6/runpy.py:125: RuntimeWarning: 'rasa_core.run' found in sys.modules after import of package 'rasa_core', but prior to execution of 'rasa_core.run'; this may result in unpredictable behaviour
  warn(RuntimeWarning(msg))
2019-12-25 14:52:19 INFO     root  - Rasa process starting
Traceback (most recent call last):
  File "/root/anaconda3/lib/python3.6/runpy.py", line 193, in _run_module_as_main
    "__main__", mod_spec)
  File "/root/anaconda3/lib/python3.6/runpy.py", line 85, in _run_code
    exec(code, run_globals)
  File "/root/anaconda3/lib/python3.6/site-packages/rasa_core/run.py", line 196, in <module>
    _endpoints.nlu)
  File "/root/anaconda3/lib/python3.6/site-packages/rasa_core/interpreter.py", line 34, in create
    return RasaNLUInterpreter(model_directory=obj)
  File "/root/anaconda3/lib/python3.6/site-packages/rasa_core/interpreter.py", line 234, in __init__
    self._load_interpreter()
  File "/root/anaconda3/lib/python3.6/site-packages/rasa_core/interpreter.py", line 257, in _load_interpreter
    self.interpreter = Interpreter.load(self.model_directory)
  File "/root/anaconda3/lib/python3.6/site-packages/rasa_nlu/model.py", line 304, in load
    skip_validation)
  File "/root/anaconda3/lib/python3.6/site-packages/rasa_nlu/model.py", line 325, in create
    components.validate_requirements(model_metadata.component_classes)
  File "/root/anaconda3/lib/python3.6/site-packages/rasa_nlu/components.py", line 46, in validate_requirements
    "Please install {}".format(", ".join(failed_imports)))
Exception: Not all required packages are installed. To use this pipeline, you need to install the missing dependencies. Please install sklearn_crfsuite
:0: UserWarning: You do not have a working installation of the service_identity module: 'No module named 'service_identity''.  Please install it from <https://pypi.python.org/pypi/service_identity> and make sure all of its dependencies are satisfied.  Without the service_identity module, Twisted can perform only rudimentary TLS client hostname verification.  Many valid certificate/hostname mappings may be rejected.
/root/anaconda3/lib/python3.6/site-packages/tensorflow/python/framework/dtypes.py:526: FutureWarning: Passing (type, 1) or '1type' as a synonym of type is deprecated; in a future version of numpy, it will be understood as (type, (1,)) / '(1,)type'.
  _np_qint8 = np.dtype([("qint8", np.int8, 1)])
/root/anaconda3/lib/python3.6/site-packages/tensorflow/python/framework/dtypes.py:527: FutureWarning: Passing (type, 1) or '1type' as a synonym of type is deprecated; in a future version of numpy, it will be understood as (type, (1,)) / '(1,)type'.
  _np_quint8 = np.dtype([("quint8", np.uint8, 1)])
/root/anaconda3/lib/python3.6/site-packages/tensorflow/python/framework/dtypes.py:528: FutureWarning: Passing (type, 1) or '1type' as a synonym of type is deprecated; in a future version of numpy, it will be understood as (type, (1,)) / '(1,)type'.
  _np_qint16 = np.dtype([("qint16", np.int16, 1)])
/root/anaconda3/lib/python3.6/site-packages/tensorflow/python/framework/dtypes.py:529: FutureWarning: Passing (type, 1) or '1type' as a synonym of type is deprecated; in a future version of numpy, it will be understood as (type, (1,)) / '(1,)type'.
  _np_quint16 = np.dtype([("quint16", np.uint16, 1)])
/root/anaconda3/lib/python3.6/site-packages/tensorflow/python/framework/dtypes.py:530: FutureWarning: Passing (type, 1) or '1type' as a synonym of type is deprecated; in a future version of numpy, it will be understood as (type, (1,)) / '(1,)type'.
  _np_qint32 = np.dtype([("qint32", np.int32, 1)])
/root/anaconda3/lib/python3.6/site-packages/tensorflow/python/framework/dtypes.py:535: FutureWarning: Passing (type, 1) or '1type' as a synonym of type is deprecated; in a future version of numpy, it will be understood as (type, (1,)) / '(1,)type'.
  np_resource = np.dtype([("resource", np.ubyte, 1)])
/root/anaconda3/lib/python3.6/site-packages/h5py/__init__.py:36: FutureWarning: Conversion of the second argument of issubdtype from `float` to `np.floating` is deprecated. In future, it will be treated as `np.float64 == np.dtype(float).type`.
  from ._conv import register_converters as _register_converters
/root/anaconda3/lib/python3.6/runpy.py:125: RuntimeWarning: 'rasa_core.run' found in sys.modules after import of package 'rasa_core', but prior to execution of 'rasa_core.run'; this may result in unpredictable behaviour
  warn(RuntimeWarning(msg))
2019-12-25 14:52:22 INFO     root  - Rasa process starting
Traceback (most recent call last):
  File "/root/anaconda3/lib/python3.6/runpy.py", line 193, in _run_module_as_main
    "__main__", mod_spec)
  File "/root/anaconda3/lib/python3.6/runpy.py", line 85, in _run_code
    exec(code, run_globals)
  File "/root/anaconda3/lib/python3.6/site-packages/rasa_core/run.py", line 196, in <module>
    _endpoints.nlu)
  File "/root/anaconda3/lib/python3.6/site-packages/rasa_core/interpreter.py", line 34, in create
    return RasaNLUInterpreter(model_directory=obj)
  File "/root/anaconda3/lib/python3.6/site-packages/rasa_core/interpreter.py", line 234, in __init__
    self._load_interpreter()
  File "/root/anaconda3/lib/python3.6/site-packages/rasa_core/interpreter.py", line 257, in _load_interpreter
    self.interpreter = Interpreter.load(self.model_directory)
  File "/root/anaconda3/lib/python3.6/site-packages/rasa_nlu/model.py", line 304, in load
    skip_validation)
  File "/root/anaconda3/lib/python3.6/site-packages/rasa_nlu/model.py", line 325, in create
    components.validate_requirements(model_metadata.component_classes)
  File "/root/anaconda3/lib/python3.6/site-packages/rasa_nlu/components.py", line 46, in validate_requirements
    "Please install {}".format(", ".join(failed_imports)))
Exception: Not all required packages are installed. To use this pipeline, you need to install the missing dependencies. Please install sklearn_crfsuite
:0: UserWarning: You do not have a working installation of the service_identity module: 'No module named 'service_identity''.  Please install it from <https://pypi.python.org/pypi/service_identity> and make sure all of its dependencies are satisfied.  Without the service_identity module, Twisted can perform only rudimentary TLS client hostname verification.  Many valid certificate/hostname mappings may be rejected.
/root/anaconda3/lib/python3.6/site-packages/tensorflow/python/framework/dtypes.py:526: FutureWarning: Passing (type, 1) or '1type' as a synonym of type is deprecated; in a future version of numpy, it will be understood as (type, (1,)) / '(1,)type'.
  _np_qint8 = np.dtype([("qint8", np.int8, 1)])
/root/anaconda3/lib/python3.6/site-packages/tensorflow/python/framework/dtypes.py:527: FutureWarning: Passing (type, 1) or '1type' as a synonym of type is deprecated; in a future version of numpy, it will be understood as (type, (1,)) / '(1,)type'.
  _np_quint8 = np.dtype([("quint8", np.uint8, 1)])
/root/anaconda3/lib/python3.6/site-packages/tensorflow/python/framework/dtypes.py:528: FutureWarning: Passing (type, 1) or '1type' as a synonym of type is deprecated; in a future version of numpy, it will be understood as (type, (1,)) / '(1,)type'.
  _np_qint16 = np.dtype([("qint16", np.int16, 1)])
/root/anaconda3/lib/python3.6/site-packages/tensorflow/python/framework/dtypes.py:529: FutureWarning: Passing (type, 1) or '1type' as a synonym of type is deprecated; in a future version of numpy, it will be understood as (type, (1,)) / '(1,)type'.
  _np_quint16 = np.dtype([("quint16", np.uint16, 1)])
/root/anaconda3/lib/python3.6/site-packages/tensorflow/python/framework/dtypes.py:530: FutureWarning: Passing (type, 1) or '1type' as a synonym of type is deprecated; in a future version of numpy, it will be understood as (type, (1,)) / '(1,)type'.
  _np_qint32 = np.dtype([("qint32", np.int32, 1)])
/root/anaconda3/lib/python3.6/site-packages/tensorflow/python/framework/dtypes.py:535: FutureWarning: Passing (type, 1) or '1type' as a synonym of type is deprecated; in a future version of numpy, it will be understood as (type, (1,)) / '(1,)type'.
  np_resource = np.dtype([("resource", np.ubyte, 1)])
/root/anaconda3/lib/python3.6/site-packages/h5py/__init__.py:36: FutureWarning: Conversion of the second argument of issubdtype from `float` to `np.floating` is deprecated. In future, it will be treated as `np.float64 == np.dtype(float).type`.
  from ._conv import register_converters as _register_converters
/root/anaconda3/lib/python3.6/runpy.py:125: RuntimeWarning: 'rasa_core.run' found in sys.modules after import of package 'rasa_core', but prior to execution of 'rasa_core.run'; this may result in unpredictable behaviour
  warn(RuntimeWarning(msg))
2019-12-25 14:52:26 INFO     root  - Rasa process starting
Traceback (most recent call last):
  File "/root/anaconda3/lib/python3.6/runpy.py", line 193, in _run_module_as_main
    "__main__", mod_spec)
  File "/root/anaconda3/lib/python3.6/runpy.py", line 85, in _run_code
    exec(code, run_globals)
  File "/root/anaconda3/lib/python3.6/site-packages/rasa_core/run.py", line 196, in <module>
    _endpoints.nlu)
  File "/root/anaconda3/lib/python3.6/site-packages/rasa_core/interpreter.py", line 34, in create
    return RasaNLUInterpreter(model_directory=obj)
  File "/root/anaconda3/lib/python3.6/site-packages/rasa_core/interpreter.py", line 234, in __init__
    self._load_interpreter()
  File "/root/anaconda3/lib/python3.6/site-packages/rasa_core/interpreter.py", line 257, in _load_interpreter
    self.interpreter = Interpreter.load(self.model_directory)
  File "/root/anaconda3/lib/python3.6/site-packages/rasa_nlu/model.py", line 304, in load
    skip_validation)
  File "/root/anaconda3/lib/python3.6/site-packages/rasa_nlu/model.py", line 325, in create
    components.validate_requirements(model_metadata.component_classes)
  File "/root/anaconda3/lib/python3.6/site-packages/rasa_nlu/components.py", line 46, in validate_requirements
    "Please install {}".format(", ".join(failed_imports)))
Exception: Not all required packages are installed. To use this pipeline, you need to install the missing dependencies. Please install sklearn_crfsuite
:0: UserWarning: You do not have a working installation of the service_identity module: 'No module named 'service_identity''.  Please install it from <https://pypi.python.org/pypi/service_identity> and make sure all of its dependencies are satisfied.  Without the service_identity module, Twisted can perform only rudimentary TLS client hostname verification.  Many valid certificate/hostname mappings may be rejected.
/root/anaconda3/lib/python3.6/site-packages/tensorflow/python/framework/dtypes.py:526: FutureWarning: Passing (type, 1) or '1type' as a synonym of type is deprecated; in a future version of numpy, it will be understood as (type, (1,)) / '(1,)type'.
  _np_qint8 = np.dtype([("qint8", np.int8, 1)])
/root/anaconda3/lib/python3.6/site-packages/tensorflow/python/framework/dtypes.py:527: FutureWarning: Passing (type, 1) or '1type' as a synonym of type is deprecated; in a future version of numpy, it will be understood as (type, (1,)) / '(1,)type'.
  _np_quint8 = np.dtype([("quint8", np.uint8, 1)])
/root/anaconda3/lib/python3.6/site-packages/tensorflow/python/framework/dtypes.py:528: FutureWarning: Passing (type, 1) or '1type' as a synonym of type is deprecated; in a future version of numpy, it will be understood as (type, (1,)) / '(1,)type'.
  _np_qint16 = np.dtype([("qint16", np.int16, 1)])
/root/anaconda3/lib/python3.6/site-packages/tensorflow/python/framework/dtypes.py:529: FutureWarning: Passing (type, 1) or '1type' as a synonym of type is deprecated; in a future version of numpy, it will be understood as (type, (1,)) / '(1,)type'.
  _np_quint16 = np.dtype([("quint16", np.uint16, 1)])
/root/anaconda3/lib/python3.6/site-packages/tensorflow/python/framework/dtypes.py:530: FutureWarning: Passing (type, 1) or '1type' as a synonym of type is deprecated; in a future version of numpy, it will be understood as (type, (1,)) / '(1,)type'.
  _np_qint32 = np.dtype([("qint32", np.int32, 1)])
/root/anaconda3/lib/python3.6/site-packages/tensorflow/python/framework/dtypes.py:535: FutureWarning: Passing (type, 1) or '1type' as a synonym of type is deprecated; in a future version of numpy, it will be understood as (type, (1,)) / '(1,)type'.
  np_resource = np.dtype([("resource", np.ubyte, 1)])
/root/anaconda3/lib/python3.6/site-packages/h5py/__init__.py:36: FutureWarning: Conversion of the second argument of issubdtype from `float` to `np.floating` is deprecated. In future, it will be treated as `np.float64 == np.dtype(float).type`.
  from ._conv import register_converters as _register_converters
/root/anaconda3/lib/python3.6/runpy.py:125: RuntimeWarning: 'rasa_core.run' found in sys.modules after import of package 'rasa_core', but prior to execution of 'rasa_core.run'; this may result in unpredictable behaviour
  warn(RuntimeWarning(msg))
2019-12-25 14:52:29 INFO     root  - Rasa process starting
Traceback (most recent call last):
  File "/root/anaconda3/lib/python3.6/runpy.py", line 193, in _run_module_as_main
    "__main__", mod_spec)
  File "/root/anaconda3/lib/python3.6/runpy.py", line 85, in _run_code
    exec(code, run_globals)
  File "/root/anaconda3/lib/python3.6/site-packages/rasa_core/run.py", line 196, in <module>
    _endpoints.nlu)
  File "/root/anaconda3/lib/python3.6/site-packages/rasa_core/interpreter.py", line 34, in create
    return RasaNLUInterpreter(model_directory=obj)
  File "/root/anaconda3/lib/python3.6/site-packages/rasa_core/interpreter.py", line 234, in __init__
    self._load_interpreter()
  File "/root/anaconda3/lib/python3.6/site-packages/rasa_core/interpreter.py", line 257, in _load_interpreter
    self.interpreter = Interpreter.load(self.model_directory)
  File "/root/anaconda3/lib/python3.6/site-packages/rasa_nlu/model.py", line 304, in load
    skip_validation)
  File "/root/anaconda3/lib/python3.6/site-packages/rasa_nlu/model.py", line 325, in create
    components.validate_requirements(model_metadata.component_classes)
  File "/root/anaconda3/lib/python3.6/site-packages/rasa_nlu/components.py", line 46, in validate_requirements
    "Please install {}".format(", ".join(failed_imports)))
Exception: Not all required packages are installed. To use this pipeline, you need to install the missing dependencies. Please install sklearn_crfsuite
:0: UserWarning: You do not have a working installation of the service_identity module: 'No module named 'service_identity''.  Please install it from <https://pypi.python.org/pypi/service_identity> and make sure all of its dependencies are satisfied.  Without the service_identity module, Twisted can perform only rudimentary TLS client hostname verification.  Many valid certificate/hostname mappings may be rejected.
/root/anaconda3/lib/python3.6/site-packages/tensorflow/python/framework/dtypes.py:526: FutureWarning: Passing (type, 1) or '1type' as a synonym of type is deprecated; in a future version of numpy, it will be understood as (type, (1,)) / '(1,)type'.
  _np_qint8 = np.dtype([("qint8", np.int8, 1)])
/root/anaconda3/lib/python3.6/site-packages/tensorflow/python/framework/dtypes.py:527: FutureWarning: Passing (type, 1) or '1type' as a synonym of type is deprecated; in a future version of numpy, it will be understood as (type, (1,)) / '(1,)type'.
  _np_quint8 = np.dtype([("quint8", np.uint8, 1)])
/root/anaconda3/lib/python3.6/site-packages/tensorflow/python/framework/dtypes.py:528: FutureWarning: Passing (type, 1) or '1type' as a synonym of type is deprecated; in a future version of numpy, it will be understood as (type, (1,)) / '(1,)type'.
  _np_qint16 = np.dtype([("qint16", np.int16, 1)])
/root/anaconda3/lib/python3.6/site-packages/tensorflow/python/framework/dtypes.py:529: FutureWarning: Passing (type, 1) or '1type' as a synonym of type is deprecated; in a future version of numpy, it will be understood as (type, (1,)) / '(1,)type'.
  _np_quint16 = np.dtype([("quint16", np.uint16, 1)])
/root/anaconda3/lib/python3.6/site-packages/tensorflow/python/framework/dtypes.py:530: FutureWarning: Passing (type, 1) or '1type' as a synonym of type is deprecated; in a future version of numpy, it will be understood as (type, (1,)) / '(1,)type'.
  _np_qint32 = np.dtype([("qint32", np.int32, 1)])
/root/anaconda3/lib/python3.6/site-packages/tensorflow/python/framework/dtypes.py:535: FutureWarning: Passing (type, 1) or '1type' as a synonym of type is deprecated; in a future version of numpy, it will be understood as (type, (1,)) / '(1,)type'.
  np_resource = np.dtype([("resource", np.ubyte, 1)])
/root/anaconda3/lib/python3.6/site-packages/h5py/__init__.py:36: FutureWarning: Conversion of the second argument of issubdtype from `float` to `np.floating` is deprecated. In future, it will be treated as `np.float64 == np.dtype(float).type`.
  from ._conv import register_converters as _register_converters
/root/anaconda3/lib/python3.6/runpy.py:125: RuntimeWarning: 'rasa_core.run' found in sys.modules after import of package 'rasa_core', but prior to execution of 'rasa_core.run'; this may result in unpredictable behaviour
  warn(RuntimeWarning(msg))
2019-12-25 14:52:32 INFO     root  - Rasa process starting
Traceback (most recent call last):
  File "/root/anaconda3/lib/python3.6/runpy.py", line 193, in _run_module_as_main
    "__main__", mod_spec)
  File "/root/anaconda3/lib/python3.6/runpy.py", line 85, in _run_code
    exec(code, run_globals)
  File "/root/anaconda3/lib/python3.6/site-packages/rasa_core/run.py", line 196, in <module>
    _endpoints.nlu)
  File "/root/anaconda3/lib/python3.6/site-packages/rasa_core/interpreter.py", line 34, in create
    return RasaNLUInterpreter(model_directory=obj)
  File "/root/anaconda3/lib/python3.6/site-packages/rasa_core/interpreter.py", line 234, in __init__
    self._load_interpreter()
  File "/root/anaconda3/lib/python3.6/site-packages/rasa_core/interpreter.py", line 257, in _load_interpreter
    self.interpreter = Interpreter.load(self.model_directory)
  File "/root/anaconda3/lib/python3.6/site-packages/rasa_nlu/model.py", line 304, in load
    skip_validation)
  File "/root/anaconda3/lib/python3.6/site-packages/rasa_nlu/model.py", line 325, in create
    components.validate_requirements(model_metadata.component_classes)
  File "/root/anaconda3/lib/python3.6/site-packages/rasa_nlu/components.py", line 46, in validate_requirements
    "Please install {}".format(", ".join(failed_imports)))
Exception: Not all required packages are installed. To use this pipeline, you need to install the missing dependencies. Please install sklearn_crfsuite
:0: UserWarning: You do not have a working installation of the service_identity module: 'No module named 'service_identity''.  Please install it from <https://pypi.python.org/pypi/service_identity> and make sure all of its dependencies are satisfied.  Without the service_identity module, Twisted can perform only rudimentary TLS client hostname verification.  Many valid certificate/hostname mappings may be rejected.
/root/anaconda3/lib/python3.6/site-packages/tensorflow/python/framework/dtypes.py:526: FutureWarning: Passing (type, 1) or '1type' as a synonym of type is deprecated; in a future version of numpy, it will be understood as (type, (1,)) / '(1,)type'.
  _np_qint8 = np.dtype([("qint8", np.int8, 1)])
/root/anaconda3/lib/python3.6/site-packages/tensorflow/python/framework/dtypes.py:527: FutureWarning: Passing (type, 1) or '1type' as a synonym of type is deprecated; in a future version of numpy, it will be understood as (type, (1,)) / '(1,)type'.
  _np_quint8 = np.dtype([("quint8", np.uint8, 1)])
/root/anaconda3/lib/python3.6/site-packages/tensorflow/python/framework/dtypes.py:528: FutureWarning: Passing (type, 1) or '1type' as a synonym of type is deprecated; in a future version of numpy, it will be understood as (type, (1,)) / '(1,)type'.
  _np_qint16 = np.dtype([("qint16", np.int16, 1)])
/root/anaconda3/lib/python3.6/site-packages/tensorflow/python/framework/dtypes.py:529: FutureWarning: Passing (type, 1) or '1type' as a synonym of type is deprecated; in a future version of numpy, it will be understood as (type, (1,)) / '(1,)type'.
  _np_quint16 = np.dtype([("quint16", np.uint16, 1)])
/root/anaconda3/lib/python3.6/site-packages/tensorflow/python/framework/dtypes.py:530: FutureWarning: Passing (type, 1) or '1type' as a synonym of type is deprecated; in a future version of numpy, it will be understood as (type, (1,)) / '(1,)type'.
  _np_qint32 = np.dtype([("qint32", np.int32, 1)])
/root/anaconda3/lib/python3.6/site-packages/tensorflow/python/framework/dtypes.py:535: FutureWarning: Passing (type, 1) or '1type' as a synonym of type is deprecated; in a future version of numpy, it will be understood as (type, (1,)) / '(1,)type'.
  np_resource = np.dtype([("resource", np.ubyte, 1)])
/root/anaconda3/lib/python3.6/site-packages/h5py/__init__.py:36: FutureWarning: Conversion of the second argument of issubdtype from `float` to `np.floating` is deprecated. In future, it will be treated as `np.float64 == np.dtype(float).type`.
  from ._conv import register_converters as _register_converters
/root/anaconda3/lib/python3.6/runpy.py:125: RuntimeWarning: 'rasa_core.run' found in sys.modules after import of package 'rasa_core', but prior to execution of 'rasa_core.run'; this may result in unpredictable behaviour
  warn(RuntimeWarning(msg))
2019-12-25 14:52:36 INFO     root  - Rasa process starting
Traceback (most recent call last):
  File "/root/anaconda3/lib/python3.6/runpy.py", line 193, in _run_module_as_main
    "__main__", mod_spec)
  File "/root/anaconda3/lib/python3.6/runpy.py", line 85, in _run_code
    exec(code, run_globals)
  File "/root/anaconda3/lib/python3.6/site-packages/rasa_core/run.py", line 196, in <module>
    _endpoints.nlu)
  File "/root/anaconda3/lib/python3.6/site-packages/rasa_core/interpreter.py", line 34, in create
    return RasaNLUInterpreter(model_directory=obj)
  File "/root/anaconda3/lib/python3.6/site-packages/rasa_core/interpreter.py", line 234, in __init__
    self._load_interpreter()
  File "/root/anaconda3/lib/python3.6/site-packages/rasa_core/interpreter.py", line 257, in _load_interpreter
    self.interpreter = Interpreter.load(self.model_directory)
  File "/root/anaconda3/lib/python3.6/site-packages/rasa_nlu/model.py", line 304, in load
    skip_validation)
  File "/root/anaconda3/lib/python3.6/site-packages/rasa_nlu/model.py", line 325, in create
    components.validate_requirements(model_metadata.component_classes)
  File "/root/anaconda3/lib/python3.6/site-packages/rasa_nlu/components.py", line 46, in validate_requirements
    "Please install {}".format(", ".join(failed_imports)))
Exception: Not all required packages are installed. To use this pipeline, you need to install the missing dependencies. Please install sklearn_crfsuite
:0: UserWarning: You do not have a working installation of the service_identity module: 'No module named 'service_identity''.  Please install it from <https://pypi.python.org/pypi/service_identity> and make sure all of its dependencies are satisfied.  Without the service_identity module, Twisted can perform only rudimentary TLS client hostname verification.  Many valid certificate/hostname mappings may be rejected.
/root/anaconda3/lib/python3.6/site-packages/tensorflow/python/framework/dtypes.py:526: FutureWarning: Passing (type, 1) or '1type' as a synonym of type is deprecated; in a future version of numpy, it will be understood as (type, (1,)) / '(1,)type'.
  _np_qint8 = np.dtype([("qint8", np.int8, 1)])
/root/anaconda3/lib/python3.6/site-packages/tensorflow/python/framework/dtypes.py:527: FutureWarning: Passing (type, 1) or '1type' as a synonym of type is deprecated; in a future version of numpy, it will be understood as (type, (1,)) / '(1,)type'.
  _np_quint8 = np.dtype([("quint8", np.uint8, 1)])
/root/anaconda3/lib/python3.6/site-packages/tensorflow/python/framework/dtypes.py:528: FutureWarning: Passing (type, 1) or '1type' as a synonym of type is deprecated; in a future version of numpy, it will be understood as (type, (1,)) / '(1,)type'.
  _np_qint16 = np.dtype([("qint16", np.int16, 1)])
/root/anaconda3/lib/python3.6/site-packages/tensorflow/python/framework/dtypes.py:529: FutureWarning: Passing (type, 1) or '1type' as a synonym of type is deprecated; in a future version of numpy, it will be understood as (type, (1,)) / '(1,)type'.
  _np_quint16 = np.dtype([("quint16", np.uint16, 1)])
/root/anaconda3/lib/python3.6/site-packages/tensorflow/python/framework/dtypes.py:530: FutureWarning: Passing (type, 1) or '1type' as a synonym of type is deprecated; in a future version of numpy, it will be understood as (type, (1,)) / '(1,)type'.
  _np_qint32 = np.dtype([("qint32", np.int32, 1)])
/root/anaconda3/lib/python3.6/site-packages/tensorflow/python/framework/dtypes.py:535: FutureWarning: Passing (type, 1) or '1type' as a synonym of type is deprecated; in a future version of numpy, it will be understood as (type, (1,)) / '(1,)type'.
  np_resource = np.dtype([("resource", np.ubyte, 1)])
/root/anaconda3/lib/python3.6/site-packages/h5py/__init__.py:36: FutureWarning: Conversion of the second argument of issubdtype from `float` to `np.floating` is deprecated. In future, it will be treated as `np.float64 == np.dtype(float).type`.
  from ._conv import register_converters as _register_converters
/root/anaconda3/lib/python3.6/runpy.py:125: RuntimeWarning: 'rasa_core.run' found in sys.modules after import of package 'rasa_core', but prior to execution of 'rasa_core.run'; this may result in unpredictable behaviour
  warn(RuntimeWarning(msg))
2019-12-25 14:52:39 INFO     root  - Rasa process starting
Traceback (most recent call last):
  File "/root/anaconda3/lib/python3.6/runpy.py", line 193, in _run_module_as_main
    "__main__", mod_spec)
  File "/root/anaconda3/lib/python3.6/runpy.py", line 85, in _run_code
    exec(code, run_globals)
  File "/root/anaconda3/lib/python3.6/site-packages/rasa_core/run.py", line 196, in <module>
    _endpoints.nlu)
  File "/root/anaconda3/lib/python3.6/site-packages/rasa_core/interpreter.py", line 34, in create
    return RasaNLUInterpreter(model_directory=obj)
  File "/root/anaconda3/lib/python3.6/site-packages/rasa_core/interpreter.py", line 234, in __init__
    self._load_interpreter()
  File "/root/anaconda3/lib/python3.6/site-packages/rasa_core/interpreter.py", line 257, in _load_interpreter
    self.interpreter = Interpreter.load(self.model_directory)
  File "/root/anaconda3/lib/python3.6/site-packages/rasa_nlu/model.py", line 304, in load
    skip_validation)
  File "/root/anaconda3/lib/python3.6/site-packages/rasa_nlu/model.py", line 325, in create
    components.validate_requirements(model_metadata.component_classes)
  File "/root/anaconda3/lib/python3.6/site-packages/rasa_nlu/components.py", line 46, in validate_requirements
    "Please install {}".format(", ".join(failed_imports)))
Exception: Not all required packages are installed. To use this pipeline, you need to install the missing dependencies. Please install sklearn_crfsuite
:0: UserWarning: You do not have a working installation of the service_identity module: 'No module named 'service_identity''.  Please install it from <https://pypi.python.org/pypi/service_identity> and make sure all of its dependencies are satisfied.  Without the service_identity module, Twisted can perform only rudimentary TLS client hostname verification.  Many valid certificate/hostname mappings may be rejected.
/root/anaconda3/lib/python3.6/site-packages/tensorflow/python/framework/dtypes.py:526: FutureWarning: Passing (type, 1) or '1type' as a synonym of type is deprecated; in a future version of numpy, it will be understood as (type, (1,)) / '(1,)type'.
  _np_qint8 = np.dtype([("qint8", np.int8, 1)])
/root/anaconda3/lib/python3.6/site-packages/tensorflow/python/framework/dtypes.py:527: FutureWarning: Passing (type, 1) or '1type' as a synonym of type is deprecated; in a future version of numpy, it will be understood as (type, (1,)) / '(1,)type'.
  _np_quint8 = np.dtype([("quint8", np.uint8, 1)])
/root/anaconda3/lib/python3.6/site-packages/tensorflow/python/framework/dtypes.py:528: FutureWarning: Passing (type, 1) or '1type' as a synonym of type is deprecated; in a future version of numpy, it will be understood as (type, (1,)) / '(1,)type'.
  _np_qint16 = np.dtype([("qint16", np.int16, 1)])
/root/anaconda3/lib/python3.6/site-packages/tensorflow/python/framework/dtypes.py:529: FutureWarning: Passing (type, 1) or '1type' as a synonym of type is deprecated; in a future version of numpy, it will be understood as (type, (1,)) / '(1,)type'.
  _np_quint16 = np.dtype([("quint16", np.uint16, 1)])
/root/anaconda3/lib/python3.6/site-packages/tensorflow/python/framework/dtypes.py:530: FutureWarning: Passing (type, 1) or '1type' as a synonym of type is deprecated; in a future version of numpy, it will be understood as (type, (1,)) / '(1,)type'.
  _np_qint32 = np.dtype([("qint32", np.int32, 1)])
/root/anaconda3/lib/python3.6/site-packages/tensorflow/python/framework/dtypes.py:535: FutureWarning: Passing (type, 1) or '1type' as a synonym of type is deprecated; in a future version of numpy, it will be understood as (type, (1,)) / '(1,)type'.
  np_resource = np.dtype([("resource", np.ubyte, 1)])
/root/anaconda3/lib/python3.6/site-packages/h5py/__init__.py:36: FutureWarning: Conversion of the second argument of issubdtype from `float` to `np.floating` is deprecated. In future, it will be treated as `np.float64 == np.dtype(float).type`.
  from ._conv import register_converters as _register_converters
/root/anaconda3/lib/python3.6/runpy.py:125: RuntimeWarning: 'rasa_core.run' found in sys.modules after import of package 'rasa_core', but prior to execution of 'rasa_core.run'; this may result in unpredictable behaviour
  warn(RuntimeWarning(msg))
2019-12-25 14:52:43 INFO     root  - Rasa process starting
Traceback (most recent call last):
  File "/root/anaconda3/lib/python3.6/runpy.py", line 193, in _run_module_as_main
    "__main__", mod_spec)
  File "/root/anaconda3/lib/python3.6/runpy.py", line 85, in _run_code
    exec(code, run_globals)
  File "/root/anaconda3/lib/python3.6/site-packages/rasa_core/run.py", line 196, in <module>
    _endpoints.nlu)
  File "/root/anaconda3/lib/python3.6/site-packages/rasa_core/interpreter.py", line 34, in create
    return RasaNLUInterpreter(model_directory=obj)
  File "/root/anaconda3/lib/python3.6/site-packages/rasa_core/interpreter.py", line 234, in __init__
    self._load_interpreter()
  File "/root/anaconda3/lib/python3.6/site-packages/rasa_core/interpreter.py", line 257, in _load_interpreter
    self.interpreter = Interpreter.load(self.model_directory)
  File "/root/anaconda3/lib/python3.6/site-packages/rasa_nlu/model.py", line 304, in load
    skip_validation)
  File "/root/anaconda3/lib/python3.6/site-packages/rasa_nlu/model.py", line 325, in create
    components.validate_requirements(model_metadata.component_classes)
  File "/root/anaconda3/lib/python3.6/site-packages/rasa_nlu/components.py", line 46, in validate_requirements
    "Please install {}".format(", ".join(failed_imports)))
Exception: Not all required packages are installed. To use this pipeline, you need to install the missing dependencies. Please install sklearn_crfsuite
